<?xml version="1.0" encoding="UTF-8"?>
<!-- Generated by org.testng.reporters.JUnitXMLReporter -->
<testsuite ignored="0" hostname="LAPTOP-O877SD89" failures="0" tests="20" name="E2E and FormValidation Tests Edge Test" time="0.546" errors="0" timestamp="2025-10-23T21:27:33 IST">
  <testcase classname="kerala_Tourism_Automation_Selenide_Java.Base" name="@BeforeClass setUp" time="0.032">
    <failure type="java.lang.Error" message="Unresolved compilation problem: 
	The method enableLogs(LogType, Level) in the type AllureSelenide is not applicable for the arguments (boolean)
">
      <![CDATA[java.lang.Error: Unresolved compilation problem: 
The method enableLogs(LogType, Level) in the type AllureSelenide is not applicable for the arguments (boolean)

at kerala_Tourism_Automation_Selenide_Java.Base.setUp(Base.java:36)
at java.base/java.util.ArrayList.forEach(ArrayList.java:1596)
at java.base/java.util.concurrent.FutureTask.run(FutureTask.java:317)
at java.base/java.util.concurrent.ThreadPoolExecutor.runWorker(ThreadPoolExecutor.java:1144)
at java.base/java.util.concurrent.ThreadPoolExecutor$Worker.run(ThreadPoolExecutor.java:642)
at java.base/java.lang.Thread.run(Thread.java:1583)
... Removed 13 stack frames]]>
    </failure>
  </testcase> <!-- @BeforeClass setUp -->
  <testcase classname="kerala_Tourism_Automation_Selenide_Java.Base" name="@BeforeClass setUp" time="0.001">
    <failure type="java.lang.Error" message="Unresolved compilation problem: 
	The method enableLogs(LogType, Level) in the type AllureSelenide is not applicable for the arguments (boolean)
">
      <![CDATA[java.lang.Error: Unresolved compilation problem: 
The method enableLogs(LogType, Level) in the type AllureSelenide is not applicable for the arguments (boolean)

at kerala_Tourism_Automation_Selenide_Java.Base.setUp(Base.java:36)
at java.base/java.util.ArrayList.forEach(ArrayList.java:1596)
at java.base/java.util.concurrent.FutureTask.run(FutureTask.java:317)
at java.base/java.util.concurrent.ThreadPoolExecutor.runWorker(ThreadPoolExecutor.java:1144)
at java.base/java.util.concurrent.ThreadPoolExecutor$Worker.run(ThreadPoolExecutor.java:642)
at java.base/java.lang.Thread.run(Thread.java:1583)
... Removed 13 stack frames]]>
    </failure>
  </testcase> <!-- @BeforeClass setUp -->
  <testcase classname="kerala_Tourism_Automation_Selenide_Java.Base" name="@BeforeClass setUp" time="0.0">
    <failure type="java.lang.Error" message="Unresolved compilation problem: 
	The method enableLogs(LogType, Level) in the type AllureSelenide is not applicable for the arguments (boolean)
">
      <![CDATA[java.lang.Error: Unresolved compilation problem: 
The method enableLogs(LogType, Level) in the type AllureSelenide is not applicable for the arguments (boolean)

at kerala_Tourism_Automation_Selenide_Java.Base.setUp(Base.java:36)
at java.base/java.util.ArrayList.forEach(ArrayList.java:1596)
at java.base/java.util.concurrent.FutureTask.run(FutureTask.java:317)
at java.base/java.util.concurrent.ThreadPoolExecutor.runWorker(ThreadPoolExecutor.java:1144)
at java.base/java.util.concurrent.ThreadPoolExecutor$Worker.run(ThreadPoolExecutor.java:642)
at java.base/java.lang.Thread.run(Thread.java:1583)
... Removed 13 stack frames]]>
    </failure>
  </testcase> <!-- @BeforeClass setUp -->
  <testcase classname="kerala_Tourism_Automation_Selenide_Java.Base" name="@BeforeClass setUp" time="0.0">
    <failure type="java.lang.Error" message="Unresolved compilation problem: 
	The method enableLogs(LogType, Level) in the type AllureSelenide is not applicable for the arguments (boolean)
">
      <![CDATA[java.lang.Error: Unresolved compilation problem: 
The method enableLogs(LogType, Level) in the type AllureSelenide is not applicable for the arguments (boolean)

at kerala_Tourism_Automation_Selenide_Java.Base.setUp(Base.java:36)
at java.base/java.util.ArrayList.forEach(ArrayList.java:1596)
at java.base/java.util.concurrent.FutureTask.run(FutureTask.java:317)
at java.base/java.util.concurrent.ThreadPoolExecutor.runWorker(ThreadPoolExecutor.java:1144)
at java.base/java.util.concurrent.ThreadPoolExecutor$Worker.run(ThreadPoolExecutor.java:642)
at java.base/java.lang.Thread.run(Thread.java:1583)
... Removed 13 stack frames]]>
    </failure>
  </testcase> <!-- @BeforeClass setUp -->
  <testcase classname="kerala_Tourism_Automation_Selenide_Java.FormValidation" name="loginBothEmptyFields" time="0.0">
    <skipped/>
  </testcase> <!-- loginBothEmptyFields -->
  <testcase classname="kerala_Tourism_Automation_Selenide_Java.FormValidation" name="loginEmptyEmail" time="0.0">
    <skipped/>
  </testcase> <!-- loginEmptyEmail -->
  <testcase classname="kerala_Tourism_Automation_Selenide_Java.FormValidation" name="loginEmptyPassword" time="0.0">
    <skipped/>
  </testcase> <!-- loginEmptyPassword -->
  <testcase classname="kerala_Tourism_Automation_Selenide_Java.FormValidation" name="loginInvalidEmail" time="0.0">
    <skipped/>
  </testcase> <!-- loginInvalidEmail -->
  <testcase classname="kerala_Tourism_Automation_Selenide_Java.FormValidation" name="loginInvalidPassword" time="0.0">
    <skipped/>
  </testcase> <!-- loginInvalidPassword -->
  <testcase classname="kerala_Tourism_Automation_Selenide_Java.FormValidation" name="signupEmptyEmail" time="0.0">
    <skipped/>
  </testcase> <!-- signupEmptyEmail -->
  <testcase classname="kerala_Tourism_Automation_Selenide_Java.FormValidation" name="signupEmptyName" time="0.0">
    <skipped/>
  </testcase> <!-- signupEmptyName -->
  <testcase classname="kerala_Tourism_Automation_Selenide_Java.FormValidation" name="signupEmptyPassword1" time="0.0">
    <skipped/>
  </testcase> <!-- signupEmptyPassword1 -->
  <testcase classname="kerala_Tourism_Automation_Selenide_Java.FormValidation" name="signupEmptyPassword2" time="0.0">
    <skipped/>
  </testcase> <!-- signupEmptyPassword2 -->
  <testcase classname="kerala_Tourism_Automation_Selenide_Java.FormValidation" name="signupPasswordMismatch" time="0.0">
    <skipped/>
  </testcase> <!-- signupPasswordMismatch -->
  <testcase classname="kerala_Tourism_Automation_Selenide_Java.FormValidation" name="validatingLoginForm" time="0.0">
    <skipped/>
  </testcase> <!-- validatingLoginForm -->
  <testcase classname="kerala_Tourism_Automation_Selenide_Java.PerformanceTestUsingPageLoadTime" name="measurePageLoadTime" time="0.001">
    <skipped/>
  </testcase> <!-- measurePageLoadTime -->
  <testcase classname="kerala_Tourism_Automation_Selenide_Java.ResponsiveUITest" name="verifyResponsiveLayouts" time="0.0">
    <skipped/>
  </testcase> <!-- verifyResponsiveLayouts -->
  <testcase classname="kerala_Tourism_Automation_Selenide_Java.ResponsiveUITest" name="verifyResponsiveLayouts" time="0.0">
    <skipped/>
  </testcase> <!-- verifyResponsiveLayouts -->
  <testcase classname="kerala_Tourism_Automation_Selenide_Java.ResponsiveUITest" name="verifyResponsiveLayouts" time="0.0">
    <skipped/>
  </testcase> <!-- verifyResponsiveLayouts -->
  <testcase classname="kerala_Tourism_Automation_Selenide_Java.ResponsiveUITest" name="verifyResponsiveLayouts" time="0.0">
    <skipped/>
  </testcase> <!-- verifyResponsiveLayouts -->
  <testcase classname="kerala_Tourism_Automation_Selenide_Java.E2EUserJourney" name="verifyHomePage" time="0.0">
    <skipped/>
  </testcase> <!-- verifyHomePage -->
  <testcase classname="kerala_Tourism_Automation_Selenide_Java.E2EUserJourney" name="performSignUp" time="0.0">
    <skipped/>
  </testcase> <!-- performSignUp -->
  <testcase classname="kerala_Tourism_Automation_Selenide_Java.E2EUserJourney" name="performLogin" time="0.0">
    <skipped/>
  </testcase> <!-- performLogin -->
  <testcase classname="kerala_Tourism_Automation_Selenide_Java.E2EUserJourney" name="exploreDistricts" time="0.0">
    <skipped/>
  </testcase> <!-- exploreDistricts -->
</testsuite> <!-- E2E and FormValidation Tests Edge Test -->
