<?xml version="1.0" encoding="UTF-8"?>
<!-- Generated by org.testng.reporters.JUnitXMLReporter -->
<testsuite ignored="0" hostname="LAPTOP-O877SD89" failures="3" tests="20" name="E2E and FormValidation Tests" time="44.09" errors="0" timestamp="2025-10-20T14:04:53 IST">
  <testcase classname="kerala_Tourism_Automation_Selenide_Java.E2EUserJourney" name="verifyHomePage" time="0.113"/>
  <testcase classname="kerala_Tourism_Automation_Selenide_Java.E2EUserJourney" name="performSignUp" time="1.572"/>
  <testcase classname="kerala_Tourism_Automation_Selenide_Java.E2EUserJourney" name="performLogin" time="3.117"/>
  <testcase classname="kerala_Tourism_Automation_Selenide_Java.E2EUserJourney" name="exploreDistricts" time="0.033">
    <failure type="java.lang.StackOverflowError">
      <![CDATA[java.lang.StackOverflowError
at java.base/java.lang.StringBuilder.<init>(StringBuilder.java:131)
at kerala_Tourism_Automation_Selenide_Java.Pages.DistrictsPage.open(DistrictsPage.java:11)
at kerala_Tourism_Automation_Selenide_Java.Pages.DistrictsPage.open(DistrictsPage.java:11)
at kerala_Tourism_Automation_Selenide_Java.Pages.DistrictsPage.open(DistrictsPage.java:11)
at kerala_Tourism_Automation_Selenide_Java.Pages.DistrictsPage.open(DistrictsPage.java:11)
at kerala_Tourism_Automation_Selenide_Java.Pages.DistrictsPage.open(DistrictsPage.java:11)
at kerala_Tourism_Automation_Selenide_Java.Pages.DistrictsPage.open(DistrictsPage.java:11)
at kerala_Tourism_Automation_Selenide_Java.Pages.DistrictsPage.open(DistrictsPage.java:11)
at kerala_Tourism_Automation_Selenide_Java.Pages.DistrictsPage.open(DistrictsPage.java:11)
at kerala_Tourism_Automation_Selenide_Java.Pages.DistrictsPage.open(DistrictsPage.java:11)
at kerala_Tourism_Automation_Selenide_Java.Pages.DistrictsPage.open(DistrictsPage.java:11)
at kerala_Tourism_Automation_Selenide_Java.Pages.DistrictsPage.open(DistrictsPage.java:11)
at kerala_Tourism_Automation_Selenide_Java.Pages.DistrictsPage.open(DistrictsPage.java:11)
at kerala_Tourism_Automation_Selenide_Java.Pages.DistrictsPage.open(DistrictsPage.java:11)
at kerala_Tourism_Automation_Selenide_Java.Pages.DistrictsPage.open(DistrictsPage.java:11)
at kerala_Tourism_Automation_Selenide_Java.Pages.DistrictsPage.open(DistrictsPage.java:11)
at kerala_Tourism_Automation_Selenide_Java.Pages.DistrictsPage.open(DistrictsPage.java:11)
at kerala_Tourism_Automation_Selenide_Java.Pages.DistrictsPage.open(DistrictsPage.java:11)
at kerala_Tourism_Automation_Selenide_Java.Pages.DistrictsPage.open(DistrictsPage.java:11)
at kerala_Tourism_Automation_Selenide_Java.Pages.DistrictsPage.open(DistrictsPage.java:11)
at kerala_Tourism_Automation_Selenide_Java.Pages.DistrictsPage.open(DistrictsPage.java:11)
at kerala_Tourism_Automation_Selenide_Java.Pages.DistrictsPage.open(DistrictsPage.java:11)
at kerala_Tourism_Automation_Selenide_Java.Pages.DistrictsPage.open(DistrictsPage.java:11)
at kerala_Tourism_Automation_Selenide_Java.Pages.DistrictsPage.open(DistrictsPage.java:11)
at kerala_Tourism_Automation_Selenide_Java.Pages.DistrictsPage.open(DistrictsPage.java:11)
at kerala_Tourism_Automation_Selenide_Java.Pages.DistrictsPage.open(DistrictsPage.java:11)
at kerala_Tourism_Automation_Selenide_Java.Pages.DistrictsPage.open(DistrictsPage.java:11)
at kerala_Tourism_Automation_Selenide_Java.Pages.DistrictsPage.open(DistrictsPage.java:11)
at kerala_Tourism_Automation_Selenide_Java.Pages.DistrictsPage.open(DistrictsPage.java:11)
at kerala_Tourism_Automation_Selenide_Java.Pages.DistrictsPage.open(DistrictsPage.java:11)
at kerala_Tourism_Automation_Selenide_Java.Pages.DistrictsPage.open(DistrictsPage.java:11)
at kerala_Tourism_Automation_Selenide_Java.Pages.DistrictsPage.open(DistrictsPage.java:11)
at kerala_Tourism_Automation_Selenide_Java.Pages.DistrictsPage.open(DistrictsPage.java:11)
at kerala_Tourism_Automation_Selenide_Java.Pages.DistrictsPage.open(DistrictsPage.java:11)
at kerala_Tourism_Automation_Selenide_Java.Pages.DistrictsPage.open(DistrictsPage.java:11)
at kerala_Tourism_Automation_Selenide_Java.Pages.DistrictsPage.open(DistrictsPage.java:11)
at kerala_Tourism_Automation_Selenide_Java.Pages.DistrictsPage.open(DistrictsPage.java:11)
at kerala_Tourism_Automation_Selenide_Java.Pages.DistrictsPage.open(DistrictsPage.java:11)
at kerala_Tourism_Automation_Selenide_Java.Pages.DistrictsPage.open(DistrictsPage.java:11)
at kerala_Tourism_Automation_Selenide_Java.Pages.DistrictsPage.open(DistrictsPage.java:11)
at kerala_Tourism_Automation_Selenide_Java.Pages.DistrictsPage.open(DistrictsPage.java:11)
at kerala_Tourism_Automation_Selenide_Java.Pages.DistrictsPage.open(DistrictsPage.java:11)
at kerala_Tourism_Automation_Selenide_Java.Pages.DistrictsPage.open(DistrictsPage.java:11)
at kerala_Tourism_Automation_Selenide_Java.Pages.DistrictsPage.open(DistrictsPage.java:11)
at kerala_Tourism_Automation_Selenide_Java.Pages.DistrictsPage.open(DistrictsPage.java:11)
at kerala_Tourism_Automation_Selenide_Java.Pages.DistrictsPage.open(DistrictsPage.java:11)
at kerala_Tourism_Automation_Selenide_Java.Pages.DistrictsPage.open(DistrictsPage.java:11)
at kerala_Tourism_Automation_Selenide_Java.Pages.DistrictsPage.open(DistrictsPage.java:11)
at kerala_Tourism_Automation_Selenide_Java.Pages.DistrictsPage.open(DistrictsPage.java:11)
at kerala_Tourism_Automation_Selenide_Java.Pages.DistrictsPage.open(DistrictsPage.java:11)
at kerala_Tourism_Automation_Selenide_Java.Pages.DistrictsPage.open(DistrictsPage.java:11)
at kerala_Tourism_Automation_Selenide_Java.Pages.DistrictsPage.open(DistrictsPage.java:11)
at kerala_Tourism_Automation_Selenide_Java.Pages.DistrictsPage.open(DistrictsPage.java:11)
at kerala_Tourism_Automation_Selenide_Java.Pages.DistrictsPage.open(DistrictsPage.java:11)
at kerala_Tourism_Automation_Selenide_Java.Pages.DistrictsPage.open(DistrictsPage.java:11)
at kerala_Tourism_Automation_Selenide_Java.Pages.DistrictsPage.open(DistrictsPage.java:11)
at kerala_Tourism_Automation_Selenide_Java.Pages.DistrictsPage.open(DistrictsPage.java:11)
at kerala_Tourism_Automation_Selenide_Java.Pages.DistrictsPage.open(DistrictsPage.java:11)
at kerala_Tourism_Automation_Selenide_Java.Pages.DistrictsPage.open(DistrictsPage.java:11)
at kerala_Tourism_Automation_Selenide_Java.Pages.DistrictsPage.open(DistrictsPage.java:11)
at kerala_Tourism_Automation_Selenide_Java.Pages.DistrictsPage.open(DistrictsPage.java:11)
at kerala_Tourism_Automation_Selenide_Java.Pages.DistrictsPage.open(DistrictsPage.java:11)
at kerala_Tourism_Automation_Selenide_Java.Pages.DistrictsPage.open(DistrictsPage.java:11)
at kerala_Tourism_Automation_Selenide_Java.Pages.DistrictsPage.open(DistrictsPage.java:11)
at kerala_Tourism_Automation_Selenide_Java.Pages.DistrictsPage.open(DistrictsPage.java:11)
at kerala_Tourism_Automation_Selenide_Java.Pages.DistrictsPage.open(DistrictsPage.java:11)
at kerala_Tourism_Automation_Selenide_Java.Pages.DistrictsPage.open(DistrictsPage.java:11)
at kerala_Tourism_Automation_Selenide_Java.Pages.DistrictsPage.open(DistrictsPage.java:11)
at kerala_Tourism_Automation_Selenide_Java.Pages.DistrictsPage.open(DistrictsPage.java:11)
at kerala_Tourism_Automation_Selenide_Java.Pages.DistrictsPage.open(DistrictsPage.java:11)
at kerala_Tourism_Automation_Selenide_Java.Pages.DistrictsPage.open(DistrictsPage.java:11)
at kerala_Tourism_Automation_Selenide_Java.Pages.DistrictsPage.open(DistrictsPage.java:11)
at kerala_Tourism_Automation_Selenide_Java.Pages.DistrictsPage.open(DistrictsPage.java:11)
at kerala_Tourism_Automation_Selenide_Java.Pages.DistrictsPage.open(DistrictsPage.java:11)
at kerala_Tourism_Automation_Selenide_Java.Pages.DistrictsPage.open(DistrictsPage.java:11)
at kerala_Tourism_Automation_Selenide_Java.Pages.DistrictsPage.open(DistrictsPage.java:11)
at kerala_Tourism_Automation_Selenide_Java.Pages.DistrictsPage.open(DistrictsPage.java:11)
at kerala_Tourism_Automation_Selenide_Java.Pages.DistrictsPage.open(DistrictsPage.java:11)
at kerala_Tourism_Automation_Selenide_Java.Pages.DistrictsPage.open(DistrictsPage.java:11)
at kerala_Tourism_Automation_Selenide_Java.Pages.DistrictsPage.open(DistrictsPage.java:11)
at kerala_Tourism_Automation_Selenide_Java.Pages.DistrictsPage.open(DistrictsPage.java:11)
at kerala_Tourism_Automation_Selenide_Java.Pages.DistrictsPage.open(DistrictsPage.java:11)
at kerala_Tourism_Automation_Selenide_Java.Pages.DistrictsPage.open(DistrictsPage.java:11)
at kerala_Tourism_Automation_Selenide_Java.Pages.DistrictsPage.open(DistrictsPage.java:11)
at kerala_Tourism_Automation_Selenide_Java.Pages.DistrictsPage.open(DistrictsPage.java:11)
at kerala_Tourism_Automation_Selenide_Java.Pages.DistrictsPage.open(DistrictsPage.java:11)
at kerala_Tourism_Automation_Selenide_Java.Pages.DistrictsPage.open(DistrictsPage.java:11)
at kerala_Tourism_Automation_Selenide_Java.Pages.DistrictsPage.open(DistrictsPage.java:11)
at kerala_Tourism_Automation_Selenide_Java.Pages.DistrictsPage.open(DistrictsPage.java:11)
at kerala_Tourism_Automation_Selenide_Java.Pages.DistrictsPage.open(DistrictsPage.java:11)
at kerala_Tourism_Automation_Selenide_Java.Pages.DistrictsPage.open(DistrictsPage.java:11)
at kerala_Tourism_Automation_Selenide_Java.Pages.DistrictsPage.open(DistrictsPage.java:11)
at kerala_Tourism_Automation_Selenide_Java.Pages.DistrictsPage.open(DistrictsPage.java:11)
at kerala_Tourism_Automation_Selenide_Java.Pages.DistrictsPage.open(DistrictsPage.java:11)
at kerala_Tourism_Automation_Selenide_Java.Pages.DistrictsPage.open(DistrictsPage.java:11)
at kerala_Tourism_Automation_Selenide_Java.Pages.DistrictsPage.open(DistrictsPage.java:11)
at kerala_Tourism_Automation_Selenide_Java.Pages.DistrictsPage.open(DistrictsPage.java:11)
at kerala_Tourism_Automation_Selenide_Java.Pages.DistrictsPage.open(DistrictsPage.java:11)
at kerala_Tourism_Automation_Selenide_Java.Pages.DistrictsPage.open(DistrictsPage.java:11)
at kerala_Tourism_Automation_Selenide_Java.Pages.DistrictsPage.open(DistrictsPage.java:11)
at kerala_Tourism_Automation_Selenide_Java.Pages.DistrictsPage.open(DistrictsPage.java:11)
at kerala_Tourism_Automation_Selenide_Java.Pages.DistrictsPage.open(DistrictsPage.java:11)
at kerala_Tourism_Automation_Selenide_Java.Pages.DistrictsPage.open(DistrictsPage.java:11)
at kerala_Tourism_Automation_Selenide_Java.Pages.DistrictsPage.open(DistrictsPage.java:11)
at kerala_Tourism_Automation_Selenide_Java.Pages.DistrictsPage.open(DistrictsPage.java:11)
at kerala_Tourism_Automation_Selenide_Java.Pages.DistrictsPage.open(DistrictsPage.java:11)
at kerala_Tourism_Automation_Selenide_Java.Pages.DistrictsPage.open(DistrictsPage.java:11)
at kerala_Tourism_Automation_Selenide_Java.Pages.DistrictsPage.open(DistrictsPage.java:11)
at kerala_Tourism_Automation_Selenide_Java.Pages.DistrictsPage.open(DistrictsPage.java:11)
at kerala_Tourism_Automation_Selenide_Java.Pages.DistrictsPage.open(DistrictsPage.java:11)
at kerala_Tourism_Automation_Selenide_Java.Pages.DistrictsPage.open(DistrictsPage.java:11)
at kerala_Tourism_Automation_Selenide_Java.Pages.DistrictsPage.open(DistrictsPage.java:11)
at kerala_Tourism_Automation_Selenide_Java.Pages.DistrictsPage.open(DistrictsPage.java:11)
at kerala_Tourism_Automation_Selenide_Java.Pages.DistrictsPage.open(DistrictsPage.java:11)
at kerala_Tourism_Automation_Selenide_Java.Pages.DistrictsPage.open(DistrictsPage.java:11)
at kerala_Tourism_Automation_Selenide_Java.Pages.DistrictsPage.open(DistrictsPage.java:11)
at kerala_Tourism_Automation_Selenide_Java.Pages.DistrictsPage.open(DistrictsPage.java:11)
at kerala_Tourism_Automation_Selenide_Java.Pages.DistrictsPage.open(DistrictsPage.java:11)
at kerala_Tourism_Automation_Selenide_Java.Pages.DistrictsPage.open(DistrictsPage.java:11)
at kerala_Tourism_Automation_Selenide_Java.Pages.DistrictsPage.open(DistrictsPage.java:11)
at kerala_Tourism_Automation_Selenide_Java.Pages.DistrictsPage.open(DistrictsPage.java:11)
at kerala_Tourism_Automation_Selenide_Java.Pages.DistrictsPage.open(DistrictsPage.java:11)
at kerala_Tourism_Automation_Selenide_Java.Pages.DistrictsPage.open(DistrictsPage.java:11)
at kerala_Tourism_Automation_Selenide_Java.Pages.DistrictsPage.open(DistrictsPage.java:11)
at kerala_Tourism_Automation_Selenide_Java.Pages.DistrictsPage.open(DistrictsPage.java:11)
at kerala_Tourism_Automation_Selenide_Java.Pages.DistrictsPage.open(DistrictsPage.java:11)
at kerala_Tourism_Automation_Selenide_Java.Pages.DistrictsPage.open(DistrictsPage.java:11)
at kerala_Tourism_Automation_Selenide_Java.Pages.DistrictsPage.open(DistrictsPage.java:11)
at kerala_Tourism_Automation_Selenide_Java.Pages.DistrictsPage.open(DistrictsPage.java:11)
at kerala_Tourism_Automation_Selenide_Java.Pages.DistrictsPage.open(DistrictsPage.java:11)
at kerala_Tourism_Automation_Selenide_Java.Pages.DistrictsPage.open(DistrictsPage.java:11)
at kerala_Tourism_Automation_Selenide_Java.Pages.DistrictsPage.open(DistrictsPage.java:11)
at kerala_Tourism_Automation_Selenide_Java.Pages.DistrictsPage.open(DistrictsPage.java:11)
at kerala_Tourism_Automation_Selenide_Java.Pages.DistrictsPage.open(DistrictsPage.java:11)
at kerala_Tourism_Automation_Selenide_Java.Pages.DistrictsPage.open(DistrictsPage.java:11)
at kerala_Tourism_Automation_Selenide_Java.Pages.DistrictsPage.open(DistrictsPage.java:11)
at kerala_Tourism_Automation_Selenide_Java.Pages.DistrictsPage.open(DistrictsPage.java:11)
at kerala_Tourism_Automation_Selenide_Java.Pages.DistrictsPage.open(DistrictsPage.java:11)
at kerala_Tourism_Automation_Selenide_Java.Pages.DistrictsPage.open(DistrictsPage.java:11)
at kerala_Tourism_Automation_Selenide_Java.Pages.DistrictsPage.open(DistrictsPage.java:11)
at kerala_Tourism_Automation_Selenide_Java.Pages.DistrictsPage.open(DistrictsPage.java:11)
at kerala_Tourism_Automation_Selenide_Java.Pages.DistrictsPage.open(DistrictsPage.java:11)
at kerala_Tourism_Automation_Selenide_Java.Pages.DistrictsPage.open(DistrictsPage.java:11)
at kerala_Tourism_Automation_Selenide_Java.Pages.DistrictsPage.open(DistrictsPage.java:11)
at kerala_Tourism_Automation_Selenide_Java.Pages.DistrictsPage.open(DistrictsPage.java:11)
at kerala_Tourism_Automation_Selenide_Java.Pages.DistrictsPage.open(DistrictsPage.java:11)
at kerala_Tourism_Automation_Selenide_Java.Pages.DistrictsPage.open(DistrictsPage.java:11)
at kerala_Tourism_Automation_Selenide_Java.Pages.DistrictsPage.open(DistrictsPage.java:11)
at kerala_Tourism_Automation_Selenide_Java.Pages.DistrictsPage.open(DistrictsPage.java:11)
at kerala_Tourism_Automation_Selenide_Java.Pages.DistrictsPage.open(DistrictsPage.java:11)
at kerala_Tourism_Automation_Selenide_Java.Pages.DistrictsPage.open(DistrictsPage.java:11)
at kerala_Tourism_Automation_Selenide_Java.Pages.DistrictsPage.open(DistrictsPage.java:11)
at kerala_Tourism_Automation_Selenide_Java.Pages.DistrictsPage.open(DistrictsPage.java:11)
at kerala_Tourism_Automation_Selenide_Java.Pages.DistrictsPage.open(DistrictsPage.java:11)
at kerala_Tourism_Automation_Selenide_Java.Pages.DistrictsPage.open(DistrictsPage.java:11)
at kerala_Tourism_Automation_Selenide_Java.Pages.DistrictsPage.open(DistrictsPage.java:11)
at kerala_Tourism_Automation_Selenide_Java.Pages.DistrictsPage.open(DistrictsPage.java:11)
at kerala_Tourism_Automation_Selenide_Java.Pages.DistrictsPage.open(DistrictsPage.java:11)
at kerala_Tourism_Automation_Selenide_Java.Pages.DistrictsPage.open(DistrictsPage.java:11)
at kerala_Tourism_Automation_Selenide_Java.Pages.DistrictsPage.open(DistrictsPage.java:11)
at kerala_Tourism_Automation_Selenide_Java.Pages.DistrictsPage.open(DistrictsPage.java:11)
at kerala_Tourism_Automation_Selenide_Java.Pages.DistrictsPage.open(DistrictsPage.java:11)
at kerala_Tourism_Automation_Selenide_Java.Pages.DistrictsPage.open(DistrictsPage.java:11)
at kerala_Tourism_Automation_Selenide_Java.Pages.DistrictsPage.open(DistrictsPage.java:11)
at kerala_Tourism_Automation_Selenide_Java.Pages.DistrictsPage.open(DistrictsPage.java:11)
at kerala_Tourism_Automation_Selenide_Java.Pages.DistrictsPage.open(DistrictsPage.java:11)
at kerala_Tourism_Automation_Selenide_Java.Pages.DistrictsPage.open(DistrictsPage.java:11)
at kerala_Tourism_Automation_Selenide_Java.Pages.DistrictsPage.open(DistrictsPage.java:11)
at kerala_Tourism_Automation_Selenide_Java.Pages.DistrictsPage.open(DistrictsPage.java:11)
at kerala_Tourism_Automation_Selenide_Java.Pages.DistrictsPage.open(DistrictsPage.java:11)
at kerala_Tourism_Automation_Selenide_Java.Pages.DistrictsPage.open(DistrictsPage.java:11)
at kerala_Tourism_Automation_Selenide_Java.Pages.DistrictsPage.open(DistrictsPage.java:11)
at kerala_Tourism_Automation_Selenide_Java.Pages.DistrictsPage.open(DistrictsPage.java:11)
at kerala_Tourism_Automation_Selenide_Java.Pages.DistrictsPage.open(DistrictsPage.java:11)
at kerala_Tourism_Automation_Selenide_Java.Pages.DistrictsPage.open(DistrictsPage.java:11)
at kerala_Tourism_Automation_Selenide_Java.Pages.DistrictsPage.open(DistrictsPage.java:11)
at kerala_Tourism_Automation_Selenide_Java.Pages.DistrictsPage.open(DistrictsPage.java:11)
at kerala_Tourism_Automation_Selenide_Java.Pages.DistrictsPage.open(DistrictsPage.java:11)
at kerala_Tourism_Automation_Selenide_Java.Pages.DistrictsPage.open(DistrictsPage.java:11)
at kerala_Tourism_Automation_Selenide_Java.Pages.DistrictsPage.open(DistrictsPage.java:11)
at kerala_Tourism_Automation_Selenide_Java.Pages.DistrictsPage.open(DistrictsPage.java:11)
at kerala_Tourism_Automation_Selenide_Java.Pages.DistrictsPage.open(DistrictsPage.java:11)
at kerala_Tourism_Automation_Selenide_Java.Pages.DistrictsPage.open(DistrictsPage.java:11)
at kerala_Tourism_Automation_Selenide_Java.Pages.DistrictsPage.open(DistrictsPage.java:11)
at kerala_Tourism_Automation_Selenide_Java.Pages.DistrictsPage.open(DistrictsPage.java:11)
at kerala_Tourism_Automation_Selenide_Java.Pages.DistrictsPage.open(DistrictsPage.java:11)
at kerala_Tourism_Automation_Selenide_Java.Pages.DistrictsPage.open(DistrictsPage.java:11)
at kerala_Tourism_Automation_Selenide_Java.Pages.DistrictsPage.open(DistrictsPage.java:11)
at kerala_Tourism_Automation_Selenide_Java.Pages.DistrictsPage.open(DistrictsPage.java:11)
at kerala_Tourism_Automation_Selenide_Java.Pages.DistrictsPage.open(DistrictsPage.java:11)
at kerala_Tourism_Automation_Selenide_Java.Pages.DistrictsPage.open(DistrictsPage.java:11)
at kerala_Tourism_Automation_Selenide_Java.Pages.DistrictsPage.open(DistrictsPage.java:11)
at kerala_Tourism_Automation_Selenide_Java.Pages.DistrictsPage.open(DistrictsPage.java:11)
at kerala_Tourism_Automation_Selenide_Java.Pages.DistrictsPage.open(DistrictsPage.java:11)
at kerala_Tourism_Automation_Selenide_Java.Pages.DistrictsPage.open(DistrictsPage.java:11)
at kerala_Tourism_Automation_Selenide_Java.Pages.DistrictsPage.open(DistrictsPage.java:11)
at kerala_Tourism_Automation_Selenide_Java.Pages.DistrictsPage.open(DistrictsPage.java:11)
at kerala_Tourism_Automation_Selenide_Java.Pages.DistrictsPage.open(DistrictsPage.java:11)
at kerala_Tourism_Automation_Selenide_Java.Pages.DistrictsPage.open(DistrictsPage.java:11)
at kerala_Tourism_Automation_Selenide_Java.Pages.DistrictsPage.open(DistrictsPage.java:11)
at kerala_Tourism_Automation_Selenide_Java.Pages.DistrictsPage.open(DistrictsPage.java:11)
at kerala_Tourism_Automation_Selenide_Java.Pages.DistrictsPage.open(DistrictsPage.java:11)
at kerala_Tourism_Automation_Selenide_Java.Pages.DistrictsPage.open(DistrictsPage.java:11)
at kerala_Tourism_Automation_Selenide_Java.Pages.DistrictsPage.open(DistrictsPage.java:11)
at kerala_Tourism_Automation_Selenide_Java.Pages.DistrictsPage.open(DistrictsPage.java:11)
at kerala_Tourism_Automation_Selenide_Java.Pages.DistrictsPage.open(DistrictsPage.java:11)
at kerala_Tourism_Automation_Selenide_Java.Pages.DistrictsPage.open(DistrictsPage.java:11)
at kerala_Tourism_Automation_Selenide_Java.Pages.DistrictsPage.open(DistrictsPage.java:11)
at kerala_Tourism_Automation_Selenide_Java.Pages.DistrictsPage.open(DistrictsPage.java:11)
at kerala_Tourism_Automation_Selenide_Java.Pages.DistrictsPage.open(DistrictsPage.java:11)
at kerala_Tourism_Automation_Selenide_Java.Pages.DistrictsPage.open(DistrictsPage.java:11)
at kerala_Tourism_Automation_Selenide_Java.Pages.DistrictsPage.open(DistrictsPage.java:11)
at kerala_Tourism_Automation_Selenide_Java.Pages.DistrictsPage.open(DistrictsPage.java:11)
at kerala_Tourism_Automation_Selenide_Java.Pages.DistrictsPage.open(DistrictsPage.java:11)
at kerala_Tourism_Automation_Selenide_Java.Pages.DistrictsPage.open(DistrictsPage.java:11)
at kerala_Tourism_Automation_Selenide_Java.Pages.DistrictsPage.open(DistrictsPage.java:11)
at kerala_Tourism_Automation_Selenide_Java.Pages.DistrictsPage.open(DistrictsPage.java:11)
at kerala_Tourism_Automation_Selenide_Java.Pages.DistrictsPage.open(DistrictsPage.java:11)
at kerala_Tourism_Automation_Selenide_Java.Pages.DistrictsPage.open(DistrictsPage.java:11)
at kerala_Tourism_Automation_Selenide_Java.Pages.DistrictsPage.open(DistrictsPage.java:11)
at kerala_Tourism_Automation_Selenide_Java.Pages.DistrictsPage.open(DistrictsPage.java:11)
at kerala_Tourism_Automation_Selenide_Java.Pages.DistrictsPage.open(DistrictsPage.java:11)
at kerala_Tourism_Automation_Selenide_Java.Pages.DistrictsPage.open(DistrictsPage.java:11)
at kerala_Tourism_Automation_Selenide_Java.Pages.DistrictsPage.open(DistrictsPage.java:11)
at kerala_Tourism_Automation_Selenide_Java.Pages.DistrictsPage.open(DistrictsPage.java:11)
at kerala_Tourism_Automation_Selenide_Java.Pages.DistrictsPage.open(DistrictsPage.java:11)
at kerala_Tourism_Automation_Selenide_Java.Pages.DistrictsPage.open(DistrictsPage.java:11)
at kerala_Tourism_Automation_Selenide_Java.Pages.DistrictsPage.open(DistrictsPage.java:11)
at kerala_Tourism_Automation_Selenide_Java.Pages.DistrictsPage.open(DistrictsPage.java:11)
at kerala_Tourism_Automation_Selenide_Java.Pages.DistrictsPage.open(DistrictsPage.java:11)
at kerala_Tourism_Automation_Selenide_Java.Pages.DistrictsPage.open(DistrictsPage.java:11)
at kerala_Tourism_Automation_Selenide_Java.Pages.DistrictsPage.open(DistrictsPage.java:11)
at kerala_Tourism_Automation_Selenide_Java.Pages.DistrictsPage.open(DistrictsPage.java:11)
at kerala_Tourism_Automation_Selenide_Java.Pages.DistrictsPage.open(DistrictsPage.java:11)
at kerala_Tourism_Automation_Selenide_Java.Pages.DistrictsPage.open(DistrictsPage.java:11)
at kerala_Tourism_Automation_Selenide_Java.Pages.DistrictsPage.open(DistrictsPage.java:11)
at kerala_Tourism_Automation_Selenide_Java.Pages.DistrictsPage.open(DistrictsPage.java:11)
at kerala_Tourism_Automation_Selenide_Java.Pages.DistrictsPage.open(DistrictsPage.java:11)
at kerala_Tourism_Automation_Selenide_Java.Pages.DistrictsPage.open(DistrictsPage.java:11)
at kerala_Tourism_Automation_Selenide_Java.Pages.DistrictsPage.open(DistrictsPage.java:11)
at kerala_Tourism_Automation_Selenide_Java.Pages.DistrictsPage.open(DistrictsPage.java:11)
at kerala_Tourism_Automation_Selenide_Java.Pages.DistrictsPage.open(DistrictsPage.java:11)
at kerala_Tourism_Automation_Selenide_Java.Pages.DistrictsPage.open(DistrictsPage.java:11)
at kerala_Tourism_Automation_Selenide_Java.Pages.DistrictsPage.open(DistrictsPage.java:11)
at kerala_Tourism_Automation_Selenide_Java.Pages.DistrictsPage.open(DistrictsPage.java:11)
at kerala_Tourism_Automation_Selenide_Java.Pages.DistrictsPage.open(DistrictsPage.java:11)
at kerala_Tourism_Automation_Selenide_Java.Pages.DistrictsPage.open(DistrictsPage.java:11)
at kerala_Tourism_Automation_Selenide_Java.Pages.DistrictsPage.open(DistrictsPage.java:11)
at kerala_Tourism_Automation_Selenide_Java.Pages.DistrictsPage.open(DistrictsPage.java:11)
at kerala_Tourism_Automation_Selenide_Java.Pages.DistrictsPage.open(DistrictsPage.java:11)
at kerala_Tourism_Automation_Selenide_Java.Pages.DistrictsPage.open(DistrictsPage.java:11)
at kerala_Tourism_Automation_Selenide_Java.Pages.DistrictsPage.open(DistrictsPage.java:11)
at kerala_Tourism_Automation_Selenide_Java.Pages.DistrictsPage.open(DistrictsPage.java:11)
at kerala_Tourism_Automation_Selenide_Java.Pages.DistrictsPage.open(DistrictsPage.java:11)
at kerala_Tourism_Automation_Selenide_Java.Pages.DistrictsPage.open(DistrictsPage.java:11)
at kerala_Tourism_Automation_Selenide_Java.Pages.DistrictsPage.open(DistrictsPage.java:11)
at kerala_Tourism_Automation_Selenide_Java.Pages.DistrictsPage.open(DistrictsPage.java:11)
at kerala_Tourism_Automation_Selenide_Java.Pages.DistrictsPage.open(DistrictsPage.java:11)
at kerala_Tourism_Automation_Selenide_Java.Pages.DistrictsPage.open(DistrictsPage.java:11)
at kerala_Tourism_Automation_Selenide_Java.Pages.DistrictsPage.open(DistrictsPage.java:11)
at kerala_Tourism_Automation_Selenide_Java.Pages.DistrictsPage.open(DistrictsPage.java:11)
at kerala_Tourism_Automation_Selenide_Java.Pages.DistrictsPage.open(DistrictsPage.java:11)
at kerala_Tourism_Automation_Selenide_Java.Pages.DistrictsPage.open(DistrictsPage.java:11)
at kerala_Tourism_Automation_Selenide_Java.Pages.DistrictsPage.open(DistrictsPage.java:11)
at kerala_Tourism_Automation_Selenide_Java.Pages.DistrictsPage.open(DistrictsPage.java:11)
at kerala_Tourism_Automation_Selenide_Java.Pages.DistrictsPage.open(DistrictsPage.java:11)
at kerala_Tourism_Automation_Selenide_Java.Pages.DistrictsPage.open(DistrictsPage.java:11)
at kerala_Tourism_Automation_Selenide_Java.Pages.DistrictsPage.open(DistrictsPage.java:11)
at kerala_Tourism_Automation_Selenide_Java.Pages.DistrictsPage.open(DistrictsPage.java:11)
at kerala_Tourism_Automation_Selenide_Java.Pages.DistrictsPage.open(DistrictsPage.java:11)
at kerala_Tourism_Automation_Selenide_Java.Pages.DistrictsPage.open(DistrictsPage.java:11)
at kerala_Tourism_Automation_Selenide_Java.Pages.DistrictsPage.open(DistrictsPage.java:11)
at kerala_Tourism_Automation_Selenide_Java.Pages.DistrictsPage.open(DistrictsPage.java:11)
at kerala_Tourism_Automation_Selenide_Java.Pages.DistrictsPage.open(DistrictsPage.java:11)
at kerala_Tourism_Automation_Selenide_Java.Pages.DistrictsPage.open(DistrictsPage.java:11)
at kerala_Tourism_Automation_Selenide_Java.Pages.DistrictsPage.open(DistrictsPage.java:11)
at kerala_Tourism_Automation_Selenide_Java.Pages.DistrictsPage.open(DistrictsPage.java:11)
at kerala_Tourism_Automation_Selenide_Java.Pages.DistrictsPage.open(DistrictsPage.java:11)
at kerala_Tourism_Automation_Selenide_Java.Pages.DistrictsPage.open(DistrictsPage.java:11)
at kerala_Tourism_Automation_Selenide_Java.Pages.DistrictsPage.open(DistrictsPage.java:11)
at kerala_Tourism_Automation_Selenide_Java.Pages.DistrictsPage.open(DistrictsPage.java:11)
at kerala_Tourism_Automation_Selenide_Java.Pages.DistrictsPage.open(DistrictsPage.java:11)
at kerala_Tourism_Automation_Selenide_Java.Pages.DistrictsPage.open(DistrictsPage.java:11)
at kerala_Tourism_Automation_Selenide_Java.Pages.DistrictsPage.open(DistrictsPage.java:11)
at kerala_Tourism_Automation_Selenide_Java.Pages.DistrictsPage.open(DistrictsPage.java:11)
at kerala_Tourism_Automation_Selenide_Java.Pages.DistrictsPage.open(DistrictsPage.java:11)
at kerala_Tourism_Automation_Selenide_Java.Pages.DistrictsPage.open(DistrictsPage.java:11)
at kerala_Tourism_Automation_Selenide_Java.Pages.DistrictsPage.open(DistrictsPage.java:11)
at kerala_Tourism_Automation_Selenide_Java.Pages.DistrictsPage.open(DistrictsPage.java:11)
at kerala_Tourism_Automation_Selenide_Java.Pages.DistrictsPage.open(DistrictsPage.java:11)
at kerala_Tourism_Automation_Selenide_Java.Pages.DistrictsPage.open(DistrictsPage.java:11)
at kerala_Tourism_Automation_Selenide_Java.Pages.DistrictsPage.open(DistrictsPage.java:11)
at kerala_Tourism_Automation_Selenide_Java.Pages.DistrictsPage.open(DistrictsPage.java:11)
at kerala_Tourism_Automation_Selenide_Java.Pages.DistrictsPage.open(DistrictsPage.java:11)
at kerala_Tourism_Automation_Selenide_Java.Pages.DistrictsPage.open(DistrictsPage.java:11)
at kerala_Tourism_Automation_Selenide_Java.Pages.DistrictsPage.open(DistrictsPage.java:11)
at kerala_Tourism_Automation_Selenide_Java.Pages.DistrictsPage.open(DistrictsPage.java:11)
at kerala_Tourism_Automation_Selenide_Java.Pages.DistrictsPage.open(DistrictsPage.java:11)
at kerala_Tourism_Automation_Selenide_Java.Pages.DistrictsPage.open(DistrictsPage.java:11)
at kerala_Tourism_Automation_Selenide_Java.Pages.DistrictsPage.open(DistrictsPage.java:11)
at kerala_Tourism_Automation_Selenide_Java.Pages.DistrictsPage.open(DistrictsPage.java:11)
at kerala_Tourism_Automation_Selenide_Java.Pages.DistrictsPage.open(DistrictsPage.java:11)
at kerala_Tourism_Automation_Selenide_Java.Pages.DistrictsPage.open(DistrictsPage.java:11)
at kerala_Tourism_Automation_Selenide_Java.Pages.DistrictsPage.open(DistrictsPage.java:11)
at kerala_Tourism_Automation_Selenide_Java.Pages.DistrictsPage.open(DistrictsPage.java:11)
at kerala_Tourism_Automation_Selenide_Java.Pages.DistrictsPage.open(DistrictsPage.java:11)
at kerala_Tourism_Automation_Selenide_Java.Pages.DistrictsPage.open(DistrictsPage.java:11)
at kerala_Tourism_Automation_Selenide_Java.Pages.DistrictsPage.open(DistrictsPage.java:11)
at kerala_Tourism_Automation_Selenide_Java.Pages.DistrictsPage.open(DistrictsPage.java:11)
at kerala_Tourism_Automation_Selenide_Java.Pages.DistrictsPage.open(DistrictsPage.java:11)
at kerala_Tourism_Automation_Selenide_Java.Pages.DistrictsPage.open(DistrictsPage.java:11)
at kerala_Tourism_Automation_Selenide_Java.Pages.DistrictsPage.open(DistrictsPage.java:11)
at kerala_Tourism_Automation_Selenide_Java.Pages.DistrictsPage.open(DistrictsPage.java:11)
at kerala_Tourism_Automation_Selenide_Java.Pages.DistrictsPage.open(DistrictsPage.java:11)
at kerala_Tourism_Automation_Selenide_Java.Pages.DistrictsPage.open(DistrictsPage.java:11)
at kerala_Tourism_Automation_Selenide_Java.Pages.DistrictsPage.open(DistrictsPage.java:11)
at kerala_Tourism_Automation_Selenide_Java.Pages.DistrictsPage.open(DistrictsPage.java:11)
at kerala_Tourism_Automation_Selenide_Java.Pages.DistrictsPage.open(DistrictsPage.java:11)
at kerala_Tourism_Automation_Selenide_Java.Pages.DistrictsPage.open(DistrictsPage.java:11)
at kerala_Tourism_Automation_Selenide_Java.Pages.DistrictsPage.open(DistrictsPage.java:11)
at kerala_Tourism_Automation_Selenide_Java.Pages.DistrictsPage.open(DistrictsPage.java:11)
at kerala_Tourism_Automation_Selenide_Java.Pages.DistrictsPage.open(DistrictsPage.java:11)
at kerala_Tourism_Automation_Selenide_Java.Pages.DistrictsPage.open(DistrictsPage.java:11)
at kerala_Tourism_Automation_Selenide_Java.Pages.DistrictsPage.open(DistrictsPage.java:11)
at kerala_Tourism_Automation_Selenide_Java.Pages.DistrictsPage.open(DistrictsPage.java:11)
at kerala_Tourism_Automation_Selenide_Java.Pages.DistrictsPage.open(DistrictsPage.java:11)
at kerala_Tourism_Automation_Selenide_Java.Pages.DistrictsPage.open(DistrictsPage.java:11)
at kerala_Tourism_Automation_Selenide_Java.Pages.DistrictsPage.open(DistrictsPage.java:11)
at kerala_Tourism_Automation_Selenide_Java.Pages.DistrictsPage.open(DistrictsPage.java:11)
at kerala_Tourism_Automation_Selenide_Java.Pages.DistrictsPage.open(DistrictsPage.java:11)
at kerala_Tourism_Automation_Selenide_Java.Pages.DistrictsPage.open(DistrictsPage.java:11)
at kerala_Tourism_Automation_Selenide_Java.Pages.DistrictsPage.open(DistrictsPage.java:11)
at kerala_Tourism_Automation_Selenide_Java.Pages.DistrictsPage.open(DistrictsPage.java:11)
at kerala_Tourism_Automation_Selenide_Java.Pages.DistrictsPage.open(DistrictsPage.java:11)
at kerala_Tourism_Automation_Selenide_Java.Pages.DistrictsPage.open(DistrictsPage.java:11)
at kerala_Tourism_Automation_Selenide_Java.Pages.DistrictsPage.open(DistrictsPage.java:11)
at kerala_Tourism_Automation_Selenide_Java.Pages.DistrictsPage.open(DistrictsPage.java:11)
at kerala_Tourism_Automation_Selenide_Java.Pages.DistrictsPage.open(DistrictsPage.java:11)
at kerala_Tourism_Automation_Selenide_Java.Pages.DistrictsPage.open(DistrictsPage.java:11)
at kerala_Tourism_Automation_Selenide_Java.Pages.DistrictsPage.open(DistrictsPage.java:11)
at kerala_Tourism_Automation_Selenide_Java.Pages.DistrictsPage.open(DistrictsPage.java:11)
at kerala_Tourism_Automation_Selenide_Java.Pages.DistrictsPage.open(DistrictsPage.java:11)
at kerala_Tourism_Automation_Selenide_Java.Pages.DistrictsPage.open(DistrictsPage.java:11)
at kerala_Tourism_Automation_Selenide_Java.Pages.DistrictsPage.open(DistrictsPage.java:11)
at kerala_Tourism_Automation_Selenide_Java.Pages.DistrictsPage.open(DistrictsPage.java:11)
at kerala_Tourism_Automation_Selenide_Java.Pages.DistrictsPage.open(DistrictsPage.java:11)
at kerala_Tourism_Automation_Selenide_Java.Pages.DistrictsPage.open(DistrictsPage.java:11)
at kerala_Tourism_Automation_Selenide_Java.Pages.DistrictsPage.open(DistrictsPage.java:11)
at kerala_Tourism_Automation_Selenide_Java.Pages.DistrictsPage.open(DistrictsPage.java:11)
at kerala_Tourism_Automation_Selenide_Java.Pages.DistrictsPage.open(DistrictsPage.java:11)
at kerala_Tourism_Automation_Selenide_Java.Pages.DistrictsPage.open(DistrictsPage.java:11)
at kerala_Tourism_Automation_Selenide_Java.Pages.DistrictsPage.open(DistrictsPage.java:11)
at kerala_Tourism_Automation_Selenide_Java.Pages.DistrictsPage.open(DistrictsPage.java:11)
at kerala_Tourism_Automation_Selenide_Java.Pages.DistrictsPage.open(DistrictsPage.java:11)
at kerala_Tourism_Automation_Selenide_Java.Pages.DistrictsPage.open(DistrictsPage.java:11)
at kerala_Tourism_Automation_Selenide_Java.Pages.DistrictsPage.open(DistrictsPage.java:11)
at kerala_Tourism_Automation_Selenide_Java.Pages.DistrictsPage.open(DistrictsPage.java:11)
at kerala_Tourism_Automation_Selenide_Java.Pages.DistrictsPage.open(DistrictsPage.java:11)
at kerala_Tourism_Automation_Selenide_Java.Pages.DistrictsPage.open(DistrictsPage.java:11)
at kerala_Tourism_Automation_Selenide_Java.Pages.DistrictsPage.open(DistrictsPage.java:11)
at kerala_Tourism_Automation_Selenide_Java.Pages.DistrictsPage.open(DistrictsPage.java:11)
at kerala_Tourism_Automation_Selenide_Java.Pages.DistrictsPage.open(DistrictsPage.java:11)
at kerala_Tourism_Automation_Selenide_Java.Pages.DistrictsPage.open(DistrictsPage.java:11)
at kerala_Tourism_Automation_Selenide_Java.Pages.DistrictsPage.open(DistrictsPage.java:11)
at kerala_Tourism_Automation_Selenide_Java.Pages.DistrictsPage.open(DistrictsPage.java:11)
at kerala_Tourism_Automation_Selenide_Java.Pages.DistrictsPage.open(DistrictsPage.java:11)
at kerala_Tourism_Automation_Selenide_Java.Pages.DistrictsPage.open(DistrictsPage.java:11)
at kerala_Tourism_Automation_Selenide_Java.Pages.DistrictsPage.open(DistrictsPage.java:11)
at kerala_Tourism_Automation_Selenide_Java.Pages.DistrictsPage.open(DistrictsPage.java:11)
at kerala_Tourism_Automation_Selenide_Java.Pages.DistrictsPage.open(DistrictsPage.java:11)
at kerala_Tourism_Automation_Selenide_Java.Pages.DistrictsPage.open(DistrictsPage.java:11)
at kerala_Tourism_Automation_Selenide_Java.Pages.DistrictsPage.open(DistrictsPage.java:11)
at kerala_Tourism_Automation_Selenide_Java.Pages.DistrictsPage.open(DistrictsPage.java:11)
at kerala_Tourism_Automation_Selenide_Java.Pages.DistrictsPage.open(DistrictsPage.java:11)
at kerala_Tourism_Automation_Selenide_Java.Pages.DistrictsPage.open(DistrictsPage.java:11)
at kerala_Tourism_Automation_Selenide_Java.Pages.DistrictsPage.open(DistrictsPage.java:11)
at kerala_Tourism_Automation_Selenide_Java.Pages.DistrictsPage.open(DistrictsPage.java:11)
at kerala_Tourism_Automation_Selenide_Java.Pages.DistrictsPage.open(DistrictsPage.java:11)
at kerala_Tourism_Automation_Selenide_Java.Pages.DistrictsPage.open(DistrictsPage.java:11)
at kerala_Tourism_Automation_Selenide_Java.Pages.DistrictsPage.open(DistrictsPage.java:11)
at kerala_Tourism_Automation_Selenide_Java.Pages.DistrictsPage.open(DistrictsPage.java:11)
at kerala_Tourism_Automation_Selenide_Java.Pages.DistrictsPage.open(DistrictsPage.java:11)
at kerala_Tourism_Automation_Selenide_Java.Pages.DistrictsPage.open(DistrictsPage.java:11)
at kerala_Tourism_Automation_Selenide_Java.Pages.DistrictsPage.open(DistrictsPage.java:11)
at kerala_Tourism_Automation_Selenide_Java.Pages.DistrictsPage.open(DistrictsPage.java:11)
at kerala_Tourism_Automation_Selenide_Java.Pages.DistrictsPage.open(DistrictsPage.java:11)
at kerala_Tourism_Automation_Selenide_Java.Pages.DistrictsPage.open(DistrictsPage.java:11)
at kerala_Tourism_Automation_Selenide_Java.Pages.DistrictsPage.open(DistrictsPage.java:11)
at kerala_Tourism_Automation_Selenide_Java.Pages.DistrictsPage.open(DistrictsPage.java:11)
at kerala_Tourism_Automation_Selenide_Java.Pages.DistrictsPage.open(DistrictsPage.java:11)
at kerala_Tourism_Automation_Selenide_Java.Pages.DistrictsPage.open(DistrictsPage.java:11)
at kerala_Tourism_Automation_Selenide_Java.Pages.DistrictsPage.open(DistrictsPage.java:11)
at kerala_Tourism_Automation_Selenide_Java.Pages.DistrictsPage.open(DistrictsPage.java:11)
at kerala_Tourism_Automation_Selenide_Java.Pages.DistrictsPage.open(DistrictsPage.java:11)
at kerala_Tourism_Automation_Selenide_Java.Pages.DistrictsPage.open(DistrictsPage.java:11)
at kerala_Tourism_Automation_Selenide_Java.Pages.DistrictsPage.open(DistrictsPage.java:11)
at kerala_Tourism_Automation_Selenide_Java.Pages.DistrictsPage.open(DistrictsPage.java:11)
at kerala_Tourism_Automation_Selenide_Java.Pages.DistrictsPage.open(DistrictsPage.java:11)
at kerala_Tourism_Automation_Selenide_Java.Pages.DistrictsPage.open(DistrictsPage.java:11)
at kerala_Tourism_Automation_Selenide_Java.Pages.DistrictsPage.open(DistrictsPage.java:11)
at kerala_Tourism_Automation_Selenide_Java.Pages.DistrictsPage.open(DistrictsPage.java:11)
at kerala_Tourism_Automation_Selenide_Java.Pages.DistrictsPage.open(DistrictsPage.java:11)
at kerala_Tourism_Automation_Selenide_Java.Pages.DistrictsPage.open(DistrictsPage.java:11)
at kerala_Tourism_Automation_Selenide_Java.Pages.DistrictsPage.open(DistrictsPage.java:11)
at kerala_Tourism_Automation_Selenide_Java.Pages.DistrictsPage.open(DistrictsPage.java:11)
at kerala_Tourism_Automation_Selenide_Java.Pages.DistrictsPage.open(DistrictsPage.java:11)
at kerala_Tourism_Automation_Selenide_Java.Pages.DistrictsPage.open(DistrictsPage.java:11)
at kerala_Tourism_Automation_Selenide_Java.Pages.DistrictsPage.open(DistrictsPage.java:11)
at kerala_Tourism_Automation_Selenide_Java.Pages.DistrictsPage.open(DistrictsPage.java:11)
at kerala_Tourism_Automation_Selenide_Java.Pages.DistrictsPage.open(DistrictsPage.java:11)
at kerala_Tourism_Automation_Selenide_Java.Pages.DistrictsPage.open(DistrictsPage.java:11)
at kerala_Tourism_Automation_Selenide_Java.Pages.DistrictsPage.open(DistrictsPage.java:11)
at kerala_Tourism_Automation_Selenide_Java.Pages.DistrictsPage.open(DistrictsPage.java:11)
at kerala_Tourism_Automation_Selenide_Java.Pages.DistrictsPage.open(DistrictsPage.java:11)
at kerala_Tourism_Automation_Selenide_Java.Pages.DistrictsPage.open(DistrictsPage.java:11)
at kerala_Tourism_Automation_Selenide_Java.Pages.DistrictsPage.open(DistrictsPage.java:11)
at kerala_Tourism_Automation_Selenide_Java.Pages.DistrictsPage.open(DistrictsPage.java:11)
at kerala_Tourism_Automation_Selenide_Java.Pages.DistrictsPage.open(DistrictsPage.java:11)
at kerala_Tourism_Automation_Selenide_Java.Pages.DistrictsPage.open(DistrictsPage.java:11)
at kerala_Tourism_Automation_Selenide_Java.Pages.DistrictsPage.open(DistrictsPage.java:11)
at kerala_Tourism_Automation_Selenide_Java.Pages.DistrictsPage.open(DistrictsPage.java:11)
at kerala_Tourism_Automation_Selenide_Java.Pages.DistrictsPage.open(DistrictsPage.java:11)
at kerala_Tourism_Automation_Selenide_Java.Pages.DistrictsPage.open(DistrictsPage.java:11)
at kerala_Tourism_Automation_Selenide_Java.Pages.DistrictsPage.open(DistrictsPage.java:11)
at kerala_Tourism_Automation_Selenide_Java.Pages.DistrictsPage.open(DistrictsPage.java:11)
at kerala_Tourism_Automation_Selenide_Java.Pages.DistrictsPage.open(DistrictsPage.java:11)
at kerala_Tourism_Automation_Selenide_Java.Pages.DistrictsPage.open(DistrictsPage.java:11)
at kerala_Tourism_Automation_Selenide_Java.Pages.DistrictsPage.open(DistrictsPage.java:11)
at kerala_Tourism_Automation_Selenide_Java.Pages.DistrictsPage.open(DistrictsPage.java:11)
at kerala_Tourism_Automation_Selenide_Java.Pages.DistrictsPage.open(DistrictsPage.java:11)
at kerala_Tourism_Automation_Selenide_Java.Pages.DistrictsPage.open(DistrictsPage.java:11)
at kerala_Tourism_Automation_Selenide_Java.Pages.DistrictsPage.open(DistrictsPage.java:11)
at kerala_Tourism_Automation_Selenide_Java.Pages.DistrictsPage.open(DistrictsPage.java:11)
at kerala_Tourism_Automation_Selenide_Java.Pages.DistrictsPage.open(DistrictsPage.java:11)
at kerala_Tourism_Automation_Selenide_Java.Pages.DistrictsPage.open(DistrictsPage.java:11)
at kerala_Tourism_Automation_Selenide_Java.Pages.DistrictsPage.open(DistrictsPage.java:11)
at kerala_Tourism_Automation_Selenide_Java.Pages.DistrictsPage.open(DistrictsPage.java:11)
at kerala_Tourism_Automation_Selenide_Java.Pages.DistrictsPage.open(DistrictsPage.java:11)
at kerala_Tourism_Automation_Selenide_Java.Pages.DistrictsPage.open(DistrictsPage.java:11)
at kerala_Tourism_Automation_Selenide_Java.Pages.DistrictsPage.open(DistrictsPage.java:11)
at kerala_Tourism_Automation_Selenide_Java.Pages.DistrictsPage.open(DistrictsPage.java:11)
at kerala_Tourism_Automation_Selenide_Java.Pages.DistrictsPage.open(DistrictsPage.java:11)
at kerala_Tourism_Automation_Selenide_Java.Pages.DistrictsPage.open(DistrictsPage.java:11)
at kerala_Tourism_Automation_Selenide_Java.Pages.DistrictsPage.open(DistrictsPage.java:11)
at kerala_Tourism_Automation_Selenide_Java.Pages.DistrictsPage.open(DistrictsPage.java:11)
at kerala_Tourism_Automation_Selenide_Java.Pages.DistrictsPage.open(DistrictsPage.java:11)
at kerala_Tourism_Automation_Selenide_Java.Pages.DistrictsPage.open(DistrictsPage.java:11)
at kerala_Tourism_Automation_Selenide_Java.Pages.DistrictsPage.open(DistrictsPage.java:11)
at kerala_Tourism_Automation_Selenide_Java.Pages.DistrictsPage.open(DistrictsPage.java:11)
at kerala_Tourism_Automation_Selenide_Java.Pages.DistrictsPage.open(DistrictsPage.java:11)
at kerala_Tourism_Automation_Selenide_Java.Pages.DistrictsPage.open(DistrictsPage.java:11)
at kerala_Tourism_Automation_Selenide_Java.Pages.DistrictsPage.open(DistrictsPage.java:11)
at kerala_Tourism_Automation_Selenide_Java.Pages.DistrictsPage.open(DistrictsPage.java:11)
at kerala_Tourism_Automation_Selenide_Java.Pages.DistrictsPage.open(DistrictsPage.java:11)
at kerala_Tourism_Automation_Selenide_Java.Pages.DistrictsPage.open(DistrictsPage.java:11)
at kerala_Tourism_Automation_Selenide_Java.Pages.DistrictsPage.open(DistrictsPage.java:11)
at kerala_Tourism_Automation_Selenide_Java.Pages.DistrictsPage.open(DistrictsPage.java:11)
at kerala_Tourism_Automation_Selenide_Java.Pages.DistrictsPage.open(DistrictsPage.java:11)
at kerala_Tourism_Automation_Selenide_Java.Pages.DistrictsPage.open(DistrictsPage.java:11)
at kerala_Tourism_Automation_Selenide_Java.Pages.DistrictsPage.open(DistrictsPage.java:11)
at kerala_Tourism_Automation_Selenide_Java.Pages.DistrictsPage.open(DistrictsPage.java:11)
at kerala_Tourism_Automation_Selenide_Java.Pages.DistrictsPage.open(DistrictsPage.java:11)
at kerala_Tourism_Automation_Selenide_Java.Pages.DistrictsPage.open(DistrictsPage.java:11)
at kerala_Tourism_Automation_Selenide_Java.Pages.DistrictsPage.open(DistrictsPage.java:11)
at kerala_Tourism_Automation_Selenide_Java.Pages.DistrictsPage.open(DistrictsPage.java:11)
at kerala_Tourism_Automation_Selenide_Java.Pages.DistrictsPage.open(DistrictsPage.java:11)
at kerala_Tourism_Automation_Selenide_Java.Pages.DistrictsPage.open(DistrictsPage.java:11)
at kerala_Tourism_Automation_Selenide_Java.Pages.DistrictsPage.open(DistrictsPage.java:11)
at kerala_Tourism_Automation_Selenide_Java.Pages.DistrictsPage.open(DistrictsPage.java:11)
at kerala_Tourism_Automation_Selenide_Java.Pages.DistrictsPage.open(DistrictsPage.java:11)
at kerala_Tourism_Automation_Selenide_Java.Pages.DistrictsPage.open(DistrictsPage.java:11)
at kerala_Tourism_Automation_Selenide_Java.Pages.DistrictsPage.open(DistrictsPage.java:11)
at kerala_Tourism_Automation_Selenide_Java.Pages.DistrictsPage.open(DistrictsPage.java:11)
at kerala_Tourism_Automation_Selenide_Java.Pages.DistrictsPage.open(DistrictsPage.java:11)
at kerala_Tourism_Automation_Selenide_Java.Pages.DistrictsPage.open(DistrictsPage.java:11)
at kerala_Tourism_Automation_Selenide_Java.Pages.DistrictsPage.open(DistrictsPage.java:11)
at kerala_Tourism_Automation_Selenide_Java.Pages.DistrictsPage.open(DistrictsPage.java:11)
at kerala_Tourism_Automation_Selenide_Java.Pages.DistrictsPage.open(DistrictsPage.java:11)
at kerala_Tourism_Automation_Selenide_Java.Pages.DistrictsPage.open(DistrictsPage.java:11)
at kerala_Tourism_Automation_Selenide_Java.Pages.DistrictsPage.open(DistrictsPage.java:11)
at kerala_Tourism_Automation_Selenide_Java.Pages.DistrictsPage.open(DistrictsPage.java:11)
at kerala_Tourism_Automation_Selenide_Java.Pages.DistrictsPage.open(DistrictsPage.java:11)
at kerala_Tourism_Automation_Selenide_Java.Pages.DistrictsPage.open(DistrictsPage.java:11)
at kerala_Tourism_Automation_Selenide_Java.Pages.DistrictsPage.open(DistrictsPage.java:11)
at kerala_Tourism_Automation_Selenide_Java.Pages.DistrictsPage.open(DistrictsPage.java:11)
at kerala_Tourism_Automation_Selenide_Java.Pages.DistrictsPage.open(DistrictsPage.java:11)
at kerala_Tourism_Automation_Selenide_Java.Pages.DistrictsPage.open(DistrictsPage.java:11)
at kerala_Tourism_Automation_Selenide_Java.Pages.DistrictsPage.open(DistrictsPage.java:11)
at kerala_Tourism_Automation_Selenide_Java.Pages.DistrictsPage.open(DistrictsPage.java:11)
at kerala_Tourism_Automation_Selenide_Java.Pages.DistrictsPage.open(DistrictsPage.java:11)
at kerala_Tourism_Automation_Selenide_Java.Pages.DistrictsPage.open(DistrictsPage.java:11)
at kerala_Tourism_Automation_Selenide_Java.Pages.DistrictsPage.open(DistrictsPage.java:11)
at kerala_Tourism_Automation_Selenide_Java.Pages.DistrictsPage.open(DistrictsPage.java:11)
at kerala_Tourism_Automation_Selenide_Java.Pages.DistrictsPage.open(DistrictsPage.java:11)
at kerala_Tourism_Automation_Selenide_Java.Pages.DistrictsPage.open(DistrictsPage.java:11)
at kerala_Tourism_Automation_Selenide_Java.Pages.DistrictsPage.open(DistrictsPage.java:11)
at kerala_Tourism_Automation_Selenide_Java.Pages.DistrictsPage.open(DistrictsPage.java:11)
at kerala_Tourism_Automation_Selenide_Java.Pages.DistrictsPage.open(DistrictsPage.java:11)
at kerala_Tourism_Automation_Selenide_Java.Pages.DistrictsPage.open(DistrictsPage.java:11)
at kerala_Tourism_Automation_Selenide_Java.Pages.DistrictsPage.open(DistrictsPage.java:11)
at kerala_Tourism_Automation_Selenide_Java.Pages.DistrictsPage.open(DistrictsPage.java:11)
at kerala_Tourism_Automation_Selenide_Java.Pages.DistrictsPage.open(DistrictsPage.java:11)
at kerala_Tourism_Automation_Selenide_Java.Pages.DistrictsPage.open(DistrictsPage.java:11)
at kerala_Tourism_Automation_Selenide_Java.Pages.DistrictsPage.open(DistrictsPage.java:11)
at kerala_Tourism_Automation_Selenide_Java.Pages.DistrictsPage.open(DistrictsPage.java:11)
at kerala_Tourism_Automation_Selenide_Java.Pages.DistrictsPage.open(DistrictsPage.java:11)
at kerala_Tourism_Automation_Selenide_Java.Pages.DistrictsPage.open(DistrictsPage.java:11)
at kerala_Tourism_Automation_Selenide_Java.Pages.DistrictsPage.open(DistrictsPage.java:11)
at kerala_Tourism_Automation_Selenide_Java.Pages.DistrictsPage.open(DistrictsPage.java:11)
at kerala_Tourism_Automation_Selenide_Java.Pages.DistrictsPage.open(DistrictsPage.java:11)
at kerala_Tourism_Automation_Selenide_Java.Pages.DistrictsPage.open(DistrictsPage.java:11)
at kerala_Tourism_Automation_Selenide_Java.Pages.DistrictsPage.open(DistrictsPage.java:11)
at kerala_Tourism_Automation_Selenide_Java.Pages.DistrictsPage.open(DistrictsPage.java:11)
at kerala_Tourism_Automation_Selenide_Java.Pages.DistrictsPage.open(DistrictsPage.java:11)
at kerala_Tourism_Automation_Selenide_Java.Pages.DistrictsPage.open(DistrictsPage.java:11)
at kerala_Tourism_Automation_Selenide_Java.Pages.DistrictsPage.open(DistrictsPage.java:11)
at kerala_Tourism_Automation_Selenide_Java.Pages.DistrictsPage.open(DistrictsPage.java:11)
at kerala_Tourism_Automation_Selenide_Java.Pages.DistrictsPage.open(DistrictsPage.java:11)
at kerala_Tourism_Automation_Selenide_Java.Pages.DistrictsPage.open(DistrictsPage.java:11)
at kerala_Tourism_Automation_Selenide_Java.Pages.DistrictsPage.open(DistrictsPage.java:11)
at kerala_Tourism_Automation_Selenide_Java.Pages.DistrictsPage.open(DistrictsPage.java:11)
at kerala_Tourism_Automation_Selenide_Java.Pages.DistrictsPage.open(DistrictsPage.java:11)
at kerala_Tourism_Automation_Selenide_Java.Pages.DistrictsPage.open(DistrictsPage.java:11)
at kerala_Tourism_Automation_Selenide_Java.Pages.DistrictsPage.open(DistrictsPage.java:11)
at kerala_Tourism_Automation_Selenide_Java.Pages.DistrictsPage.open(DistrictsPage.java:11)
at kerala_Tourism_Automation_Selenide_Java.Pages.DistrictsPage.open(DistrictsPage.java:11)
at kerala_Tourism_Automation_Selenide_Java.Pages.DistrictsPage.open(DistrictsPage.java:11)
at kerala_Tourism_Automation_Selenide_Java.Pages.DistrictsPage.open(DistrictsPage.java:11)
at kerala_Tourism_Automation_Selenide_Java.Pages.DistrictsPage.open(DistrictsPage.java:11)
at kerala_Tourism_Automation_Selenide_Java.Pages.DistrictsPage.open(DistrictsPage.java:11)
at kerala_Tourism_Automation_Selenide_Java.Pages.DistrictsPage.open(DistrictsPage.java:11)
at kerala_Tourism_Automation_Selenide_Java.Pages.DistrictsPage.open(DistrictsPage.java:11)
at kerala_Tourism_Automation_Selenide_Java.Pages.DistrictsPage.open(DistrictsPage.java:11)
at kerala_Tourism_Automation_Selenide_Java.Pages.DistrictsPage.open(DistrictsPage.java:11)
at kerala_Tourism_Automation_Selenide_Java.Pages.DistrictsPage.open(DistrictsPage.java:11)
at kerala_Tourism_Automation_Selenide_Java.Pages.DistrictsPage.open(DistrictsPage.java:11)
at kerala_Tourism_Automation_Selenide_Java.Pages.DistrictsPage.open(DistrictsPage.java:11)
at kerala_Tourism_Automation_Selenide_Java.Pages.DistrictsPage.open(DistrictsPage.java:11)
at kerala_Tourism_Automation_Selenide_Java.Pages.DistrictsPage.open(DistrictsPage.java:11)
at kerala_Tourism_Automation_Selenide_Java.Pages.DistrictsPage.open(DistrictsPage.java:11)
at kerala_Tourism_Automation_Selenide_Java.Pages.DistrictsPage.open(DistrictsPage.java:11)
at kerala_Tourism_Automation_Selenide_Java.Pages.DistrictsPage.open(DistrictsPage.java:11)
at kerala_Tourism_Automation_Selenide_Java.Pages.DistrictsPage.open(DistrictsPage.java:11)
at kerala_Tourism_Automation_Selenide_Java.Pages.DistrictsPage.open(DistrictsPage.java:11)
at kerala_Tourism_Automation_Selenide_Java.Pages.DistrictsPage.open(DistrictsPage.java:11)
at kerala_Tourism_Automation_Selenide_Java.Pages.DistrictsPage.open(DistrictsPage.java:11)
at kerala_Tourism_Automation_Selenide_Java.Pages.DistrictsPage.open(DistrictsPage.java:11)
at kerala_Tourism_Automation_Selenide_Java.Pages.DistrictsPage.open(DistrictsPage.java:11)
at kerala_Tourism_Automation_Selenide_Java.Pages.DistrictsPage.open(DistrictsPage.java:11)
at kerala_Tourism_Automation_Selenide_Java.Pages.DistrictsPage.open(DistrictsPage.java:11)
at kerala_Tourism_Automation_Selenide_Java.Pages.DistrictsPage.open(DistrictsPage.java:11)
at kerala_Tourism_Automation_Selenide_Java.Pages.DistrictsPage.open(DistrictsPage.java:11)
at kerala_Tourism_Automation_Selenide_Java.Pages.DistrictsPage.open(DistrictsPage.java:11)
at kerala_Tourism_Automation_Selenide_Java.Pages.DistrictsPage.open(DistrictsPage.java:11)
at kerala_Tourism_Automation_Selenide_Java.Pages.DistrictsPage.open(DistrictsPage.java:11)
at kerala_Tourism_Automation_Selenide_Java.Pages.DistrictsPage.open(DistrictsPage.java:11)
at kerala_Tourism_Automation_Selenide_Java.Pages.DistrictsPage.open(DistrictsPage.java:11)
at kerala_Tourism_Automation_Selenide_Java.Pages.DistrictsPage.open(DistrictsPage.java:11)
at kerala_Tourism_Automation_Selenide_Java.Pages.DistrictsPage.open(DistrictsPage.java:11)
at kerala_Tourism_Automation_Selenide_Java.Pages.DistrictsPage.open(DistrictsPage.java:11)
at kerala_Tourism_Automation_Selenide_Java.Pages.DistrictsPage.open(DistrictsPage.java:11)
at kerala_Tourism_Automation_Selenide_Java.Pages.DistrictsPage.open(DistrictsPage.java:11)
at kerala_Tourism_Automation_Selenide_Java.Pages.DistrictsPage.open(DistrictsPage.java:11)
at kerala_Tourism_Automation_Selenide_Java.Pages.DistrictsPage.open(DistrictsPage.java:11)
at kerala_Tourism_Automation_Selenide_Java.Pages.DistrictsPage.open(DistrictsPage.java:11)
at kerala_Tourism_Automation_Selenide_Java.Pages.DistrictsPage.open(DistrictsPage.java:11)
at kerala_Tourism_Automation_Selenide_Java.Pages.DistrictsPage.open(DistrictsPage.java:11)
at kerala_Tourism_Automation_Selenide_Java.Pages.DistrictsPage.open(DistrictsPage.java:11)
at kerala_Tourism_Automation_Selenide_Java.Pages.DistrictsPage.open(DistrictsPage.java:11)
at kerala_Tourism_Automation_Selenide_Java.Pages.DistrictsPage.open(DistrictsPage.java:11)
at kerala_Tourism_Automation_Selenide_Java.Pages.DistrictsPage.open(DistrictsPage.java:11)
at kerala_Tourism_Automation_Selenide_Java.Pages.DistrictsPage.open(DistrictsPage.java:11)
at kerala_Tourism_Automation_Selenide_Java.Pages.DistrictsPage.open(DistrictsPage.java:11)
at kerala_Tourism_Automation_Selenide_Java.Pages.DistrictsPage.open(DistrictsPage.java:11)
at kerala_Tourism_Automation_Selenide_Java.Pages.DistrictsPage.open(DistrictsPage.java:11)
at kerala_Tourism_Automation_Selenide_Java.Pages.DistrictsPage.open(DistrictsPage.java:11)
at kerala_Tourism_Automation_Selenide_Java.Pages.DistrictsPage.open(DistrictsPage.java:11)
at kerala_Tourism_Automation_Selenide_Java.Pages.DistrictsPage.open(DistrictsPage.java:11)
at kerala_Tourism_Automation_Selenide_Java.Pages.DistrictsPage.open(DistrictsPage.java:11)
at kerala_Tourism_Automation_Selenide_Java.Pages.DistrictsPage.open(DistrictsPage.java:11)
at kerala_Tourism_Automation_Selenide_Java.Pages.DistrictsPage.open(DistrictsPage.java:11)
at kerala_Tourism_Automation_Selenide_Java.Pages.DistrictsPage.open(DistrictsPage.java:11)
at kerala_Tourism_Automation_Selenide_Java.Pages.DistrictsPage.open(DistrictsPage.java:11)
at kerala_Tourism_Automation_Selenide_Java.Pages.DistrictsPage.open(DistrictsPage.java:11)
at kerala_Tourism_Automation_Selenide_Java.Pages.DistrictsPage.open(DistrictsPage.java:11)
at kerala_Tourism_Automation_Selenide_Java.Pages.DistrictsPage.open(DistrictsPage.java:11)
at kerala_Tourism_Automation_Selenide_Java.Pages.DistrictsPage.open(DistrictsPage.java:11)
at kerala_Tourism_Automation_Selenide_Java.Pages.DistrictsPage.open(DistrictsPage.java:11)
at kerala_Tourism_Automation_Selenide_Java.Pages.DistrictsPage.open(DistrictsPage.java:11)
at kerala_Tourism_Automation_Selenide_Java.Pages.DistrictsPage.open(DistrictsPage.java:11)
at kerala_Tourism_Automation_Selenide_Java.Pages.DistrictsPage.open(DistrictsPage.java:11)
at kerala_Tourism_Automation_Selenide_Java.Pages.DistrictsPage.open(DistrictsPage.java:11)
at kerala_Tourism_Automation_Selenide_Java.Pages.DistrictsPage.open(DistrictsPage.java:11)
at kerala_Tourism_Automation_Selenide_Java.Pages.DistrictsPage.open(DistrictsPage.java:11)
at kerala_Tourism_Automation_Selenide_Java.Pages.DistrictsPage.open(DistrictsPage.java:11)
at kerala_Tourism_Automation_Selenide_Java.Pages.DistrictsPage.open(DistrictsPage.java:11)
at kerala_Tourism_Automation_Selenide_Java.Pages.DistrictsPage.open(DistrictsPage.java:11)
at kerala_Tourism_Automation_Selenide_Java.Pages.DistrictsPage.open(DistrictsPage.java:11)
at kerala_Tourism_Automation_Selenide_Java.Pages.DistrictsPage.open(DistrictsPage.java:11)
at kerala_Tourism_Automation_Selenide_Java.Pages.DistrictsPage.open(DistrictsPage.java:11)
at kerala_Tourism_Automation_Selenide_Java.Pages.DistrictsPage.open(DistrictsPage.java:11)
at kerala_Tourism_Automation_Selenide_Java.Pages.DistrictsPage.open(DistrictsPage.java:11)
at kerala_Tourism_Automation_Selenide_Java.Pages.DistrictsPage.open(DistrictsPage.java:11)
at kerala_Tourism_Automation_Selenide_Java.Pages.DistrictsPage.open(DistrictsPage.java:11)
at kerala_Tourism_Automation_Selenide_Java.Pages.DistrictsPage.open(DistrictsPage.java:11)
at kerala_Tourism_Automation_Selenide_Java.Pages.DistrictsPage.open(DistrictsPage.java:11)
at kerala_Tourism_Automation_Selenide_Java.Pages.DistrictsPage.open(DistrictsPage.java:11)
at kerala_Tourism_Automation_Selenide_Java.Pages.DistrictsPage.open(DistrictsPage.java:11)
at kerala_Tourism_Automation_Selenide_Java.Pages.DistrictsPage.open(DistrictsPage.java:11)
at kerala_Tourism_Automation_Selenide_Java.Pages.DistrictsPage.open(DistrictsPage.java:11)
at kerala_Tourism_Automation_Selenide_Java.Pages.DistrictsPage.open(DistrictsPage.java:11)
at kerala_Tourism_Automation_Selenide_Java.Pages.DistrictsPage.open(DistrictsPage.java:11)
at kerala_Tourism_Automation_Selenide_Java.Pages.DistrictsPage.open(DistrictsPage.java:11)
at kerala_Tourism_Automation_Selenide_Java.Pages.DistrictsPage.open(DistrictsPage.java:11)
at kerala_Tourism_Automation_Selenide_Java.Pages.DistrictsPage.open(DistrictsPage.java:11)
at kerala_Tourism_Automation_Selenide_Java.Pages.DistrictsPage.open(DistrictsPage.java:11)
at kerala_Tourism_Automation_Selenide_Java.Pages.DistrictsPage.open(DistrictsPage.java:11)
at kerala_Tourism_Automation_Selenide_Java.Pages.DistrictsPage.open(DistrictsPage.java:11)
at kerala_Tourism_Automation_Selenide_Java.Pages.DistrictsPage.open(DistrictsPage.java:11)
at kerala_Tourism_Automation_Selenide_Java.Pages.DistrictsPage.open(DistrictsPage.java:11)
at kerala_Tourism_Automation_Selenide_Java.Pages.DistrictsPage.open(DistrictsPage.java:11)
at kerala_Tourism_Automation_Selenide_Java.Pages.DistrictsPage.open(DistrictsPage.java:11)
at kerala_Tourism_Automation_Selenide_Java.Pages.DistrictsPage.open(DistrictsPage.java:11)
at kerala_Tourism_Automation_Selenide_Java.Pages.DistrictsPage.open(DistrictsPage.java:11)
at kerala_Tourism_Automation_Selenide_Java.Pages.DistrictsPage.open(DistrictsPage.java:11)
at kerala_Tourism_Automation_Selenide_Java.Pages.DistrictsPage.open(DistrictsPage.java:11)
at kerala_Tourism_Automation_Selenide_Java.Pages.DistrictsPage.open(DistrictsPage.java:11)
at kerala_Tourism_Automation_Selenide_Java.Pages.DistrictsPage.open(DistrictsPage.java:11)
at kerala_Tourism_Automation_Selenide_Java.Pages.DistrictsPage.open(DistrictsPage.java:11)
at kerala_Tourism_Automation_Selenide_Java.Pages.DistrictsPage.open(DistrictsPage.java:11)
at kerala_Tourism_Automation_Selenide_Java.Pages.DistrictsPage.open(DistrictsPage.java:11)
at kerala_Tourism_Automation_Selenide_Java.Pages.DistrictsPage.open(DistrictsPage.java:11)
at kerala_Tourism_Automation_Selenide_Java.Pages.DistrictsPage.open(DistrictsPage.java:11)
at kerala_Tourism_Automation_Selenide_Java.Pages.DistrictsPage.open(DistrictsPage.java:11)
at kerala_Tourism_Automation_Selenide_Java.Pages.DistrictsPage.open(DistrictsPage.java:11)
at kerala_Tourism_Automation_Selenide_Java.Pages.DistrictsPage.open(DistrictsPage.java:11)
at kerala_Tourism_Automation_Selenide_Java.Pages.DistrictsPage.open(DistrictsPage.java:11)
at kerala_Tourism_Automation_Selenide_Java.Pages.DistrictsPage.open(DistrictsPage.java:11)
at kerala_Tourism_Automation_Selenide_Java.Pages.DistrictsPage.open(DistrictsPage.java:11)
at kerala_Tourism_Automation_Selenide_Java.Pages.DistrictsPage.open(DistrictsPage.java:11)
at kerala_Tourism_Automation_Selenide_Java.Pages.DistrictsPage.open(DistrictsPage.java:11)
at kerala_Tourism_Automation_Selenide_Java.Pages.DistrictsPage.open(DistrictsPage.java:11)
at kerala_Tourism_Automation_Selenide_Java.Pages.DistrictsPage.open(DistrictsPage.java:11)
at kerala_Tourism_Automation_Selenide_Java.Pages.DistrictsPage.open(DistrictsPage.java:11)
at kerala_Tourism_Automation_Selenide_Java.Pages.DistrictsPage.open(DistrictsPage.java:11)
at kerala_Tourism_Automation_Selenide_Java.Pages.DistrictsPage.open(DistrictsPage.java:11)
at kerala_Tourism_Automation_Selenide_Java.Pages.DistrictsPage.open(DistrictsPage.java:11)
at kerala_Tourism_Automation_Selenide_Java.Pages.DistrictsPage.open(DistrictsPage.java:11)
at kerala_Tourism_Automation_Selenide_Java.Pages.DistrictsPage.open(DistrictsPage.java:11)
at kerala_Tourism_Automation_Selenide_Java.Pages.DistrictsPage.open(DistrictsPage.java:11)
at kerala_Tourism_Automation_Selenide_Java.Pages.DistrictsPage.open(DistrictsPage.java:11)
at kerala_Tourism_Automation_Selenide_Java.Pages.DistrictsPage.open(DistrictsPage.java:11)
at kerala_Tourism_Automation_Selenide_Java.Pages.DistrictsPage.open(DistrictsPage.java:11)
at kerala_Tourism_Automation_Selenide_Java.Pages.DistrictsPage.open(DistrictsPage.java:11)
at kerala_Tourism_Automation_Selenide_Java.Pages.DistrictsPage.open(DistrictsPage.java:11)
at kerala_Tourism_Automation_Selenide_Java.Pages.DistrictsPage.open(DistrictsPage.java:11)
at kerala_Tourism_Automation_Selenide_Java.Pages.DistrictsPage.open(DistrictsPage.java:11)
at kerala_Tourism_Automation_Selenide_Java.Pages.DistrictsPage.open(DistrictsPage.java:11)
at kerala_Tourism_Automation_Selenide_Java.Pages.DistrictsPage.open(DistrictsPage.java:11)
at kerala_Tourism_Automation_Selenide_Java.Pages.DistrictsPage.open(DistrictsPage.java:11)
at kerala_Tourism_Automation_Selenide_Java.Pages.DistrictsPage.open(DistrictsPage.java:11)
at kerala_Tourism_Automation_Selenide_Java.Pages.DistrictsPage.open(DistrictsPage.java:11)
at kerala_Tourism_Automation_Selenide_Java.Pages.DistrictsPage.open(DistrictsPage.java:11)
at kerala_Tourism_Automation_Selenide_Java.Pages.DistrictsPage.open(DistrictsPage.java:11)
at kerala_Tourism_Automation_Selenide_Java.Pages.DistrictsPage.open(DistrictsPage.java:11)
at kerala_Tourism_Automation_Selenide_Java.Pages.DistrictsPage.open(DistrictsPage.java:11)
at kerala_Tourism_Automation_Selenide_Java.Pages.DistrictsPage.open(DistrictsPage.java:11)
at kerala_Tourism_Automation_Selenide_Java.Pages.DistrictsPage.open(DistrictsPage.java:11)
at kerala_Tourism_Automation_Selenide_Java.Pages.DistrictsPage.open(DistrictsPage.java:11)
at kerala_Tourism_Automation_Selenide_Java.Pages.DistrictsPage.open(DistrictsPage.java:11)
at kerala_Tourism_Automation_Selenide_Java.Pages.DistrictsPage.open(DistrictsPage.java:11)
at kerala_Tourism_Automation_Selenide_Java.Pages.DistrictsPage.open(DistrictsPage.java:11)
at kerala_Tourism_Automation_Selenide_Java.Pages.DistrictsPage.open(DistrictsPage.java:11)
at kerala_Tourism_Automation_Selenide_Java.Pages.DistrictsPage.open(DistrictsPage.java:11)
at kerala_Tourism_Automation_Selenide_Java.Pages.DistrictsPage.open(DistrictsPage.java:11)
at kerala_Tourism_Automation_Selenide_Java.Pages.DistrictsPage.open(DistrictsPage.java:11)
at kerala_Tourism_Automation_Selenide_Java.Pages.DistrictsPage.open(DistrictsPage.java:11)
at kerala_Tourism_Automation_Selenide_Java.Pages.DistrictsPage.open(DistrictsPage.java:11)
at kerala_Tourism_Automation_Selenide_Java.Pages.DistrictsPage.open(DistrictsPage.java:11)
at kerala_Tourism_Automation_Selenide_Java.Pages.DistrictsPage.open(DistrictsPage.java:11)
at kerala_Tourism_Automation_Selenide_Java.Pages.DistrictsPage.open(DistrictsPage.java:11)
at kerala_Tourism_Automation_Selenide_Java.Pages.DistrictsPage.open(DistrictsPage.java:11)
at kerala_Tourism_Automation_Selenide_Java.Pages.DistrictsPage.open(DistrictsPage.java:11)
at kerala_Tourism_Automation_Selenide_Java.Pages.DistrictsPage.open(DistrictsPage.java:11)
at kerala_Tourism_Automation_Selenide_Java.Pages.DistrictsPage.open(DistrictsPage.java:11)
at kerala_Tourism_Automation_Selenide_Java.Pages.DistrictsPage.open(DistrictsPage.java:11)
at kerala_Tourism_Automation_Selenide_Java.Pages.DistrictsPage.open(DistrictsPage.java:11)
at kerala_Tourism_Automation_Selenide_Java.Pages.DistrictsPage.open(DistrictsPage.java:11)
at kerala_Tourism_Automation_Selenide_Java.Pages.DistrictsPage.open(DistrictsPage.java:11)
at kerala_Tourism_Automation_Selenide_Java.Pages.DistrictsPage.open(DistrictsPage.java:11)
at kerala_Tourism_Automation_Selenide_Java.Pages.DistrictsPage.open(DistrictsPage.java:11)
at kerala_Tourism_Automation_Selenide_Java.Pages.DistrictsPage.open(DistrictsPage.java:11)
at kerala_Tourism_Automation_Selenide_Java.Pages.DistrictsPage.open(DistrictsPage.java:11)
at kerala_Tourism_Automation_Selenide_Java.Pages.DistrictsPage.open(DistrictsPage.java:11)
at kerala_Tourism_Automation_Selenide_Java.Pages.DistrictsPage.open(DistrictsPage.java:11)
at kerala_Tourism_Automation_Selenide_Java.Pages.DistrictsPage.open(DistrictsPage.java:11)
at kerala_Tourism_Automation_Selenide_Java.Pages.DistrictsPage.open(DistrictsPage.java:11)
at kerala_Tourism_Automation_Selenide_Java.Pages.DistrictsPage.open(DistrictsPage.java:11)
at kerala_Tourism_Automation_Selenide_Java.Pages.DistrictsPage.open(DistrictsPage.java:11)
at kerala_Tourism_Automation_Selenide_Java.Pages.DistrictsPage.open(DistrictsPage.java:11)
at kerala_Tourism_Automation_Selenide_Java.Pages.DistrictsPage.open(DistrictsPage.java:11)
at kerala_Tourism_Automation_Selenide_Java.Pages.DistrictsPage.open(DistrictsPage.java:11)
at kerala_Tourism_Automation_Selenide_Java.Pages.DistrictsPage.open(DistrictsPage.java:11)
at kerala_Tourism_Automation_Selenide_Java.Pages.DistrictsPage.open(DistrictsPage.java:11)
at kerala_Tourism_Automation_Selenide_Java.Pages.DistrictsPage.open(DistrictsPage.java:11)
at kerala_Tourism_Automation_Selenide_Java.Pages.DistrictsPage.open(DistrictsPage.java:11)
at kerala_Tourism_Automation_Selenide_Java.Pages.DistrictsPage.open(DistrictsPage.java:11)
at kerala_Tourism_Automation_Selenide_Java.Pages.DistrictsPage.open(DistrictsPage.java:11)
at kerala_Tourism_Automation_Selenide_Java.Pages.DistrictsPage.open(DistrictsPage.java:11)
at kerala_Tourism_Automation_Selenide_Java.Pages.DistrictsPage.open(DistrictsPage.java:11)
at kerala_Tourism_Automation_Selenide_Java.Pages.DistrictsPage.open(DistrictsPage.java:11)
at kerala_Tourism_Automation_Selenide_Java.Pages.DistrictsPage.open(DistrictsPage.java:11)
at kerala_Tourism_Automation_Selenide_Java.Pages.DistrictsPage.open(DistrictsPage.java:11)
at kerala_Tourism_Automation_Selenide_Java.Pages.DistrictsPage.open(DistrictsPage.java:11)
at kerala_Tourism_Automation_Selenide_Java.Pages.DistrictsPage.open(DistrictsPage.java:11)
at kerala_Tourism_Automation_Selenide_Java.Pages.DistrictsPage.open(DistrictsPage.java:11)
at kerala_Tourism_Automation_Selenide_Java.Pages.DistrictsPage.open(DistrictsPage.java:11)
at kerala_Tourism_Automation_Selenide_Java.Pages.DistrictsPage.open(DistrictsPage.java:11)
at kerala_Tourism_Automation_Selenide_Java.Pages.DistrictsPage.open(DistrictsPage.java:11)
at kerala_Tourism_Automation_Selenide_Java.Pages.DistrictsPage.open(DistrictsPage.java:11)
at kerala_Tourism_Automation_Selenide_Java.Pages.DistrictsPage.open(DistrictsPage.java:11)
at kerala_Tourism_Automation_Selenide_Java.Pages.DistrictsPage.open(DistrictsPage.java:11)
at kerala_Tourism_Automation_Selenide_Java.Pages.DistrictsPage.open(DistrictsPage.java:11)
at kerala_Tourism_Automation_Selenide_Java.Pages.DistrictsPage.open(DistrictsPage.java:11)
at kerala_Tourism_Automation_Selenide_Java.Pages.DistrictsPage.open(DistrictsPage.java:11)
at kerala_Tourism_Automation_Selenide_Java.Pages.DistrictsPage.open(DistrictsPage.java:11)
at kerala_Tourism_Automation_Selenide_Java.Pages.DistrictsPage.open(DistrictsPage.java:11)
at kerala_Tourism_Automation_Selenide_Java.Pages.DistrictsPage.open(DistrictsPage.java:11)
at kerala_Tourism_Automation_Selenide_Java.Pages.DistrictsPage.open(DistrictsPage.java:11)
at kerala_Tourism_Automation_Selenide_Java.Pages.DistrictsPage.open(DistrictsPage.java:11)
at kerala_Tourism_Automation_Selenide_Java.Pages.DistrictsPage.open(DistrictsPage.java:11)
at kerala_Tourism_Automation_Selenide_Java.Pages.DistrictsPage.open(DistrictsPage.java:11)
at kerala_Tourism_Automation_Selenide_Java.Pages.DistrictsPage.open(DistrictsPage.java:11)
at kerala_Tourism_Automation_Selenide_Java.Pages.DistrictsPage.open(DistrictsPage.java:11)
at kerala_Tourism_Automation_Selenide_Java.Pages.DistrictsPage.open(DistrictsPage.java:11)
at kerala_Tourism_Automation_Selenide_Java.Pages.DistrictsPage.open(DistrictsPage.java:11)
at kerala_Tourism_Automation_Selenide_Java.Pages.DistrictsPage.open(DistrictsPage.java:11)
at kerala_Tourism_Automation_Selenide_Java.Pages.DistrictsPage.open(DistrictsPage.java:11)
at kerala_Tourism_Automation_Selenide_Java.Pages.DistrictsPage.open(DistrictsPage.java:11)
at kerala_Tourism_Automation_Selenide_Java.Pages.DistrictsPage.open(DistrictsPage.java:11)
at kerala_Tourism_Automation_Selenide_Java.Pages.DistrictsPage.open(DistrictsPage.java:11)
at kerala_Tourism_Automation_Selenide_Java.Pages.DistrictsPage.open(DistrictsPage.java:11)
at kerala_Tourism_Automation_Selenide_Java.Pages.DistrictsPage.open(DistrictsPage.java:11)
at kerala_Tourism_Automation_Selenide_Java.Pages.DistrictsPage.open(DistrictsPage.java:11)
at kerala_Tourism_Automation_Selenide_Java.Pages.DistrictsPage.open(DistrictsPage.java:11)
at kerala_Tourism_Automation_Selenide_Java.Pages.DistrictsPage.open(DistrictsPage.java:11)
at kerala_Tourism_Automation_Selenide_Java.Pages.DistrictsPage.open(DistrictsPage.java:11)
at kerala_Tourism_Automation_Selenide_Java.Pages.DistrictsPage.open(DistrictsPage.java:11)
at kerala_Tourism_Automation_Selenide_Java.Pages.DistrictsPage.open(DistrictsPage.java:11)
at kerala_Tourism_Automation_Selenide_Java.Pages.DistrictsPage.open(DistrictsPage.java:11)
at kerala_Tourism_Automation_Selenide_Java.Pages.DistrictsPage.open(DistrictsPage.java:11)
at kerala_Tourism_Automation_Selenide_Java.Pages.DistrictsPage.open(DistrictsPage.java:11)
at kerala_Tourism_Automation_Selenide_Java.Pages.DistrictsPage.open(DistrictsPage.java:11)
at kerala_Tourism_Automation_Selenide_Java.Pages.DistrictsPage.open(DistrictsPage.java:11)
at kerala_Tourism_Automation_Selenide_Java.Pages.DistrictsPage.open(DistrictsPage.java:11)
at kerala_Tourism_Automation_Selenide_Java.Pages.DistrictsPage.open(DistrictsPage.java:11)
at kerala_Tourism_Automation_Selenide_Java.Pages.DistrictsPage.open(DistrictsPage.java:11)
at kerala_Tourism_Automation_Selenide_Java.Pages.DistrictsPage.open(DistrictsPage.java:11)
at kerala_Tourism_Automation_Selenide_Java.Pages.DistrictsPage.open(DistrictsPage.java:11)
at kerala_Tourism_Automation_Selenide_Java.Pages.DistrictsPage.open(DistrictsPage.java:11)
at kerala_Tourism_Automation_Selenide_Java.Pages.DistrictsPage.open(DistrictsPage.java:11)
at kerala_Tourism_Automation_Selenide_Java.Pages.DistrictsPage.open(DistrictsPage.java:11)
at kerala_Tourism_Automation_Selenide_Java.Pages.DistrictsPage.open(DistrictsPage.java:11)
at kerala_Tourism_Automation_Selenide_Java.Pages.DistrictsPage.open(DistrictsPage.java:11)
at kerala_Tourism_Automation_Selenide_Java.Pages.DistrictsPage.open(DistrictsPage.java:11)
at kerala_Tourism_Automation_Selenide_Java.Pages.DistrictsPage.open(DistrictsPage.java:11)
at kerala_Tourism_Automation_Selenide_Java.Pages.DistrictsPage.open(DistrictsPage.java:11)
at kerala_Tourism_Automation_Selenide_Java.Pages.DistrictsPage.open(DistrictsPage.java:11)
at kerala_Tourism_Automation_Selenide_Java.Pages.DistrictsPage.open(DistrictsPage.java:11)
at kerala_Tourism_Automation_Selenide_Java.Pages.DistrictsPage.open(DistrictsPage.java:11)
at kerala_Tourism_Automation_Selenide_Java.Pages.DistrictsPage.open(DistrictsPage.java:11)
at kerala_Tourism_Automation_Selenide_Java.Pages.DistrictsPage.open(DistrictsPage.java:11)
at kerala_Tourism_Automation_Selenide_Java.Pages.DistrictsPage.open(DistrictsPage.java:11)
at kerala_Tourism_Automation_Selenide_Java.Pages.DistrictsPage.open(DistrictsPage.java:11)
at kerala_Tourism_Automation_Selenide_Java.Pages.DistrictsPage.open(DistrictsPage.java:11)
at kerala_Tourism_Automation_Selenide_Java.Pages.DistrictsPage.open(DistrictsPage.java:11)
at kerala_Tourism_Automation_Selenide_Java.Pages.DistrictsPage.open(DistrictsPage.java:11)
at kerala_Tourism_Automation_Selenide_Java.Pages.DistrictsPage.open(DistrictsPage.java:11)
at kerala_Tourism_Automation_Selenide_Java.Pages.DistrictsPage.open(DistrictsPage.java:11)
at kerala_Tourism_Automation_Selenide_Java.Pages.DistrictsPage.open(DistrictsPage.java:11)
at kerala_Tourism_Automation_Selenide_Java.Pages.DistrictsPage.open(DistrictsPage.java:11)
at kerala_Tourism_Automation_Selenide_Java.Pages.DistrictsPage.open(DistrictsPage.java:11)
at kerala_Tourism_Automation_Selenide_Java.Pages.DistrictsPage.open(DistrictsPage.java:11)
at kerala_Tourism_Automation_Selenide_Java.Pages.DistrictsPage.open(DistrictsPage.java:11)
at kerala_Tourism_Automation_Selenide_Java.Pages.DistrictsPage.open(DistrictsPage.java:11)
at kerala_Tourism_Automation_Selenide_Java.Pages.DistrictsPage.open(DistrictsPage.java:11)
at kerala_Tourism_Automation_Selenide_Java.Pages.DistrictsPage.open(DistrictsPage.java:11)
at kerala_Tourism_Automation_Selenide_Java.Pages.DistrictsPage.open(DistrictsPage.java:11)
at kerala_Tourism_Automation_Selenide_Java.Pages.DistrictsPage.open(DistrictsPage.java:11)
at kerala_Tourism_Automation_Selenide_Java.Pages.DistrictsPage.open(DistrictsPage.java:11)
at kerala_Tourism_Automation_Selenide_Java.Pages.DistrictsPage.open(DistrictsPage.java:11)
at kerala_Tourism_Automation_Selenide_Java.Pages.DistrictsPage.open(DistrictsPage.java:11)
at kerala_Tourism_Automation_Selenide_Java.Pages.DistrictsPage.open(DistrictsPage.java:11)
at kerala_Tourism_Automation_Selenide_Java.Pages.DistrictsPage.open(DistrictsPage.java:11)
at kerala_Tourism_Automation_Selenide_Java.Pages.DistrictsPage.open(DistrictsPage.java:11)
at kerala_Tourism_Automation_Selenide_Java.Pages.DistrictsPage.open(DistrictsPage.java:11)
at kerala_Tourism_Automation_Selenide_Java.Pages.DistrictsPage.open(DistrictsPage.java:11)
at kerala_Tourism_Automation_Selenide_Java.Pages.DistrictsPage.open(DistrictsPage.java:11)
at kerala_Tourism_Automation_Selenide_Java.Pages.DistrictsPage.open(DistrictsPage.java:11)
at kerala_Tourism_Automation_Selenide_Java.Pages.DistrictsPage.open(DistrictsPage.java:11)
at kerala_Tourism_Automation_Selenide_Java.Pages.DistrictsPage.open(DistrictsPage.java:11)
at kerala_Tourism_Automation_Selenide_Java.Pages.DistrictsPage.open(DistrictsPage.java:11)
at kerala_Tourism_Automation_Selenide_Java.Pages.DistrictsPage.open(DistrictsPage.java:11)
at kerala_Tourism_Automation_Selenide_Java.Pages.DistrictsPage.open(DistrictsPage.java:11)
at kerala_Tourism_Automation_Selenide_Java.Pages.DistrictsPage.open(DistrictsPage.java:11)
at kerala_Tourism_Automation_Selenide_Java.Pages.DistrictsPage.open(DistrictsPage.java:11)
at kerala_Tourism_Automation_Selenide_Java.Pages.DistrictsPage.open(DistrictsPage.java:11)
at kerala_Tourism_Automation_Selenide_Java.Pages.DistrictsPage.open(DistrictsPage.java:11)
at kerala_Tourism_Automation_Selenide_Java.Pages.DistrictsPage.open(DistrictsPage.java:11)
at kerala_Tourism_Automation_Selenide_Java.Pages.DistrictsPage.open(DistrictsPage.java:11)
at kerala_Tourism_Automation_Selenide_Java.Pages.DistrictsPage.open(DistrictsPage.java:11)
at kerala_Tourism_Automation_Selenide_Java.Pages.DistrictsPage.open(DistrictsPage.java:11)
at kerala_Tourism_Automation_Selenide_Java.Pages.DistrictsPage.open(DistrictsPage.java:11)
at kerala_Tourism_Automation_Selenide_Java.Pages.DistrictsPage.open(DistrictsPage.java:11)
at kerala_Tourism_Automation_Selenide_Java.Pages.DistrictsPage.open(DistrictsPage.java:11)
at kerala_Tourism_Automation_Selenide_Java.Pages.DistrictsPage.open(DistrictsPage.java:11)
at kerala_Tourism_Automation_Selenide_Java.Pages.DistrictsPage.open(DistrictsPage.java:11)
at kerala_Tourism_Automation_Selenide_Java.Pages.DistrictsPage.open(DistrictsPage.java:11)
at kerala_Tourism_Automation_Selenide_Java.Pages.DistrictsPage.open(DistrictsPage.java:11)
at kerala_Tourism_Automation_Selenide_Java.Pages.DistrictsPage.open(DistrictsPage.java:11)
at kerala_Tourism_Automation_Selenide_Java.Pages.DistrictsPage.open(DistrictsPage.java:11)
at kerala_Tourism_Automation_Selenide_Java.Pages.DistrictsPage.open(DistrictsPage.java:11)
at kerala_Tourism_Automation_Selenide_Java.Pages.DistrictsPage.open(DistrictsPage.java:11)
at kerala_Tourism_Automation_Selenide_Java.Pages.DistrictsPage.open(DistrictsPage.java:11)
at kerala_Tourism_Automation_Selenide_Java.Pages.DistrictsPage.open(DistrictsPage.java:11)
at kerala_Tourism_Automation_Selenide_Java.Pages.DistrictsPage.open(DistrictsPage.java:11)
at kerala_Tourism_Automation_Selenide_Java.Pages.DistrictsPage.open(DistrictsPage.java:11)
at kerala_Tourism_Automation_Selenide_Java.Pages.DistrictsPage.open(DistrictsPage.java:11)
at kerala_Tourism_Automation_Selenide_Java.Pages.DistrictsPage.open(DistrictsPage.java:11)
at kerala_Tourism_Automation_Selenide_Java.Pages.DistrictsPage.open(DistrictsPage.java:11)
at kerala_Tourism_Automation_Selenide_Java.Pages.DistrictsPage.open(DistrictsPage.java:11)
at kerala_Tourism_Automation_Selenide_Java.Pages.DistrictsPage.open(DistrictsPage.java:11)
at kerala_Tourism_Automation_Selenide_Java.Pages.DistrictsPage.open(DistrictsPage.java:11)
at kerala_Tourism_Automation_Selenide_Java.Pages.DistrictsPage.open(DistrictsPage.java:11)
at kerala_Tourism_Automation_Selenide_Java.Pages.DistrictsPage.open(DistrictsPage.java:11)
at kerala_Tourism_Automation_Selenide_Java.Pages.DistrictsPage.open(DistrictsPage.java:11)
at kerala_Tourism_Automation_Selenide_Java.Pages.DistrictsPage.open(DistrictsPage.java:11)
at kerala_Tourism_Automation_Selenide_Java.Pages.DistrictsPage.open(DistrictsPage.java:11)
at kerala_Tourism_Automation_Selenide_Java.Pages.DistrictsPage.open(DistrictsPage.java:11)
at kerala_Tourism_Automation_Selenide_Java.Pages.DistrictsPage.open(DistrictsPage.java:11)
at kerala_Tourism_Automation_Selenide_Java.Pages.DistrictsPage.open(DistrictsPage.java:11)
at kerala_Tourism_Automation_Selenide_Java.Pages.DistrictsPage.open(DistrictsPage.java:11)
at kerala_Tourism_Automation_Selenide_Java.Pages.DistrictsPage.open(DistrictsPage.java:11)
at kerala_Tourism_Automation_Selenide_Java.Pages.DistrictsPage.open(DistrictsPage.java:11)
at kerala_Tourism_Automation_Selenide_Java.Pages.DistrictsPage.open(DistrictsPage.java:11)
at kerala_Tourism_Automation_Selenide_Java.Pages.DistrictsPage.open(DistrictsPage.java:11)
at kerala_Tourism_Automation_Selenide_Java.Pages.DistrictsPage.open(DistrictsPage.java:11)
at kerala_Tourism_Automation_Selenide_Java.Pages.DistrictsPage.open(DistrictsPage.java:11)
at kerala_Tourism_Automation_Selenide_Java.Pages.DistrictsPage.open(DistrictsPage.java:11)
at kerala_Tourism_Automation_Selenide_Java.Pages.DistrictsPage.open(DistrictsPage.java:11)
at kerala_Tourism_Automation_Selenide_Java.Pages.DistrictsPage.open(DistrictsPage.java:11)
at kerala_Tourism_Automation_Selenide_Java.Pages.DistrictsPage.open(DistrictsPage.java:11)
at kerala_Tourism_Automation_Selenide_Java.Pages.DistrictsPage.open(DistrictsPage.java:11)
at kerala_Tourism_Automation_Selenide_Java.Pages.DistrictsPage.open(DistrictsPage.java:11)
at kerala_Tourism_Automation_Selenide_Java.Pages.DistrictsPage.open(DistrictsPage.java:11)
at kerala_Tourism_Automation_Selenide_Java.Pages.DistrictsPage.open(DistrictsPage.java:11)
at kerala_Tourism_Automation_Selenide_Java.Pages.DistrictsPage.open(DistrictsPage.java:11)
at kerala_Tourism_Automation_Selenide_Java.Pages.DistrictsPage.open(DistrictsPage.java:11)
at kerala_Tourism_Automation_Selenide_Java.Pages.DistrictsPage.open(DistrictsPage.java:11)
at kerala_Tourism_Automation_Selenide_Java.Pages.DistrictsPage.open(DistrictsPage.java:11)
at kerala_Tourism_Automation_Selenide_Java.Pages.DistrictsPage.open(DistrictsPage.java:11)
at kerala_Tourism_Automation_Selenide_Java.Pages.DistrictsPage.open(DistrictsPage.java:11)
at kerala_Tourism_Automation_Selenide_Java.Pages.DistrictsPage.open(DistrictsPage.java:11)
at kerala_Tourism_Automation_Selenide_Java.Pages.DistrictsPage.open(DistrictsPage.java:11)
at kerala_Tourism_Automation_Selenide_Java.Pages.DistrictsPage.open(DistrictsPage.java:11)
at kerala_Tourism_Automation_Selenide_Java.Pages.DistrictsPage.open(DistrictsPage.java:11)
at kerala_Tourism_Automation_Selenide_Java.Pages.DistrictsPage.open(DistrictsPage.java:11)
at kerala_Tourism_Automation_Selenide_Java.Pages.DistrictsPage.open(DistrictsPage.java:11)
at kerala_Tourism_Automation_Selenide_Java.Pages.DistrictsPage.open(DistrictsPage.java:11)
at kerala_Tourism_Automation_Selenide_Java.Pages.DistrictsPage.open(DistrictsPage.java:11)
[...]
at kerala_Tourism_Automation_Selenide_Java.Pages.DistrictsPage.open(DistrictsPage.java:11)
at kerala_Tourism_Automation_Selenide_Java.Pages.DistrictsPage.open(DistrictsPage.java:11)
at kerala_Tourism_Automation_Selenide_Java.Pages.DistrictsPage.open(DistrictsPage.java:11)
at kerala_Tourism_Automation_Selenide_Java.Pages.DistrictsPage.open(DistrictsPage.java:11)
at kerala_Tourism_Automation_Selenide_Java.Pages.DistrictsPage.open(DistrictsPage.java:11)
at kerala_Tourism_Automation_Selenide_Java.Pages.DistrictsPage.open(DistrictsPage.java:11)
at kerala_Tourism_Automation_Selenide_Java.Pages.DistrictsPage.open(DistrictsPage.java:11)
at kerala_Tourism_Automation_Selenide_Java.Pages.DistrictsPage.open(DistrictsPage.java:11)
at kerala_Tourism_Automation_Selenide_Java.Pages.DistrictsPage.open(DistrictsPage.java:11)
at kerala_Tourism_Automation_Selenide_Java.Pages.DistrictsPage.open(DistrictsPage.java:11)
at kerala_Tourism_Automation_Selenide_Java.Pages.DistrictsPage.open(DistrictsPage.java:11)
at kerala_Tourism_Automation_Selenide_Java.Pages.DistrictsPage.open(DistrictsPage.java:11)
at kerala_Tourism_Automation_Selenide_Java.Pages.DistrictsPage.open(DistrictsPage.java:11)
at kerala_Tourism_Automation_Selenide_Java.Pages.DistrictsPage.open(DistrictsPage.java:11)
at kerala_Tourism_Automation_Selenide_Java.Pages.DistrictsPage.open(DistrictsPage.java:11)
at kerala_Tourism_Automation_Selenide_Java.Pages.DistrictsPage.open(DistrictsPage.java:11)
at kerala_Tourism_Automation_Selenide_Java.Pages.DistrictsPage.open(DistrictsPage.java:11)
at kerala_Tourism_Automation_Selenide_Java.Pages.DistrictsPage.open(DistrictsPage.java:11)
at kerala_Tourism_Automation_Selenide_Java.Pages.DistrictsPage.open(DistrictsPage.java:11)
at kerala_Tourism_Automation_Selenide_Java.Pages.DistrictsPage.open(DistrictsPage.java:11)
at kerala_Tourism_Automation_Selenide_Java.Pages.DistrictsPage.open(DistrictsPage.java:11)
at kerala_Tourism_Automation_Selenide_Java.Pages.DistrictsPage.open(DistrictsPage.java:11)
at kerala_Tourism_Automation_Selenide_Java.Pages.DistrictsPage.open(DistrictsPage.java:11)
at kerala_Tourism_Automation_Selenide_Java.Pages.DistrictsPage.open(DistrictsPage.java:11)
at kerala_Tourism_Automation_Selenide_Java.Pages.DistrictsPage.open(DistrictsPage.java:11)
at kerala_Tourism_Automation_Selenide_Java.Pages.DistrictsPage.open(DistrictsPage.java:11)
at kerala_Tourism_Automation_Selenide_Java.Pages.DistrictsPage.open(DistrictsPage.java:11)
at kerala_Tourism_Automation_Selenide_Java.Pages.DistrictsPage.open(DistrictsPage.java:11)
at kerala_Tourism_Automation_Selenide_Java.Pages.DistrictsPage.open(DistrictsPage.java:11)
at kerala_Tourism_Automation_Selenide_Java.Pages.DistrictsPage.open(DistrictsPage.java:11)
at kerala_Tourism_Automation_Selenide_Java.Pages.DistrictsPage.open(DistrictsPage.java:11)
at kerala_Tourism_Automation_Selenide_Java.Pages.DistrictsPage.open(DistrictsPage.java:11)
at kerala_Tourism_Automation_Selenide_Java.Pages.DistrictsPage.open(DistrictsPage.java:11)
at kerala_Tourism_Automation_Selenide_Java.Pages.DistrictsPage.open(DistrictsPage.java:11)
at kerala_Tourism_Automation_Selenide_Java.Pages.DistrictsPage.open(DistrictsPage.java:11)
at kerala_Tourism_Automation_Selenide_Java.Pages.DistrictsPage.open(DistrictsPage.java:11)
at kerala_Tourism_Automation_Selenide_Java.Pages.DistrictsPage.open(DistrictsPage.java:11)
at kerala_Tourism_Automation_Selenide_Java.Pages.DistrictsPage.open(DistrictsPage.java:11)
at kerala_Tourism_Automation_Selenide_Java.Pages.DistrictsPage.open(DistrictsPage.java:11)
at kerala_Tourism_Automation_Selenide_Java.Pages.DistrictsPage.open(DistrictsPage.java:11)
at kerala_Tourism_Automation_Selenide_Java.Pages.DistrictsPage.open(DistrictsPage.java:11)
at kerala_Tourism_Automation_Selenide_Java.Pages.DistrictsPage.open(DistrictsPage.java:11)
at kerala_Tourism_Automation_Selenide_Java.Pages.DistrictsPage.open(DistrictsPage.java:11)
at kerala_Tourism_Automation_Selenide_Java.Pages.DistrictsPage.open(DistrictsPage.java:11)
at kerala_Tourism_Automation_Selenide_Java.Pages.DistrictsPage.open(DistrictsPage.java:11)
at kerala_Tourism_Automation_Selenide_Java.Pages.DistrictsPage.open(DistrictsPage.java:11)
at kerala_Tourism_Automation_Selenide_Java.Pages.DistrictsPage.open(DistrictsPage.java:11)
at kerala_Tourism_Automation_Selenide_Java.Pages.DistrictsPage.open(DistrictsPage.java:11)
at kerala_Tourism_Automation_Selenide_Java.Pages.DistrictsPage.open(DistrictsPage.java:11)
at kerala_Tourism_Automation_Selenide_Java.Pages.DistrictsPage.open(DistrictsPage.java:11)
at kerala_Tourism_Automation_Selenide_Java.Pages.DistrictsPage.open(DistrictsPage.java:11)
at kerala_Tourism_Automation_Selenide_Java.Pages.DistrictsPage.open(DistrictsPage.java:11)
at kerala_Tourism_Automation_Selenide_Java.Pages.DistrictsPage.open(DistrictsPage.java:11)
at kerala_Tourism_Automation_Selenide_Java.Pages.DistrictsPage.open(DistrictsPage.java:11)
at kerala_Tourism_Automation_Selenide_Java.Pages.DistrictsPage.open(DistrictsPage.java:11)
at kerala_Tourism_Automation_Selenide_Java.Pages.DistrictsPage.open(DistrictsPage.java:11)
at kerala_Tourism_Automation_Selenide_Java.Pages.DistrictsPage.open(DistrictsPage.java:11)
at kerala_Tourism_Automation_Selenide_Java.Pages.DistrictsPage.open(DistrictsPage.java:11)
at kerala_Tourism_Automation_Selenide_Java.Pages.DistrictsPage.open(DistrictsPage.java:11)
at kerala_Tourism_Automation_Selenide_Java.Pages.DistrictsPage.open(DistrictsPage.java:11)
at kerala_Tourism_Automation_Selenide_Java.Pages.DistrictsPage.open(DistrictsPage.java:11)
at kerala_Tourism_Automation_Selenide_Java.Pages.DistrictsPage.open(DistrictsPage.java:11)
at kerala_Tourism_Automation_Selenide_Java.Pages.DistrictsPage.open(DistrictsPage.java:11)
at kerala_Tourism_Automation_Selenide_Java.Pages.DistrictsPage.open(DistrictsPage.java:11)
at kerala_Tourism_Automation_Selenide_Java.Pages.DistrictsPage.open(DistrictsPage.java:11)
at kerala_Tourism_Automation_Selenide_Java.Pages.DistrictsPage.open(DistrictsPage.java:11)
at kerala_Tourism_Automation_Selenide_Java.Pages.DistrictsPage.open(DistrictsPage.java:11)
at kerala_Tourism_Automation_Selenide_Java.Pages.DistrictsPage.open(DistrictsPage.java:11)
at kerala_Tourism_Automation_Selenide_Java.Pages.DistrictsPage.open(DistrictsPage.java:11)
at kerala_Tourism_Automation_Selenide_Java.Pages.DistrictsPage.open(DistrictsPage.java:11)
at kerala_Tourism_Automation_Selenide_Java.Pages.DistrictsPage.open(DistrictsPage.java:11)
at kerala_Tourism_Automation_Selenide_Java.Pages.DistrictsPage.open(DistrictsPage.java:11)
at kerala_Tourism_Automation_Selenide_Java.Pages.DistrictsPage.open(DistrictsPage.java:11)
at kerala_Tourism_Automation_Selenide_Java.Pages.DistrictsPage.open(DistrictsPage.java:11)
at kerala_Tourism_Automation_Selenide_Java.Pages.DistrictsPage.open(DistrictsPage.java:11)
at kerala_Tourism_Automation_Selenide_Java.Pages.DistrictsPage.open(DistrictsPage.java:11)
at kerala_Tourism_Automation_Selenide_Java.Pages.DistrictsPage.open(DistrictsPage.java:11)
at kerala_Tourism_Automation_Selenide_Java.Pages.DistrictsPage.open(DistrictsPage.java:11)
at kerala_Tourism_Automation_Selenide_Java.Pages.DistrictsPage.open(DistrictsPage.java:11)
at kerala_Tourism_Automation_Selenide_Java.Pages.DistrictsPage.open(DistrictsPage.java:11)
at kerala_Tourism_Automation_Selenide_Java.Pages.DistrictsPage.open(DistrictsPage.java:11)
at kerala_Tourism_Automation_Selenide_Java.Pages.DistrictsPage.open(DistrictsPage.java:11)
at kerala_Tourism_Automation_Selenide_Java.Pages.DistrictsPage.open(DistrictsPage.java:11)
at kerala_Tourism_Automation_Selenide_Java.Pages.DistrictsPage.open(DistrictsPage.java:11)
at kerala_Tourism_Automation_Selenide_Java.Pages.DistrictsPage.open(DistrictsPage.java:11)
at kerala_Tourism_Automation_Selenide_Java.Pages.DistrictsPage.open(DistrictsPage.java:11)
at kerala_Tourism_Automation_Selenide_Java.Pages.DistrictsPage.open(DistrictsPage.java:11)
at kerala_Tourism_Automation_Selenide_Java.Pages.DistrictsPage.open(DistrictsPage.java:11)
at kerala_Tourism_Automation_Selenide_Java.Pages.DistrictsPage.open(DistrictsPage.java:11)
at kerala_Tourism_Automation_Selenide_Java.Pages.DistrictsPage.open(DistrictsPage.java:11)
at kerala_Tourism_Automation_Selenide_Java.Pages.DistrictsPage.open(DistrictsPage.java:11)
at kerala_Tourism_Automation_Selenide_Java.Pages.DistrictsPage.open(DistrictsPage.java:11)
at kerala_Tourism_Automation_Selenide_Java.Pages.DistrictsPage.open(DistrictsPage.java:11)
at kerala_Tourism_Automation_Selenide_Java.Pages.DistrictsPage.open(DistrictsPage.java:11)
at kerala_Tourism_Automation_Selenide_Java.Pages.DistrictsPage.open(DistrictsPage.java:11)
at kerala_Tourism_Automation_Selenide_Java.Pages.DistrictsPage.open(DistrictsPage.java:11)
at kerala_Tourism_Automation_Selenide_Java.Pages.DistrictsPage.open(DistrictsPage.java:11)
at kerala_Tourism_Automation_Selenide_Java.Pages.DistrictsPage.open(DistrictsPage.java:11)
at kerala_Tourism_Automation_Selenide_Java.Pages.DistrictsPage.open(DistrictsPage.java:11)
at kerala_Tourism_Automation_Selenide_Java.Pages.DistrictsPage.open(DistrictsPage.java:11)
at kerala_Tourism_Automation_Selenide_Java.Pages.DistrictsPage.open(DistrictsPage.java:11)
at kerala_Tourism_Automation_Selenide_Java.Pages.DistrictsPage.open(DistrictsPage.java:11)
at kerala_Tourism_Automation_Selenide_Java.Pages.DistrictsPage.open(DistrictsPage.java:11)
at kerala_Tourism_Automation_Selenide_Java.Pages.DistrictsPage.open(DistrictsPage.java:11)
at kerala_Tourism_Automation_Selenide_Java.Pages.DistrictsPage.open(DistrictsPage.java:11)
at kerala_Tourism_Automation_Selenide_Java.Pages.DistrictsPage.open(DistrictsPage.java:11)
at kerala_Tourism_Automation_Selenide_Java.Pages.DistrictsPage.open(DistrictsPage.java:11)
at kerala_Tourism_Automation_Selenide_Java.Pages.DistrictsPage.open(DistrictsPage.java:11)
at kerala_Tourism_Automation_Selenide_Java.Pages.DistrictsPage.open(DistrictsPage.java:11)
at kerala_Tourism_Automation_Selenide_Java.Pages.DistrictsPage.open(DistrictsPage.java:11)
at kerala_Tourism_Automation_Selenide_Java.Pages.DistrictsPage.open(DistrictsPage.java:11)
at kerala_Tourism_Automation_Selenide_Java.Pages.DistrictsPage.open(DistrictsPage.java:11)
at kerala_Tourism_Automation_Selenide_Java.Pages.DistrictsPage.open(DistrictsPage.java:11)
at kerala_Tourism_Automation_Selenide_Java.Pages.DistrictsPage.open(DistrictsPage.java:11)
at kerala_Tourism_Automation_Selenide_Java.Pages.DistrictsPage.open(DistrictsPage.java:11)
at kerala_Tourism_Automation_Selenide_Java.Pages.DistrictsPage.open(DistrictsPage.java:11)
]]>
    </failure>
  </testcase> <!-- exploreDistricts -->
  <testcase classname="kerala_Tourism_Automation_Selenide_Java.FormValidation" name="loginBothEmptyFields" time="0.501"/>
  <testcase classname="kerala_Tourism_Automation_Selenide_Java.FormValidation" name="loginEmptyEmail" time="0.537"/>
  <testcase classname="kerala_Tourism_Automation_Selenide_Java.FormValidation" name="loginEmptyPassword" time="0.527"/>
  <testcase classname="kerala_Tourism_Automation_Selenide_Java.FormValidation" name="loginInvalidEmail" time="9.483">
    <failure type="com.codeborne.selenide.ex.AlertNotFoundError" message="Alert not found
Screenshot: file:/C:/Users/GIRISH/eclipse-workspace/Kerala_Tourism_Automation_Selenide_Java/test-output/screenshots/1760949276545.0.png
Page source: file:/C:/Users/GIRISH/eclipse-workspace/Kerala_Tourism_Automation_Selenide_Java/test-output/screenshots/1760949276545.0.html
Timeout: 8 s.
Caused by: TimeoutException: Expected condition failed: waiting for alert to be present (tried for 8 second(s) with 200 milliseconds interval)">
      <![CDATA[Alert not found
Screenshot: file:/C:/Users/GIRISH/eclipse-workspace/Kerala_Tourism_Automation_Selenide_Java/test-output/screenshots/1760949276545.0.png
Page source: file:/C:/Users/GIRISH/eclipse-workspace/Kerala_Tourism_Automation_Selenide_Java/test-output/screenshots/1760949276545.0.html
Timeout: 8 s.
Caused by: TimeoutException: Expected condition failed: waiting for alert to be present (tried for 8 second(s) with 200 milliseconds interval)
at com.codeborne.selenide.SelenideTargetLocator.alertNotFoundError(SelenideTargetLocator.java:308)
at com.codeborne.selenide.SelenideTargetLocator.alert(SelenideTargetLocator.java:182)
at com.codeborne.selenide.SelenideTargetLocator.alert(SelenideTargetLocator.java:172)
at kerala_Tourism_Automation_Selenide_Java.Pages.LoginPage.handleAlert(LoginPage.java:33)
at kerala_Tourism_Automation_Selenide_Java.FormValidation.loginInvalidEmail(FormValidation.java:56)
at java.base/java.util.ArrayList.forEach(ArrayList.java:1596)
Caused by: org.openqa.selenium.TimeoutException: Expected condition failed: waiting for alert to be present (tried for 8 second(s) with 200 milliseconds interval)
Build info: version: '4.16.0', revision: '15400459dd*'
System info: os.name: 'Windows 11', os.arch: 'amd64', os.version: '10.0', java.version: '21.0.7'
Driver info: driver.version: unknown
at org.openqa.selenium.support.ui.FluentWait.timeoutException(FluentWait.java:261)
at org.openqa.selenium.support.ui.FluentWait.until(FluentWait.java:229)
at com.codeborne.selenide.SelenideTargetLocator.alert(SelenideTargetLocator.java:179)
... 29 more
... Removed 25 stack frames]]>
    </failure>
  </testcase> <!-- loginInvalidEmail -->
  <testcase classname="kerala_Tourism_Automation_Selenide_Java.FormValidation" name="loginInvalidPassword" time="0.504"/>
  <testcase classname="kerala_Tourism_Automation_Selenide_Java.FormValidation" name="signupEmptyEmail" time="0.938"/>
  <testcase classname="kerala_Tourism_Automation_Selenide_Java.FormValidation" name="signupEmptyName" time="0.791"/>
  <testcase classname="kerala_Tourism_Automation_Selenide_Java.FormValidation" name="signupEmptyPassword1" time="2.495"/>
  <testcase classname="kerala_Tourism_Automation_Selenide_Java.FormValidation" name="signupEmptyPassword2" time="0.016">
    <failure type="org.openqa.selenium.UnhandledAlertException" message="unexpected alert open: {Alert text : try again}
  (Session info: chrome=141.0.7390.108): try again
Build info: version: &amp;apos;4.16.0&amp;apos;, revision: &amp;apos;15400459dd*&amp;apos;
System info: os.name: &amp;apos;Windows 11&amp;apos;, os.arch: &amp;apos;amd64&amp;apos;, os.version: &amp;apos;10.0&amp;apos;, java.version: &amp;apos;21.0.7&amp;apos;
Driver info: org.openqa.selenium.chrome.ChromeDriver
Command: [78182c116a1b93a182f2973ddb3a40a2, getTitle {}]
selenide.url: https://hashirakb.github.io/Kerala-Tourism-Website/signup.html
Capabilities {acceptInsecureCerts: true, browserName: chrome, browserVersion: 141.0.7390.108, chrome: {chromedriverVersion: 141.0.7390.78 (2b53b0e231fc..., userDataDir: C:\Users\GIRISH\AppData\Loc...}, fedcm:accounts: true, goog:chromeOptions: {debuggerAddress: localhost:51676}, networkConnectionEnabled: false, pageLoadStrategy: normal, platformName: windows, proxy: Proxy(), se:cdp: ws://localhost:51676/devtoo..., se:cdpVersion: 141.0.7390.108, setWindowRect: true, strictFileInteractability: false, timeouts: {implicit: 0, pageLoad: 300000, script: 30000}, unhandledPromptBehavior: accept, webauthn:extension:credBlob: true, webauthn:extension:largeBlob: true, webauthn:extension:minPinLength: true, webauthn:extension:prf: true, webauthn:virtualAuthenticators: true}
selenide.baseUrl: http://localhost:8080
Session ID: 78182c116a1b93a182f2973ddb3a40a2">
      <![CDATA[org.openqa.selenium.UnhandledAlertException: unexpected alert open: {Alert text : try again}
  (Session info: chrome=141.0.7390.108): try again
Build info: version: '4.16.0', revision: '15400459dd*'
System info: os.name: 'Windows 11', os.arch: 'amd64', os.version: '10.0', java.version: '21.0.7'
Driver info: org.openqa.selenium.chrome.ChromeDriver
Command: [78182c116a1b93a182f2973ddb3a40a2, getTitle {}]
selenide.url: https://hashirakb.github.io/Kerala-Tourism-Website/signup.html
Capabilities {acceptInsecureCerts: true, browserName: chrome, browserVersion: 141.0.7390.108, chrome: {chromedriverVersion: 141.0.7390.78 (2b53b0e231fc..., userDataDir: C:\Users\GIRISH\AppData\Loc...}, fedcm:accounts: true, goog:chromeOptions: {debuggerAddress: localhost:51676}, networkConnectionEnabled: false, pageLoadStrategy: normal, platformName: windows, proxy: Proxy(), se:cdp: ws://localhost:51676/devtoo..., se:cdpVersion: 141.0.7390.108, setWindowRect: true, strictFileInteractability: false, timeouts: {implicit: 0, pageLoad: 300000, script: 30000}, unhandledPromptBehavior: accept, webauthn:extension:credBlob: true, webauthn:extension:largeBlob: true, webauthn:extension:minPinLength: true, webauthn:extension:prf: true, webauthn:virtualAuthenticators: true}
selenide.baseUrl: http://localhost:8080
Session ID: 78182c116a1b93a182f2973ddb3a40a2
at org.openqa.selenium.remote.codec.w3c.W3CHttpResponseCodec.decode(W3CHttpResponseCodec.java:131)
at org.openqa.selenium.remote.codec.w3c.W3CHttpResponseCodec.decode(W3CHttpResponseCodec.java:52)
at org.openqa.selenium.remote.HttpCommandExecutor.execute(HttpCommandExecutor.java:191)
at org.openqa.selenium.remote.service.DriverCommandExecutor.invokeExecute(DriverCommandExecutor.java:200)
at org.openqa.selenium.remote.service.DriverCommandExecutor.execute(DriverCommandExecutor.java:175)
at org.openqa.selenium.remote.RemoteWebDriver.execute(RemoteWebDriver.java:523)
at org.openqa.selenium.remote.RemoteWebDriver.execute(RemoteWebDriver.java:596)
at org.openqa.selenium.remote.RemoteWebDriver.execute(RemoteWebDriver.java:600)
at org.openqa.selenium.remote.RemoteWebDriver.getTitle(RemoteWebDriver.java:310)
at com.codeborne.selenide.drivercommands.BrowserHealthChecker.isBrowserStillOpen(BrowserHealthChecker.java:16)
at com.codeborne.selenide.WebDriverThreadLocalContainer.getAndCheckWebDriver(WebDriverThreadLocalContainer.java:133)
at com.codeborne.selenide.WebDriverRunner.getAndCheckWebDriver(WebDriverRunner.java:99)
at com.codeborne.selenide.StaticDriver.getAndCheckWebDriver(StaticDriver.java:41)
at com.codeborne.selenide.SelenideDriver.getAndCheckWebDriver(SelenideDriver.java:247)
at com.codeborne.selenide.drivercommands.Navigator.lambda$navigateTo$0(Navigator.java:67)
at com.codeborne.selenide.logevents.SelenideLogger.lambda$run$0(SelenideLogger.java:99)
at com.codeborne.selenide.logevents.SelenideLogger.wrap(SelenideLogger.java:128)
at com.codeborne.selenide.logevents.SelenideLogger.run(SelenideLogger.java:98)
at com.codeborne.selenide.drivercommands.Navigator.navigateTo(Navigator.java:65)
at com.codeborne.selenide.drivercommands.Navigator.open(Navigator.java:29)
at com.codeborne.selenide.SelenideDriver.open(SelenideDriver.java:104)
at com.codeborne.selenide.Selenide.open(Selenide.java:50)
at kerala_Tourism_Automation_Selenide_Java.Pages.SignupPage.openPage(SignupPage.java:14)
at kerala_Tourism_Automation_Selenide_Java.FormValidation.signupEmptyPassword2(FormValidation.java:94)
at java.base/java.util.ArrayList.forEach(ArrayList.java:1596)
... Removed 25 stack frames]]>
    </failure>
  </testcase> <!-- signupEmptyPassword2 -->
  <testcase classname="kerala_Tourism_Automation_Selenide_Java.FormValidation" name="signupPasswordMismatch" time="0.909"/>
  <testcase classname="kerala_Tourism_Automation_Selenide_Java.FormValidation" name="validatingLoginForm" time="0.575"/>
  <testcase classname="kerala_Tourism_Automation_Selenide_Java.PerformanceTestUsingPageLoadTime" name="measurePageLoadTime" time="1.532"/>
  <testcase classname="kerala_Tourism_Automation_Selenide_Java.ResponsiveUITest" name="verifyResponsiveLayouts" time="0.589"/>
  <testcase classname="kerala_Tourism_Automation_Selenide_Java.ResponsiveUITest" name="verifyResponsiveLayouts" time="0.536"/>
  <testcase classname="kerala_Tourism_Automation_Selenide_Java.ResponsiveUITest" name="verifyResponsiveLayouts" time="0.494"/>
  <testcase classname="kerala_Tourism_Automation_Selenide_Java.ResponsiveUITest" name="verifyResponsiveLayouts" time="0.505"/>
</testsuite> <!-- E2E and FormValidation Tests -->
