{"uuid":"2f4d485c-71be-49f2-b33a-00df5696c285","historyId":"b7ac1469dcf5f8c82890556972ec3def","fullName":"kerala_Tourism_Automation_Selenide_Java.FormValidation.loginInvalidEmail","labels":[{"name":"package","value":"kerala_Tourism_Automation_Selenide_Java.FormValidation"},{"name":"testClass","value":"kerala_Tourism_Automation_Selenide_Java.FormValidation"},{"name":"testMethod","value":"loginInvalidEmail"},{"name":"parentSuite","value":"KeralaTourismAutomation"},{"name":"suite","value":"E2E and FormValidation Tests"},{"name":"subSuite","value":"kerala_Tourism_Automation_Selenide_Java.FormValidation"},{"name":"host","value":"LAPTOP-O877SD89"},{"name":"thread","value":"26836@LAPTOP-O877SD89.main(1)"},{"name":"framework","value":"testng"},{"name":"language","value":"java"}],"links":[],"name":"loginInvalidEmail","status":"failed","statusDetails":{"known":false,"muted":false,"flaky":false,"message":"Alert not found\r\nScreenshot: file:/C:/Users/GIRISH/eclipse-workspace/Kerala_Tourism_Automation_Selenide_Java/test-output/screenshots/1760949276545.0.png\r\nPage source: file:/C:/Users/GIRISH/eclipse-workspace/Kerala_Tourism_Automation_Selenide_Java/test-output/screenshots/1760949276545.0.html\r\nTimeout: 8 s.\r\nCaused by: TimeoutException: Expected condition failed: waiting for alert to be present (tried for 8 second(s) with 200 milliseconds interval)","trace":"Alert not found\r\nScreenshot: file:/C:/Users/GIRISH/eclipse-workspace/Kerala_Tourism_Automation_Selenide_Java/test-output/screenshots/1760949276545.0.png\r\nPage source: file:/C:/Users/GIRISH/eclipse-workspace/Kerala_Tourism_Automation_Selenide_Java/test-output/screenshots/1760949276545.0.html\r\nTimeout: 8 s.\r\nCaused by: TimeoutException: Expected condition failed: waiting for alert to be present (tried for 8 second(s) with 200 milliseconds interval)\r\n\tat com.codeborne.selenide.SelenideTargetLocator.alertNotFoundError(SelenideTargetLocator.java:308)\r\n\tat com.codeborne.selenide.SelenideTargetLocator.alert(SelenideTargetLocator.java:182)\r\n\tat com.codeborne.selenide.SelenideTargetLocator.alert(SelenideTargetLocator.java:172)\r\n\tat kerala_Tourism_Automation_Selenide_Java.Pages.LoginPage.handleAlert(LoginPage.java:33)\r\n\tat kerala_Tourism_Automation_Selenide_Java.FormValidation.loginInvalidEmail(FormValidation.java:56)\r\n\tat java.base/jdk.internal.reflect.DirectMethodHandleAccessor.invoke(DirectMethodHandleAccessor.java:103)\r\n\tat java.base/java.lang.reflect.Method.invoke(Method.java:580)\r\n\tat org.testng.internal.invokers.MethodInvocationHelper.invokeMethod(MethodInvocationHelper.java:141)\r\n\tat org.testng.internal.invokers.TestInvoker.invokeMethod(TestInvoker.java:686)\r\n\tat org.testng.internal.invokers.TestInvoker.invokeTestMethod(TestInvoker.java:230)\r\n\tat org.testng.internal.invokers.MethodRunner.runInSequence(MethodRunner.java:63)\r\n\tat org.testng.internal.invokers.TestInvoker$MethodInvocationAgent.invoke(TestInvoker.java:992)\r\n\tat org.testng.internal.invokers.TestInvoker.invokeTestMethods(TestInvoker.java:203)\r\n\tat org.testng.internal.invokers.TestMethodWorker.invokeTestMethods(TestMethodWorker.java:154)\r\n\tat org.testng.internal.invokers.TestMethodWorker.run(TestMethodWorker.java:134)\r\n\tat java.base/java.util.ArrayList.forEach(ArrayList.java:1596)\r\n\tat org.testng.TestRunner.privateRun(TestRunner.java:739)\r\n\tat org.testng.TestRunner.run(TestRunner.java:614)\r\n\tat org.testng.SuiteRunner.runTest(SuiteRunner.java:421)\r\n\tat org.testng.SuiteRunner.runSequentially(SuiteRunner.java:413)\r\n\tat org.testng.SuiteRunner.privateRun(SuiteRunner.java:373)\r\n\tat org.testng.SuiteRunner.run(SuiteRunner.java:312)\r\n\tat org.testng.SuiteRunnerWorker.runSuite(SuiteRunnerWorker.java:52)\r\n\tat org.testng.SuiteRunnerWorker.run(SuiteRunnerWorker.java:95)\r\n\tat org.testng.TestNG.runSuitesSequentially(TestNG.java:1274)\r\n\tat org.testng.TestNG.runSuitesLocally(TestNG.java:1208)\r\n\tat org.testng.TestNG.runSuites(TestNG.java:1112)\r\n\tat org.testng.TestNG.run(TestNG.java:1079)\r\n\tat org.testng.remote.AbstractRemoteTestNG.run(AbstractRemoteTestNG.java:115)\r\n\tat org.testng.remote.RemoteTestNG.initAndRun(RemoteTestNG.java:293)\r\n\tat org.testng.remote.RemoteTestNG.main(RemoteTestNG.java:91)\r\nCaused by: org.openqa.selenium.TimeoutException: Expected condition failed: waiting for alert to be present (tried for 8 second(s) with 200 milliseconds interval)\nBuild info: version: '4.16.0', revision: '15400459dd*'\nSystem info: os.name: 'Windows 11', os.arch: 'amd64', os.version: '10.0', java.version: '21.0.7'\nDriver info: driver.version: unknown\r\n\tat org.openqa.selenium.support.ui.FluentWait.timeoutException(FluentWait.java:261)\r\n\tat org.openqa.selenium.support.ui.FluentWait.until(FluentWait.java:229)\r\n\tat com.codeborne.selenide.SelenideTargetLocator.alert(SelenideTargetLocator.java:179)\r\n\t... 29 more\r\n"},"stage":"finished","steps":[],"attachments":[],"parameters":[],"start":1760949267857,"stop":1760949277340}