<?xml version="1.0" encoding="UTF-8"?>
<testng-results ignored="0" total="60" passed="0" failed="0" skipped="60">
  <reporter-output>
  </reporter-output>
  <suite started-at="2025-10-23T21:27:33 IST" name="KeralaTourismAutomation" finished-at="2025-10-23T21:27:33 IST" duration-ms="546">
    <groups>
      <group name="Responsive">
        <method signature="ResponsiveUITest.verifyResponsiveLayouts(int,int,java.lang.String)[pri:0, instance:kerala_Tourism_Automation_Selenide_Java.ResponsiveUITest@700fb871]" name="verifyResponsiveLayouts" class="kerala_Tourism_Automation_Selenide_Java.ResponsiveUITest"/>
        <method signature="ResponsiveUITest.verifyResponsiveLayouts(int,int,java.lang.String)[pri:0, instance:kerala_Tourism_Automation_Selenide_Java.ResponsiveUITest@4c5ae43b]" name="verifyResponsiveLayouts" class="kerala_Tourism_Automation_Selenide_Java.ResponsiveUITest"/>
        <method signature="ResponsiveUITest.verifyResponsiveLayouts(int,int,java.lang.String)[pri:0, instance:kerala_Tourism_Automation_Selenide_Java.ResponsiveUITest@b86de0d]" name="verifyResponsiveLayouts" class="kerala_Tourism_Automation_Selenide_Java.ResponsiveUITest"/>
      </group> <!-- Responsive -->
      <group name="FormValidation">
        <method signature="FormValidation.loginBothEmptyFields()[pri:0, instance:kerala_Tourism_Automation_Selenide_Java.FormValidation@1224144a]" name="loginBothEmptyFields" class="kerala_Tourism_Automation_Selenide_Java.FormValidation"/>
        <method signature="FormValidation.loginEmptyEmail()[pri:0, instance:kerala_Tourism_Automation_Selenide_Java.FormValidation@1224144a]" name="loginEmptyEmail" class="kerala_Tourism_Automation_Selenide_Java.FormValidation"/>
        <method signature="FormValidation.loginEmptyPassword()[pri:0, instance:kerala_Tourism_Automation_Selenide_Java.FormValidation@1224144a]" name="loginEmptyPassword" class="kerala_Tourism_Automation_Selenide_Java.FormValidation"/>
        <method signature="FormValidation.loginInvalidEmail()[pri:0, instance:kerala_Tourism_Automation_Selenide_Java.FormValidation@1224144a]" name="loginInvalidEmail" class="kerala_Tourism_Automation_Selenide_Java.FormValidation"/>
        <method signature="FormValidation.loginInvalidPassword()[pri:0, instance:kerala_Tourism_Automation_Selenide_Java.FormValidation@1224144a]" name="loginInvalidPassword" class="kerala_Tourism_Automation_Selenide_Java.FormValidation"/>
        <method signature="FormValidation.signupEmptyEmail()[pri:0, instance:kerala_Tourism_Automation_Selenide_Java.FormValidation@1224144a]" name="signupEmptyEmail" class="kerala_Tourism_Automation_Selenide_Java.FormValidation"/>
        <method signature="FormValidation.signupEmptyName()[pri:0, instance:kerala_Tourism_Automation_Selenide_Java.FormValidation@1224144a]" name="signupEmptyName" class="kerala_Tourism_Automation_Selenide_Java.FormValidation"/>
        <method signature="FormValidation.signupEmptyPassword1()[pri:0, instance:kerala_Tourism_Automation_Selenide_Java.FormValidation@1224144a]" name="signupEmptyPassword1" class="kerala_Tourism_Automation_Selenide_Java.FormValidation"/>
        <method signature="FormValidation.signupEmptyPassword2()[pri:0, instance:kerala_Tourism_Automation_Selenide_Java.FormValidation@1224144a]" name="signupEmptyPassword2" class="kerala_Tourism_Automation_Selenide_Java.FormValidation"/>
        <method signature="FormValidation.signupPasswordMismatch()[pri:0, instance:kerala_Tourism_Automation_Selenide_Java.FormValidation@1224144a]" name="signupPasswordMismatch" class="kerala_Tourism_Automation_Selenide_Java.FormValidation"/>
        <method signature="FormValidation.loginBothEmptyFields()[pri:0, instance:kerala_Tourism_Automation_Selenide_Java.FormValidation@1cf56a1c]" name="loginBothEmptyFields" class="kerala_Tourism_Automation_Selenide_Java.FormValidation"/>
        <method signature="FormValidation.loginEmptyEmail()[pri:0, instance:kerala_Tourism_Automation_Selenide_Java.FormValidation@1cf56a1c]" name="loginEmptyEmail" class="kerala_Tourism_Automation_Selenide_Java.FormValidation"/>
        <method signature="FormValidation.loginEmptyPassword()[pri:0, instance:kerala_Tourism_Automation_Selenide_Java.FormValidation@1cf56a1c]" name="loginEmptyPassword" class="kerala_Tourism_Automation_Selenide_Java.FormValidation"/>
        <method signature="FormValidation.loginInvalidEmail()[pri:0, instance:kerala_Tourism_Automation_Selenide_Java.FormValidation@1cf56a1c]" name="loginInvalidEmail" class="kerala_Tourism_Automation_Selenide_Java.FormValidation"/>
        <method signature="FormValidation.loginInvalidPassword()[pri:0, instance:kerala_Tourism_Automation_Selenide_Java.FormValidation@1cf56a1c]" name="loginInvalidPassword" class="kerala_Tourism_Automation_Selenide_Java.FormValidation"/>
        <method signature="FormValidation.signupEmptyEmail()[pri:0, instance:kerala_Tourism_Automation_Selenide_Java.FormValidation@1cf56a1c]" name="signupEmptyEmail" class="kerala_Tourism_Automation_Selenide_Java.FormValidation"/>
        <method signature="FormValidation.signupEmptyName()[pri:0, instance:kerala_Tourism_Automation_Selenide_Java.FormValidation@1cf56a1c]" name="signupEmptyName" class="kerala_Tourism_Automation_Selenide_Java.FormValidation"/>
        <method signature="FormValidation.signupEmptyPassword1()[pri:0, instance:kerala_Tourism_Automation_Selenide_Java.FormValidation@1cf56a1c]" name="signupEmptyPassword1" class="kerala_Tourism_Automation_Selenide_Java.FormValidation"/>
        <method signature="FormValidation.signupEmptyPassword2()[pri:0, instance:kerala_Tourism_Automation_Selenide_Java.FormValidation@1cf56a1c]" name="signupEmptyPassword2" class="kerala_Tourism_Automation_Selenide_Java.FormValidation"/>
        <method signature="FormValidation.signupPasswordMismatch()[pri:0, instance:kerala_Tourism_Automation_Selenide_Java.FormValidation@1cf56a1c]" name="signupPasswordMismatch" class="kerala_Tourism_Automation_Selenide_Java.FormValidation"/>
        <method signature="FormValidation.loginBothEmptyFields()[pri:0, instance:kerala_Tourism_Automation_Selenide_Java.FormValidation@35b74c5c]" name="loginBothEmptyFields" class="kerala_Tourism_Automation_Selenide_Java.FormValidation"/>
        <method signature="FormValidation.loginEmptyEmail()[pri:0, instance:kerala_Tourism_Automation_Selenide_Java.FormValidation@35b74c5c]" name="loginEmptyEmail" class="kerala_Tourism_Automation_Selenide_Java.FormValidation"/>
        <method signature="FormValidation.loginEmptyPassword()[pri:0, instance:kerala_Tourism_Automation_Selenide_Java.FormValidation@35b74c5c]" name="loginEmptyPassword" class="kerala_Tourism_Automation_Selenide_Java.FormValidation"/>
        <method signature="FormValidation.loginInvalidEmail()[pri:0, instance:kerala_Tourism_Automation_Selenide_Java.FormValidation@35b74c5c]" name="loginInvalidEmail" class="kerala_Tourism_Automation_Selenide_Java.FormValidation"/>
        <method signature="FormValidation.loginInvalidPassword()[pri:0, instance:kerala_Tourism_Automation_Selenide_Java.FormValidation@35b74c5c]" name="loginInvalidPassword" class="kerala_Tourism_Automation_Selenide_Java.FormValidation"/>
        <method signature="FormValidation.signupEmptyEmail()[pri:0, instance:kerala_Tourism_Automation_Selenide_Java.FormValidation@35b74c5c]" name="signupEmptyEmail" class="kerala_Tourism_Automation_Selenide_Java.FormValidation"/>
        <method signature="FormValidation.signupEmptyName()[pri:0, instance:kerala_Tourism_Automation_Selenide_Java.FormValidation@35b74c5c]" name="signupEmptyName" class="kerala_Tourism_Automation_Selenide_Java.FormValidation"/>
        <method signature="FormValidation.signupEmptyPassword1()[pri:0, instance:kerala_Tourism_Automation_Selenide_Java.FormValidation@35b74c5c]" name="signupEmptyPassword1" class="kerala_Tourism_Automation_Selenide_Java.FormValidation"/>
        <method signature="FormValidation.signupEmptyPassword2()[pri:0, instance:kerala_Tourism_Automation_Selenide_Java.FormValidation@35b74c5c]" name="signupEmptyPassword2" class="kerala_Tourism_Automation_Selenide_Java.FormValidation"/>
        <method signature="FormValidation.signupPasswordMismatch()[pri:0, instance:kerala_Tourism_Automation_Selenide_Java.FormValidation@35b74c5c]" name="signupPasswordMismatch" class="kerala_Tourism_Automation_Selenide_Java.FormValidation"/>
      </group> <!-- FormValidation -->
      <group name="E2E">
        <method signature="E2EUserJourney.verifyHomePage()[pri:1, instance:kerala_Tourism_Automation_Selenide_Java.E2EUserJourney@49c90a9c]" name="verifyHomePage" class="kerala_Tourism_Automation_Selenide_Java.E2EUserJourney"/>
        <method signature="E2EUserJourney.performSignUp()[pri:2, instance:kerala_Tourism_Automation_Selenide_Java.E2EUserJourney@49c90a9c]" name="performSignUp" class="kerala_Tourism_Automation_Selenide_Java.E2EUserJourney"/>
        <method signature="E2EUserJourney.performLogin()[pri:3, instance:kerala_Tourism_Automation_Selenide_Java.E2EUserJourney@49c90a9c]" name="performLogin" class="kerala_Tourism_Automation_Selenide_Java.E2EUserJourney"/>
        <method signature="E2EUserJourney.exploreDistricts()[pri:4, instance:kerala_Tourism_Automation_Selenide_Java.E2EUserJourney@49c90a9c]" name="exploreDistricts" class="kerala_Tourism_Automation_Selenide_Java.E2EUserJourney"/>
        <method signature="E2EUserJourney.verifyHomePage()[pri:1, instance:kerala_Tourism_Automation_Selenide_Java.E2EUserJourney@3cce57c7]" name="verifyHomePage" class="kerala_Tourism_Automation_Selenide_Java.E2EUserJourney"/>
        <method signature="E2EUserJourney.performSignUp()[pri:2, instance:kerala_Tourism_Automation_Selenide_Java.E2EUserJourney@3cce57c7]" name="performSignUp" class="kerala_Tourism_Automation_Selenide_Java.E2EUserJourney"/>
        <method signature="E2EUserJourney.performLogin()[pri:3, instance:kerala_Tourism_Automation_Selenide_Java.E2EUserJourney@3cce57c7]" name="performLogin" class="kerala_Tourism_Automation_Selenide_Java.E2EUserJourney"/>
        <method signature="E2EUserJourney.exploreDistricts()[pri:4, instance:kerala_Tourism_Automation_Selenide_Java.E2EUserJourney@3cce57c7]" name="exploreDistricts" class="kerala_Tourism_Automation_Selenide_Java.E2EUserJourney"/>
        <method signature="E2EUserJourney.verifyHomePage()[pri:1, instance:kerala_Tourism_Automation_Selenide_Java.E2EUserJourney@3576ddc2]" name="verifyHomePage" class="kerala_Tourism_Automation_Selenide_Java.E2EUserJourney"/>
        <method signature="E2EUserJourney.performSignUp()[pri:2, instance:kerala_Tourism_Automation_Selenide_Java.E2EUserJourney@3576ddc2]" name="performSignUp" class="kerala_Tourism_Automation_Selenide_Java.E2EUserJourney"/>
        <method signature="E2EUserJourney.performLogin()[pri:3, instance:kerala_Tourism_Automation_Selenide_Java.E2EUserJourney@3576ddc2]" name="performLogin" class="kerala_Tourism_Automation_Selenide_Java.E2EUserJourney"/>
        <method signature="E2EUserJourney.exploreDistricts()[pri:4, instance:kerala_Tourism_Automation_Selenide_Java.E2EUserJourney@3576ddc2]" name="exploreDistricts" class="kerala_Tourism_Automation_Selenide_Java.E2EUserJourney"/>
      </group> <!-- E2E -->
    </groups>
    <test started-at="2025-10-23T21:27:33 IST" name="E2E and FormValidation Tests Firefox Test" finished-at="2025-10-23T21:27:33 IST" duration-ms="542">
      <class name="kerala_Tourism_Automation_Selenide_Java.E2EUserJourney">
        <test-method is-config="true" signature="setUp(java.lang.String)[pri:0, instance:kerala_Tourism_Automation_Selenide_Java.E2EUserJourney@49c90a9c]" started-at="2025-10-23T21:27:33 IST" name="setUp" finished-at="2025-10-23T21:27:33 IST" duration-ms="0" status="FAIL">
          <params>
            <param index="0">
              <value>
                <![CDATA[firefox]]>
              </value>
            </param>
          </params>
          <exception class="java.lang.Error">
            <message>
              <![CDATA[Unresolved compilation problem: 
The method enableLogs(LogType, Level) in the type AllureSelenide is not applicable for the arguments (boolean)
]]>
            </message>
            <full-stacktrace>
              <![CDATA[java.lang.Error: Unresolved compilation problem: 
The method enableLogs(LogType, Level) in the type AllureSelenide is not applicable for the arguments (boolean)

at kerala_Tourism_Automation_Selenide_Java.Base.setUp(Base.java:36)
at java.base/jdk.internal.reflect.DirectMethodHandleAccessor.invoke(DirectMethodHandleAccessor.java:103)
at java.base/java.lang.reflect.Method.invoke(Method.java:580)
at org.testng.internal.invokers.MethodInvocationHelper.invokeMethod(MethodInvocationHelper.java:141)
at org.testng.internal.invokers.MethodInvocationHelper.invokeMethodConsideringTimeout(MethodInvocationHelper.java:71)
at org.testng.internal.invokers.ConfigInvoker.invokeConfigurationMethod(ConfigInvoker.java:400)
at org.testng.internal.invokers.ConfigInvoker.invokeConfigurations(ConfigInvoker.java:333)
at org.testng.internal.invokers.TestMethodWorker.invokeBeforeClassMethods(TestMethodWorker.java:188)
at org.testng.internal.invokers.TestMethodWorker.run(TestMethodWorker.java:128)
at java.base/java.util.ArrayList.forEach(ArrayList.java:1596)
at org.testng.TestRunner.privateRun(TestRunner.java:739)
at org.testng.TestRunner.run(TestRunner.java:614)
at org.testng.SuiteRunner.runTest(SuiteRunner.java:421)
at org.testng.SuiteRunner$SuiteWorker.run(SuiteRunner.java:463)
at org.testng.internal.thread.ThreadUtil.lambda$execute$0(ThreadUtil.java:64)
at java.base/java.util.concurrent.FutureTask.run(FutureTask.java:317)
at java.base/java.util.concurrent.ThreadPoolExecutor.runWorker(ThreadPoolExecutor.java:1144)
at java.base/java.util.concurrent.ThreadPoolExecutor$Worker.run(ThreadPoolExecutor.java:642)
at java.base/java.lang.Thread.run(Thread.java:1583)
]]>
            </full-stacktrace>
          </exception> <!-- java.lang.Error -->
          <reporter-output>
          </reporter-output>
        </test-method> <!-- setUp -->
        <test-method signature="verifyHomePage()[pri:1, instance:kerala_Tourism_Automation_Selenide_Java.E2EUserJourney@49c90a9c]" started-at="2025-10-23T21:27:33 IST" name="verifyHomePage" finished-at="2025-10-23T21:27:33 IST" duration-ms="0" status="SKIP">
          <exception class="java.lang.Error">
            <message>
              <![CDATA[Unresolved compilation problem: 
The method enableLogs(LogType, Level) in the type AllureSelenide is not applicable for the arguments (boolean)
]]>
            </message>
            <full-stacktrace>
              <![CDATA[java.lang.Error: Unresolved compilation problem: 
The method enableLogs(LogType, Level) in the type AllureSelenide is not applicable for the arguments (boolean)

at kerala_Tourism_Automation_Selenide_Java.Base.setUp(Base.java:36)
at java.base/jdk.internal.reflect.DirectMethodHandleAccessor.invoke(DirectMethodHandleAccessor.java:103)
at java.base/java.lang.reflect.Method.invoke(Method.java:580)
at org.testng.internal.invokers.MethodInvocationHelper.invokeMethod(MethodInvocationHelper.java:141)
at org.testng.internal.invokers.MethodInvocationHelper.invokeMethodConsideringTimeout(MethodInvocationHelper.java:71)
at org.testng.internal.invokers.ConfigInvoker.invokeConfigurationMethod(ConfigInvoker.java:400)
at org.testng.internal.invokers.ConfigInvoker.invokeConfigurations(ConfigInvoker.java:333)
at org.testng.internal.invokers.TestMethodWorker.invokeBeforeClassMethods(TestMethodWorker.java:188)
at org.testng.internal.invokers.TestMethodWorker.run(TestMethodWorker.java:128)
at java.base/java.util.ArrayList.forEach(ArrayList.java:1596)
at org.testng.TestRunner.privateRun(TestRunner.java:739)
at org.testng.TestRunner.run(TestRunner.java:614)
at org.testng.SuiteRunner.runTest(SuiteRunner.java:421)
at org.testng.SuiteRunner$SuiteWorker.run(SuiteRunner.java:463)
at org.testng.internal.thread.ThreadUtil.lambda$execute$0(ThreadUtil.java:64)
at java.base/java.util.concurrent.FutureTask.run(FutureTask.java:317)
at java.base/java.util.concurrent.ThreadPoolExecutor.runWorker(ThreadPoolExecutor.java:1144)
at java.base/java.util.concurrent.ThreadPoolExecutor$Worker.run(ThreadPoolExecutor.java:642)
at java.base/java.lang.Thread.run(Thread.java:1583)
]]>
            </full-stacktrace>
          </exception> <!-- java.lang.Error -->
          <reporter-output>
          </reporter-output>
        </test-method> <!-- verifyHomePage -->
        <test-method signature="performSignUp()[pri:2, instance:kerala_Tourism_Automation_Selenide_Java.E2EUserJourney@49c90a9c]" started-at="2025-10-23T21:27:33 IST" name="performSignUp" finished-at="2025-10-23T21:27:33 IST" depends-on-methods="kerala_Tourism_Automation_Selenide_Java.E2EUserJourney.verifyHomePage" duration-ms="0" status="SKIP">
          <exception class="java.lang.Throwable">
            <message>
              <![CDATA[Method kerala_Tourism_Automation_Selenide_Java.E2EUserJourney.performSignUp() on instance kerala_Tourism_Automation_Selenide_Java.E2EUserJourney@49c90a9c depends on not successfully finished methods 
[kerala_Tourism_Automation_Selenide_Java.E2EUserJourney.verifyHomePage() on instance kerala_Tourism_Automation_Selenide_Java.E2EUserJourney@49c90a9c]]]>
            </message>
            <full-stacktrace>
              <![CDATA[java.lang.Throwable: Method kerala_Tourism_Automation_Selenide_Java.E2EUserJourney.performSignUp() on instance kerala_Tourism_Automation_Selenide_Java.E2EUserJourney@49c90a9c depends on not successfully finished methods 
[kerala_Tourism_Automation_Selenide_Java.E2EUserJourney.verifyHomePage() on instance kerala_Tourism_Automation_Selenide_Java.E2EUserJourney@49c90a9c]
at org.testng.internal.invokers.TestInvoker.invokeTestMethods(TestInvoker.java:159)
at org.testng.internal.invokers.TestMethodWorker.invokeTestMethods(TestMethodWorker.java:154)
at org.testng.internal.invokers.TestMethodWorker.run(TestMethodWorker.java:134)
at java.base/java.util.ArrayList.forEach(ArrayList.java:1596)
at org.testng.TestRunner.privateRun(TestRunner.java:739)
at org.testng.TestRunner.run(TestRunner.java:614)
at org.testng.SuiteRunner.runTest(SuiteRunner.java:421)
at org.testng.SuiteRunner$SuiteWorker.run(SuiteRunner.java:463)
at org.testng.internal.thread.ThreadUtil.lambda$execute$0(ThreadUtil.java:64)
at java.base/java.util.concurrent.FutureTask.run(FutureTask.java:317)
at java.base/java.util.concurrent.ThreadPoolExecutor.runWorker(ThreadPoolExecutor.java:1144)
at java.base/java.util.concurrent.ThreadPoolExecutor$Worker.run(ThreadPoolExecutor.java:642)
at java.base/java.lang.Thread.run(Thread.java:1583)
]]>
            </full-stacktrace>
          </exception> <!-- java.lang.Throwable -->
          <reporter-output>
          </reporter-output>
        </test-method> <!-- performSignUp -->
        <test-method signature="performLogin()[pri:3, instance:kerala_Tourism_Automation_Selenide_Java.E2EUserJourney@49c90a9c]" started-at="2025-10-23T21:27:33 IST" name="performLogin" finished-at="2025-10-23T21:27:33 IST" depends-on-methods="kerala_Tourism_Automation_Selenide_Java.E2EUserJourney.performSignUp" duration-ms="0" status="SKIP">
          <exception class="java.lang.Throwable">
            <message>
              <![CDATA[Method kerala_Tourism_Automation_Selenide_Java.E2EUserJourney.performLogin() on instance kerala_Tourism_Automation_Selenide_Java.E2EUserJourney@49c90a9c depends on not successfully finished methods 
[kerala_Tourism_Automation_Selenide_Java.E2EUserJourney.performSignUp() on instance kerala_Tourism_Automation_Selenide_Java.E2EUserJourney@49c90a9c]]]>
            </message>
            <full-stacktrace>
              <![CDATA[java.lang.Throwable: Method kerala_Tourism_Automation_Selenide_Java.E2EUserJourney.performLogin() on instance kerala_Tourism_Automation_Selenide_Java.E2EUserJourney@49c90a9c depends on not successfully finished methods 
[kerala_Tourism_Automation_Selenide_Java.E2EUserJourney.performSignUp() on instance kerala_Tourism_Automation_Selenide_Java.E2EUserJourney@49c90a9c]
at org.testng.internal.invokers.TestInvoker.invokeTestMethods(TestInvoker.java:159)
at org.testng.internal.invokers.TestMethodWorker.invokeTestMethods(TestMethodWorker.java:154)
at org.testng.internal.invokers.TestMethodWorker.run(TestMethodWorker.java:134)
at java.base/java.util.ArrayList.forEach(ArrayList.java:1596)
at org.testng.TestRunner.privateRun(TestRunner.java:739)
at org.testng.TestRunner.run(TestRunner.java:614)
at org.testng.SuiteRunner.runTest(SuiteRunner.java:421)
at org.testng.SuiteRunner$SuiteWorker.run(SuiteRunner.java:463)
at org.testng.internal.thread.ThreadUtil.lambda$execute$0(ThreadUtil.java:64)
at java.base/java.util.concurrent.FutureTask.run(FutureTask.java:317)
at java.base/java.util.concurrent.ThreadPoolExecutor.runWorker(ThreadPoolExecutor.java:1144)
at java.base/java.util.concurrent.ThreadPoolExecutor$Worker.run(ThreadPoolExecutor.java:642)
at java.base/java.lang.Thread.run(Thread.java:1583)
]]>
            </full-stacktrace>
          </exception> <!-- java.lang.Throwable -->
          <reporter-output>
          </reporter-output>
        </test-method> <!-- performLogin -->
        <test-method signature="exploreDistricts()[pri:4, instance:kerala_Tourism_Automation_Selenide_Java.E2EUserJourney@49c90a9c]" started-at="2025-10-23T21:27:33 IST" name="exploreDistricts" finished-at="2025-10-23T21:27:33 IST" depends-on-methods="kerala_Tourism_Automation_Selenide_Java.E2EUserJourney.performLogin" duration-ms="0" status="SKIP">
          <exception class="java.lang.Throwable">
            <message>
              <![CDATA[Method kerala_Tourism_Automation_Selenide_Java.E2EUserJourney.exploreDistricts() on instance kerala_Tourism_Automation_Selenide_Java.E2EUserJourney@49c90a9c depends on not successfully finished methods 
[kerala_Tourism_Automation_Selenide_Java.E2EUserJourney.performLogin() on instance kerala_Tourism_Automation_Selenide_Java.E2EUserJourney@49c90a9c]]]>
            </message>
            <full-stacktrace>
              <![CDATA[java.lang.Throwable: Method kerala_Tourism_Automation_Selenide_Java.E2EUserJourney.exploreDistricts() on instance kerala_Tourism_Automation_Selenide_Java.E2EUserJourney@49c90a9c depends on not successfully finished methods 
[kerala_Tourism_Automation_Selenide_Java.E2EUserJourney.performLogin() on instance kerala_Tourism_Automation_Selenide_Java.E2EUserJourney@49c90a9c]
at org.testng.internal.invokers.TestInvoker.invokeTestMethods(TestInvoker.java:159)
at org.testng.internal.invokers.TestMethodWorker.invokeTestMethods(TestMethodWorker.java:154)
at org.testng.internal.invokers.TestMethodWorker.run(TestMethodWorker.java:134)
at java.base/java.util.ArrayList.forEach(ArrayList.java:1596)
at org.testng.TestRunner.privateRun(TestRunner.java:739)
at org.testng.TestRunner.run(TestRunner.java:614)
at org.testng.SuiteRunner.runTest(SuiteRunner.java:421)
at org.testng.SuiteRunner$SuiteWorker.run(SuiteRunner.java:463)
at org.testng.internal.thread.ThreadUtil.lambda$execute$0(ThreadUtil.java:64)
at java.base/java.util.concurrent.FutureTask.run(FutureTask.java:317)
at java.base/java.util.concurrent.ThreadPoolExecutor.runWorker(ThreadPoolExecutor.java:1144)
at java.base/java.util.concurrent.ThreadPoolExecutor$Worker.run(ThreadPoolExecutor.java:642)
at java.base/java.lang.Thread.run(Thread.java:1583)
]]>
            </full-stacktrace>
          </exception> <!-- java.lang.Throwable -->
          <reporter-output>
          </reporter-output>
        </test-method> <!-- exploreDistricts -->
        <test-method is-config="true" signature="tearDown()[pri:0, instance:kerala_Tourism_Automation_Selenide_Java.E2EUserJourney@49c90a9c]" started-at="2025-10-23T21:27:33 IST" name="tearDown" finished-at="2025-10-23T21:27:33 IST" duration-ms="0" status="PASS">
          <reporter-output>
          </reporter-output>
        </test-method> <!-- tearDown -->
      </class> <!-- kerala_Tourism_Automation_Selenide_Java.E2EUserJourney -->
      <class name="kerala_Tourism_Automation_Selenide_Java.FormValidation">
        <test-method is-config="true" signature="setUp(java.lang.String)[pri:0, instance:kerala_Tourism_Automation_Selenide_Java.FormValidation@1224144a]" started-at="2025-10-23T21:27:33 IST" name="setUp" finished-at="2025-10-23T21:27:33 IST" duration-ms="34" status="FAIL">
          <params>
            <param index="0">
              <value>
                <![CDATA[firefox]]>
              </value>
            </param>
          </params>
          <exception class="java.lang.Error">
            <message>
              <![CDATA[Unresolved compilation problem: 
The method enableLogs(LogType, Level) in the type AllureSelenide is not applicable for the arguments (boolean)
]]>
            </message>
            <full-stacktrace>
              <![CDATA[java.lang.Error: Unresolved compilation problem: 
The method enableLogs(LogType, Level) in the type AllureSelenide is not applicable for the arguments (boolean)

at kerala_Tourism_Automation_Selenide_Java.Base.setUp(Base.java:36)
at java.base/jdk.internal.reflect.DirectMethodHandleAccessor.invoke(DirectMethodHandleAccessor.java:103)
at java.base/java.lang.reflect.Method.invoke(Method.java:580)
at org.testng.internal.invokers.MethodInvocationHelper.invokeMethod(MethodInvocationHelper.java:141)
at org.testng.internal.invokers.MethodInvocationHelper.invokeMethodConsideringTimeout(MethodInvocationHelper.java:71)
at org.testng.internal.invokers.ConfigInvoker.invokeConfigurationMethod(ConfigInvoker.java:400)
at org.testng.internal.invokers.ConfigInvoker.invokeConfigurations(ConfigInvoker.java:333)
at org.testng.internal.invokers.TestMethodWorker.invokeBeforeClassMethods(TestMethodWorker.java:188)
at org.testng.internal.invokers.TestMethodWorker.run(TestMethodWorker.java:128)
at java.base/java.util.ArrayList.forEach(ArrayList.java:1596)
at org.testng.TestRunner.privateRun(TestRunner.java:739)
at org.testng.TestRunner.run(TestRunner.java:614)
at org.testng.SuiteRunner.runTest(SuiteRunner.java:421)
at org.testng.SuiteRunner$SuiteWorker.run(SuiteRunner.java:463)
at org.testng.internal.thread.ThreadUtil.lambda$execute$0(ThreadUtil.java:64)
at java.base/java.util.concurrent.FutureTask.run(FutureTask.java:317)
at java.base/java.util.concurrent.ThreadPoolExecutor.runWorker(ThreadPoolExecutor.java:1144)
at java.base/java.util.concurrent.ThreadPoolExecutor$Worker.run(ThreadPoolExecutor.java:642)
at java.base/java.lang.Thread.run(Thread.java:1583)
]]>
            </full-stacktrace>
          </exception> <!-- java.lang.Error -->
          <reporter-output>
          </reporter-output>
        </test-method> <!-- setUp -->
        <test-method signature="loginBothEmptyFields()[pri:0, instance:kerala_Tourism_Automation_Selenide_Java.FormValidation@1224144a]" started-at="2025-10-23T21:27:33 IST" name="loginBothEmptyFields" finished-at="2025-10-23T21:27:33 IST" duration-ms="0" status="SKIP">
          <exception class="java.lang.Error">
            <message>
              <![CDATA[Unresolved compilation problem: 
The method enableLogs(LogType, Level) in the type AllureSelenide is not applicable for the arguments (boolean)
]]>
            </message>
            <full-stacktrace>
              <![CDATA[java.lang.Error: Unresolved compilation problem: 
The method enableLogs(LogType, Level) in the type AllureSelenide is not applicable for the arguments (boolean)

at kerala_Tourism_Automation_Selenide_Java.Base.setUp(Base.java:36)
at java.base/jdk.internal.reflect.DirectMethodHandleAccessor.invoke(DirectMethodHandleAccessor.java:103)
at java.base/java.lang.reflect.Method.invoke(Method.java:580)
at org.testng.internal.invokers.MethodInvocationHelper.invokeMethod(MethodInvocationHelper.java:141)
at org.testng.internal.invokers.MethodInvocationHelper.invokeMethodConsideringTimeout(MethodInvocationHelper.java:71)
at org.testng.internal.invokers.ConfigInvoker.invokeConfigurationMethod(ConfigInvoker.java:400)
at org.testng.internal.invokers.ConfigInvoker.invokeConfigurations(ConfigInvoker.java:333)
at org.testng.internal.invokers.TestMethodWorker.invokeBeforeClassMethods(TestMethodWorker.java:188)
at org.testng.internal.invokers.TestMethodWorker.run(TestMethodWorker.java:128)
at java.base/java.util.ArrayList.forEach(ArrayList.java:1596)
at org.testng.TestRunner.privateRun(TestRunner.java:739)
at org.testng.TestRunner.run(TestRunner.java:614)
at org.testng.SuiteRunner.runTest(SuiteRunner.java:421)
at org.testng.SuiteRunner$SuiteWorker.run(SuiteRunner.java:463)
at org.testng.internal.thread.ThreadUtil.lambda$execute$0(ThreadUtil.java:64)
at java.base/java.util.concurrent.FutureTask.run(FutureTask.java:317)
at java.base/java.util.concurrent.ThreadPoolExecutor.runWorker(ThreadPoolExecutor.java:1144)
at java.base/java.util.concurrent.ThreadPoolExecutor$Worker.run(ThreadPoolExecutor.java:642)
at java.base/java.lang.Thread.run(Thread.java:1583)
]]>
            </full-stacktrace>
          </exception> <!-- java.lang.Error -->
          <reporter-output>
          </reporter-output>
        </test-method> <!-- loginBothEmptyFields -->
        <test-method signature="loginEmptyEmail()[pri:0, instance:kerala_Tourism_Automation_Selenide_Java.FormValidation@1224144a]" started-at="2025-10-23T21:27:33 IST" name="loginEmptyEmail" finished-at="2025-10-23T21:27:33 IST" duration-ms="0" status="SKIP">
          <exception class="java.lang.Error">
            <message>
              <![CDATA[Unresolved compilation problem: 
The method enableLogs(LogType, Level) in the type AllureSelenide is not applicable for the arguments (boolean)
]]>
            </message>
            <full-stacktrace>
              <![CDATA[java.lang.Error: Unresolved compilation problem: 
The method enableLogs(LogType, Level) in the type AllureSelenide is not applicable for the arguments (boolean)

at kerala_Tourism_Automation_Selenide_Java.Base.setUp(Base.java:36)
at java.base/jdk.internal.reflect.DirectMethodHandleAccessor.invoke(DirectMethodHandleAccessor.java:103)
at java.base/java.lang.reflect.Method.invoke(Method.java:580)
at org.testng.internal.invokers.MethodInvocationHelper.invokeMethod(MethodInvocationHelper.java:141)
at org.testng.internal.invokers.MethodInvocationHelper.invokeMethodConsideringTimeout(MethodInvocationHelper.java:71)
at org.testng.internal.invokers.ConfigInvoker.invokeConfigurationMethod(ConfigInvoker.java:400)
at org.testng.internal.invokers.ConfigInvoker.invokeConfigurations(ConfigInvoker.java:333)
at org.testng.internal.invokers.TestMethodWorker.invokeBeforeClassMethods(TestMethodWorker.java:188)
at org.testng.internal.invokers.TestMethodWorker.run(TestMethodWorker.java:128)
at java.base/java.util.ArrayList.forEach(ArrayList.java:1596)
at org.testng.TestRunner.privateRun(TestRunner.java:739)
at org.testng.TestRunner.run(TestRunner.java:614)
at org.testng.SuiteRunner.runTest(SuiteRunner.java:421)
at org.testng.SuiteRunner$SuiteWorker.run(SuiteRunner.java:463)
at org.testng.internal.thread.ThreadUtil.lambda$execute$0(ThreadUtil.java:64)
at java.base/java.util.concurrent.FutureTask.run(FutureTask.java:317)
at java.base/java.util.concurrent.ThreadPoolExecutor.runWorker(ThreadPoolExecutor.java:1144)
at java.base/java.util.concurrent.ThreadPoolExecutor$Worker.run(ThreadPoolExecutor.java:642)
at java.base/java.lang.Thread.run(Thread.java:1583)
]]>
            </full-stacktrace>
          </exception> <!-- java.lang.Error -->
          <reporter-output>
          </reporter-output>
        </test-method> <!-- loginEmptyEmail -->
        <test-method signature="loginEmptyPassword()[pri:0, instance:kerala_Tourism_Automation_Selenide_Java.FormValidation@1224144a]" started-at="2025-10-23T21:27:33 IST" name="loginEmptyPassword" finished-at="2025-10-23T21:27:33 IST" duration-ms="0" status="SKIP">
          <exception class="java.lang.Error">
            <message>
              <![CDATA[Unresolved compilation problem: 
The method enableLogs(LogType, Level) in the type AllureSelenide is not applicable for the arguments (boolean)
]]>
            </message>
            <full-stacktrace>
              <![CDATA[java.lang.Error: Unresolved compilation problem: 
The method enableLogs(LogType, Level) in the type AllureSelenide is not applicable for the arguments (boolean)

at kerala_Tourism_Automation_Selenide_Java.Base.setUp(Base.java:36)
at java.base/jdk.internal.reflect.DirectMethodHandleAccessor.invoke(DirectMethodHandleAccessor.java:103)
at java.base/java.lang.reflect.Method.invoke(Method.java:580)
at org.testng.internal.invokers.MethodInvocationHelper.invokeMethod(MethodInvocationHelper.java:141)
at org.testng.internal.invokers.MethodInvocationHelper.invokeMethodConsideringTimeout(MethodInvocationHelper.java:71)
at org.testng.internal.invokers.ConfigInvoker.invokeConfigurationMethod(ConfigInvoker.java:400)
at org.testng.internal.invokers.ConfigInvoker.invokeConfigurations(ConfigInvoker.java:333)
at org.testng.internal.invokers.TestMethodWorker.invokeBeforeClassMethods(TestMethodWorker.java:188)
at org.testng.internal.invokers.TestMethodWorker.run(TestMethodWorker.java:128)
at java.base/java.util.ArrayList.forEach(ArrayList.java:1596)
at org.testng.TestRunner.privateRun(TestRunner.java:739)
at org.testng.TestRunner.run(TestRunner.java:614)
at org.testng.SuiteRunner.runTest(SuiteRunner.java:421)
at org.testng.SuiteRunner$SuiteWorker.run(SuiteRunner.java:463)
at org.testng.internal.thread.ThreadUtil.lambda$execute$0(ThreadUtil.java:64)
at java.base/java.util.concurrent.FutureTask.run(FutureTask.java:317)
at java.base/java.util.concurrent.ThreadPoolExecutor.runWorker(ThreadPoolExecutor.java:1144)
at java.base/java.util.concurrent.ThreadPoolExecutor$Worker.run(ThreadPoolExecutor.java:642)
at java.base/java.lang.Thread.run(Thread.java:1583)
]]>
            </full-stacktrace>
          </exception> <!-- java.lang.Error -->
          <reporter-output>
          </reporter-output>
        </test-method> <!-- loginEmptyPassword -->
        <test-method signature="loginInvalidEmail()[pri:0, instance:kerala_Tourism_Automation_Selenide_Java.FormValidation@1224144a]" started-at="2025-10-23T21:27:33 IST" name="loginInvalidEmail" finished-at="2025-10-23T21:27:33 IST" duration-ms="0" status="SKIP">
          <exception class="java.lang.Error">
            <message>
              <![CDATA[Unresolved compilation problem: 
The method enableLogs(LogType, Level) in the type AllureSelenide is not applicable for the arguments (boolean)
]]>
            </message>
            <full-stacktrace>
              <![CDATA[java.lang.Error: Unresolved compilation problem: 
The method enableLogs(LogType, Level) in the type AllureSelenide is not applicable for the arguments (boolean)

at kerala_Tourism_Automation_Selenide_Java.Base.setUp(Base.java:36)
at java.base/jdk.internal.reflect.DirectMethodHandleAccessor.invoke(DirectMethodHandleAccessor.java:103)
at java.base/java.lang.reflect.Method.invoke(Method.java:580)
at org.testng.internal.invokers.MethodInvocationHelper.invokeMethod(MethodInvocationHelper.java:141)
at org.testng.internal.invokers.MethodInvocationHelper.invokeMethodConsideringTimeout(MethodInvocationHelper.java:71)
at org.testng.internal.invokers.ConfigInvoker.invokeConfigurationMethod(ConfigInvoker.java:400)
at org.testng.internal.invokers.ConfigInvoker.invokeConfigurations(ConfigInvoker.java:333)
at org.testng.internal.invokers.TestMethodWorker.invokeBeforeClassMethods(TestMethodWorker.java:188)
at org.testng.internal.invokers.TestMethodWorker.run(TestMethodWorker.java:128)
at java.base/java.util.ArrayList.forEach(ArrayList.java:1596)
at org.testng.TestRunner.privateRun(TestRunner.java:739)
at org.testng.TestRunner.run(TestRunner.java:614)
at org.testng.SuiteRunner.runTest(SuiteRunner.java:421)
at org.testng.SuiteRunner$SuiteWorker.run(SuiteRunner.java:463)
at org.testng.internal.thread.ThreadUtil.lambda$execute$0(ThreadUtil.java:64)
at java.base/java.util.concurrent.FutureTask.run(FutureTask.java:317)
at java.base/java.util.concurrent.ThreadPoolExecutor.runWorker(ThreadPoolExecutor.java:1144)
at java.base/java.util.concurrent.ThreadPoolExecutor$Worker.run(ThreadPoolExecutor.java:642)
at java.base/java.lang.Thread.run(Thread.java:1583)
]]>
            </full-stacktrace>
          </exception> <!-- java.lang.Error -->
          <reporter-output>
          </reporter-output>
        </test-method> <!-- loginInvalidEmail -->
        <test-method signature="loginInvalidPassword()[pri:0, instance:kerala_Tourism_Automation_Selenide_Java.FormValidation@1224144a]" started-at="2025-10-23T21:27:33 IST" name="loginInvalidPassword" finished-at="2025-10-23T21:27:33 IST" duration-ms="0" status="SKIP">
          <exception class="java.lang.Error">
            <message>
              <![CDATA[Unresolved compilation problem: 
The method enableLogs(LogType, Level) in the type AllureSelenide is not applicable for the arguments (boolean)
]]>
            </message>
            <full-stacktrace>
              <![CDATA[java.lang.Error: Unresolved compilation problem: 
The method enableLogs(LogType, Level) in the type AllureSelenide is not applicable for the arguments (boolean)

at kerala_Tourism_Automation_Selenide_Java.Base.setUp(Base.java:36)
at java.base/jdk.internal.reflect.DirectMethodHandleAccessor.invoke(DirectMethodHandleAccessor.java:103)
at java.base/java.lang.reflect.Method.invoke(Method.java:580)
at org.testng.internal.invokers.MethodInvocationHelper.invokeMethod(MethodInvocationHelper.java:141)
at org.testng.internal.invokers.MethodInvocationHelper.invokeMethodConsideringTimeout(MethodInvocationHelper.java:71)
at org.testng.internal.invokers.ConfigInvoker.invokeConfigurationMethod(ConfigInvoker.java:400)
at org.testng.internal.invokers.ConfigInvoker.invokeConfigurations(ConfigInvoker.java:333)
at org.testng.internal.invokers.TestMethodWorker.invokeBeforeClassMethods(TestMethodWorker.java:188)
at org.testng.internal.invokers.TestMethodWorker.run(TestMethodWorker.java:128)
at java.base/java.util.ArrayList.forEach(ArrayList.java:1596)
at org.testng.TestRunner.privateRun(TestRunner.java:739)
at org.testng.TestRunner.run(TestRunner.java:614)
at org.testng.SuiteRunner.runTest(SuiteRunner.java:421)
at org.testng.SuiteRunner$SuiteWorker.run(SuiteRunner.java:463)
at org.testng.internal.thread.ThreadUtil.lambda$execute$0(ThreadUtil.java:64)
at java.base/java.util.concurrent.FutureTask.run(FutureTask.java:317)
at java.base/java.util.concurrent.ThreadPoolExecutor.runWorker(ThreadPoolExecutor.java:1144)
at java.base/java.util.concurrent.ThreadPoolExecutor$Worker.run(ThreadPoolExecutor.java:642)
at java.base/java.lang.Thread.run(Thread.java:1583)
]]>
            </full-stacktrace>
          </exception> <!-- java.lang.Error -->
          <reporter-output>
          </reporter-output>
        </test-method> <!-- loginInvalidPassword -->
        <test-method signature="signupEmptyEmail()[pri:0, instance:kerala_Tourism_Automation_Selenide_Java.FormValidation@1224144a]" started-at="2025-10-23T21:27:33 IST" name="signupEmptyEmail" finished-at="2025-10-23T21:27:33 IST" duration-ms="0" status="SKIP">
          <exception class="java.lang.Error">
            <message>
              <![CDATA[Unresolved compilation problem: 
The method enableLogs(LogType, Level) in the type AllureSelenide is not applicable for the arguments (boolean)
]]>
            </message>
            <full-stacktrace>
              <![CDATA[java.lang.Error: Unresolved compilation problem: 
The method enableLogs(LogType, Level) in the type AllureSelenide is not applicable for the arguments (boolean)

at kerala_Tourism_Automation_Selenide_Java.Base.setUp(Base.java:36)
at java.base/jdk.internal.reflect.DirectMethodHandleAccessor.invoke(DirectMethodHandleAccessor.java:103)
at java.base/java.lang.reflect.Method.invoke(Method.java:580)
at org.testng.internal.invokers.MethodInvocationHelper.invokeMethod(MethodInvocationHelper.java:141)
at org.testng.internal.invokers.MethodInvocationHelper.invokeMethodConsideringTimeout(MethodInvocationHelper.java:71)
at org.testng.internal.invokers.ConfigInvoker.invokeConfigurationMethod(ConfigInvoker.java:400)
at org.testng.internal.invokers.ConfigInvoker.invokeConfigurations(ConfigInvoker.java:333)
at org.testng.internal.invokers.TestMethodWorker.invokeBeforeClassMethods(TestMethodWorker.java:188)
at org.testng.internal.invokers.TestMethodWorker.run(TestMethodWorker.java:128)
at java.base/java.util.ArrayList.forEach(ArrayList.java:1596)
at org.testng.TestRunner.privateRun(TestRunner.java:739)
at org.testng.TestRunner.run(TestRunner.java:614)
at org.testng.SuiteRunner.runTest(SuiteRunner.java:421)
at org.testng.SuiteRunner$SuiteWorker.run(SuiteRunner.java:463)
at org.testng.internal.thread.ThreadUtil.lambda$execute$0(ThreadUtil.java:64)
at java.base/java.util.concurrent.FutureTask.run(FutureTask.java:317)
at java.base/java.util.concurrent.ThreadPoolExecutor.runWorker(ThreadPoolExecutor.java:1144)
at java.base/java.util.concurrent.ThreadPoolExecutor$Worker.run(ThreadPoolExecutor.java:642)
at java.base/java.lang.Thread.run(Thread.java:1583)
]]>
            </full-stacktrace>
          </exception> <!-- java.lang.Error -->
          <reporter-output>
          </reporter-output>
        </test-method> <!-- signupEmptyEmail -->
        <test-method signature="signupEmptyName()[pri:0, instance:kerala_Tourism_Automation_Selenide_Java.FormValidation@1224144a]" started-at="2025-10-23T21:27:33 IST" name="signupEmptyName" finished-at="2025-10-23T21:27:33 IST" duration-ms="0" status="SKIP">
          <exception class="java.lang.Error">
            <message>
              <![CDATA[Unresolved compilation problem: 
The method enableLogs(LogType, Level) in the type AllureSelenide is not applicable for the arguments (boolean)
]]>
            </message>
            <full-stacktrace>
              <![CDATA[java.lang.Error: Unresolved compilation problem: 
The method enableLogs(LogType, Level) in the type AllureSelenide is not applicable for the arguments (boolean)

at kerala_Tourism_Automation_Selenide_Java.Base.setUp(Base.java:36)
at java.base/jdk.internal.reflect.DirectMethodHandleAccessor.invoke(DirectMethodHandleAccessor.java:103)
at java.base/java.lang.reflect.Method.invoke(Method.java:580)
at org.testng.internal.invokers.MethodInvocationHelper.invokeMethod(MethodInvocationHelper.java:141)
at org.testng.internal.invokers.MethodInvocationHelper.invokeMethodConsideringTimeout(MethodInvocationHelper.java:71)
at org.testng.internal.invokers.ConfigInvoker.invokeConfigurationMethod(ConfigInvoker.java:400)
at org.testng.internal.invokers.ConfigInvoker.invokeConfigurations(ConfigInvoker.java:333)
at org.testng.internal.invokers.TestMethodWorker.invokeBeforeClassMethods(TestMethodWorker.java:188)
at org.testng.internal.invokers.TestMethodWorker.run(TestMethodWorker.java:128)
at java.base/java.util.ArrayList.forEach(ArrayList.java:1596)
at org.testng.TestRunner.privateRun(TestRunner.java:739)
at org.testng.TestRunner.run(TestRunner.java:614)
at org.testng.SuiteRunner.runTest(SuiteRunner.java:421)
at org.testng.SuiteRunner$SuiteWorker.run(SuiteRunner.java:463)
at org.testng.internal.thread.ThreadUtil.lambda$execute$0(ThreadUtil.java:64)
at java.base/java.util.concurrent.FutureTask.run(FutureTask.java:317)
at java.base/java.util.concurrent.ThreadPoolExecutor.runWorker(ThreadPoolExecutor.java:1144)
at java.base/java.util.concurrent.ThreadPoolExecutor$Worker.run(ThreadPoolExecutor.java:642)
at java.base/java.lang.Thread.run(Thread.java:1583)
]]>
            </full-stacktrace>
          </exception> <!-- java.lang.Error -->
          <reporter-output>
          </reporter-output>
        </test-method> <!-- signupEmptyName -->
        <test-method signature="signupEmptyPassword1()[pri:0, instance:kerala_Tourism_Automation_Selenide_Java.FormValidation@1224144a]" started-at="2025-10-23T21:27:33 IST" name="signupEmptyPassword1" finished-at="2025-10-23T21:27:33 IST" duration-ms="0" status="SKIP">
          <exception class="java.lang.Error">
            <message>
              <![CDATA[Unresolved compilation problem: 
The method enableLogs(LogType, Level) in the type AllureSelenide is not applicable for the arguments (boolean)
]]>
            </message>
            <full-stacktrace>
              <![CDATA[java.lang.Error: Unresolved compilation problem: 
The method enableLogs(LogType, Level) in the type AllureSelenide is not applicable for the arguments (boolean)

at kerala_Tourism_Automation_Selenide_Java.Base.setUp(Base.java:36)
at java.base/jdk.internal.reflect.DirectMethodHandleAccessor.invoke(DirectMethodHandleAccessor.java:103)
at java.base/java.lang.reflect.Method.invoke(Method.java:580)
at org.testng.internal.invokers.MethodInvocationHelper.invokeMethod(MethodInvocationHelper.java:141)
at org.testng.internal.invokers.MethodInvocationHelper.invokeMethodConsideringTimeout(MethodInvocationHelper.java:71)
at org.testng.internal.invokers.ConfigInvoker.invokeConfigurationMethod(ConfigInvoker.java:400)
at org.testng.internal.invokers.ConfigInvoker.invokeConfigurations(ConfigInvoker.java:333)
at org.testng.internal.invokers.TestMethodWorker.invokeBeforeClassMethods(TestMethodWorker.java:188)
at org.testng.internal.invokers.TestMethodWorker.run(TestMethodWorker.java:128)
at java.base/java.util.ArrayList.forEach(ArrayList.java:1596)
at org.testng.TestRunner.privateRun(TestRunner.java:739)
at org.testng.TestRunner.run(TestRunner.java:614)
at org.testng.SuiteRunner.runTest(SuiteRunner.java:421)
at org.testng.SuiteRunner$SuiteWorker.run(SuiteRunner.java:463)
at org.testng.internal.thread.ThreadUtil.lambda$execute$0(ThreadUtil.java:64)
at java.base/java.util.concurrent.FutureTask.run(FutureTask.java:317)
at java.base/java.util.concurrent.ThreadPoolExecutor.runWorker(ThreadPoolExecutor.java:1144)
at java.base/java.util.concurrent.ThreadPoolExecutor$Worker.run(ThreadPoolExecutor.java:642)
at java.base/java.lang.Thread.run(Thread.java:1583)
]]>
            </full-stacktrace>
          </exception> <!-- java.lang.Error -->
          <reporter-output>
          </reporter-output>
        </test-method> <!-- signupEmptyPassword1 -->
        <test-method signature="signupEmptyPassword2()[pri:0, instance:kerala_Tourism_Automation_Selenide_Java.FormValidation@1224144a]" started-at="2025-10-23T21:27:33 IST" name="signupEmptyPassword2" finished-at="2025-10-23T21:27:33 IST" duration-ms="0" status="SKIP">
          <exception class="java.lang.Error">
            <message>
              <![CDATA[Unresolved compilation problem: 
The method enableLogs(LogType, Level) in the type AllureSelenide is not applicable for the arguments (boolean)
]]>
            </message>
            <full-stacktrace>
              <![CDATA[java.lang.Error: Unresolved compilation problem: 
The method enableLogs(LogType, Level) in the type AllureSelenide is not applicable for the arguments (boolean)

at kerala_Tourism_Automation_Selenide_Java.Base.setUp(Base.java:36)
at java.base/jdk.internal.reflect.DirectMethodHandleAccessor.invoke(DirectMethodHandleAccessor.java:103)
at java.base/java.lang.reflect.Method.invoke(Method.java:580)
at org.testng.internal.invokers.MethodInvocationHelper.invokeMethod(MethodInvocationHelper.java:141)
at org.testng.internal.invokers.MethodInvocationHelper.invokeMethodConsideringTimeout(MethodInvocationHelper.java:71)
at org.testng.internal.invokers.ConfigInvoker.invokeConfigurationMethod(ConfigInvoker.java:400)
at org.testng.internal.invokers.ConfigInvoker.invokeConfigurations(ConfigInvoker.java:333)
at org.testng.internal.invokers.TestMethodWorker.invokeBeforeClassMethods(TestMethodWorker.java:188)
at org.testng.internal.invokers.TestMethodWorker.run(TestMethodWorker.java:128)
at java.base/java.util.ArrayList.forEach(ArrayList.java:1596)
at org.testng.TestRunner.privateRun(TestRunner.java:739)
at org.testng.TestRunner.run(TestRunner.java:614)
at org.testng.SuiteRunner.runTest(SuiteRunner.java:421)
at org.testng.SuiteRunner$SuiteWorker.run(SuiteRunner.java:463)
at org.testng.internal.thread.ThreadUtil.lambda$execute$0(ThreadUtil.java:64)
at java.base/java.util.concurrent.FutureTask.run(FutureTask.java:317)
at java.base/java.util.concurrent.ThreadPoolExecutor.runWorker(ThreadPoolExecutor.java:1144)
at java.base/java.util.concurrent.ThreadPoolExecutor$Worker.run(ThreadPoolExecutor.java:642)
at java.base/java.lang.Thread.run(Thread.java:1583)
]]>
            </full-stacktrace>
          </exception> <!-- java.lang.Error -->
          <reporter-output>
          </reporter-output>
        </test-method> <!-- signupEmptyPassword2 -->
        <test-method signature="signupPasswordMismatch()[pri:0, instance:kerala_Tourism_Automation_Selenide_Java.FormValidation@1224144a]" started-at="2025-10-23T21:27:33 IST" name="signupPasswordMismatch" finished-at="2025-10-23T21:27:33 IST" duration-ms="0" status="SKIP">
          <exception class="java.lang.Error">
            <message>
              <![CDATA[Unresolved compilation problem: 
The method enableLogs(LogType, Level) in the type AllureSelenide is not applicable for the arguments (boolean)
]]>
            </message>
            <full-stacktrace>
              <![CDATA[java.lang.Error: Unresolved compilation problem: 
The method enableLogs(LogType, Level) in the type AllureSelenide is not applicable for the arguments (boolean)

at kerala_Tourism_Automation_Selenide_Java.Base.setUp(Base.java:36)
at java.base/jdk.internal.reflect.DirectMethodHandleAccessor.invoke(DirectMethodHandleAccessor.java:103)
at java.base/java.lang.reflect.Method.invoke(Method.java:580)
at org.testng.internal.invokers.MethodInvocationHelper.invokeMethod(MethodInvocationHelper.java:141)
at org.testng.internal.invokers.MethodInvocationHelper.invokeMethodConsideringTimeout(MethodInvocationHelper.java:71)
at org.testng.internal.invokers.ConfigInvoker.invokeConfigurationMethod(ConfigInvoker.java:400)
at org.testng.internal.invokers.ConfigInvoker.invokeConfigurations(ConfigInvoker.java:333)
at org.testng.internal.invokers.TestMethodWorker.invokeBeforeClassMethods(TestMethodWorker.java:188)
at org.testng.internal.invokers.TestMethodWorker.run(TestMethodWorker.java:128)
at java.base/java.util.ArrayList.forEach(ArrayList.java:1596)
at org.testng.TestRunner.privateRun(TestRunner.java:739)
at org.testng.TestRunner.run(TestRunner.java:614)
at org.testng.SuiteRunner.runTest(SuiteRunner.java:421)
at org.testng.SuiteRunner$SuiteWorker.run(SuiteRunner.java:463)
at org.testng.internal.thread.ThreadUtil.lambda$execute$0(ThreadUtil.java:64)
at java.base/java.util.concurrent.FutureTask.run(FutureTask.java:317)
at java.base/java.util.concurrent.ThreadPoolExecutor.runWorker(ThreadPoolExecutor.java:1144)
at java.base/java.util.concurrent.ThreadPoolExecutor$Worker.run(ThreadPoolExecutor.java:642)
at java.base/java.lang.Thread.run(Thread.java:1583)
]]>
            </full-stacktrace>
          </exception> <!-- java.lang.Error -->
          <reporter-output>
          </reporter-output>
        </test-method> <!-- signupPasswordMismatch -->
        <test-method signature="validatingLoginForm()[pri:0, instance:kerala_Tourism_Automation_Selenide_Java.FormValidation@1224144a]" started-at="2025-10-23T21:27:33 IST" name="validatingLoginForm" description="Valid login" finished-at="2025-10-23T21:27:33 IST" duration-ms="0" status="SKIP">
          <exception class="java.lang.Error">
            <message>
              <![CDATA[Unresolved compilation problem: 
The method enableLogs(LogType, Level) in the type AllureSelenide is not applicable for the arguments (boolean)
]]>
            </message>
            <full-stacktrace>
              <![CDATA[java.lang.Error: Unresolved compilation problem: 
The method enableLogs(LogType, Level) in the type AllureSelenide is not applicable for the arguments (boolean)

at kerala_Tourism_Automation_Selenide_Java.Base.setUp(Base.java:36)
at java.base/jdk.internal.reflect.DirectMethodHandleAccessor.invoke(DirectMethodHandleAccessor.java:103)
at java.base/java.lang.reflect.Method.invoke(Method.java:580)
at org.testng.internal.invokers.MethodInvocationHelper.invokeMethod(MethodInvocationHelper.java:141)
at org.testng.internal.invokers.MethodInvocationHelper.invokeMethodConsideringTimeout(MethodInvocationHelper.java:71)
at org.testng.internal.invokers.ConfigInvoker.invokeConfigurationMethod(ConfigInvoker.java:400)
at org.testng.internal.invokers.ConfigInvoker.invokeConfigurations(ConfigInvoker.java:333)
at org.testng.internal.invokers.TestMethodWorker.invokeBeforeClassMethods(TestMethodWorker.java:188)
at org.testng.internal.invokers.TestMethodWorker.run(TestMethodWorker.java:128)
at java.base/java.util.ArrayList.forEach(ArrayList.java:1596)
at org.testng.TestRunner.privateRun(TestRunner.java:739)
at org.testng.TestRunner.run(TestRunner.java:614)
at org.testng.SuiteRunner.runTest(SuiteRunner.java:421)
at org.testng.SuiteRunner$SuiteWorker.run(SuiteRunner.java:463)
at org.testng.internal.thread.ThreadUtil.lambda$execute$0(ThreadUtil.java:64)
at java.base/java.util.concurrent.FutureTask.run(FutureTask.java:317)
at java.base/java.util.concurrent.ThreadPoolExecutor.runWorker(ThreadPoolExecutor.java:1144)
at java.base/java.util.concurrent.ThreadPoolExecutor$Worker.run(ThreadPoolExecutor.java:642)
at java.base/java.lang.Thread.run(Thread.java:1583)
]]>
            </full-stacktrace>
          </exception> <!-- java.lang.Error -->
          <reporter-output>
          </reporter-output>
        </test-method> <!-- validatingLoginForm -->
        <test-method is-config="true" signature="tearDown()[pri:0, instance:kerala_Tourism_Automation_Selenide_Java.FormValidation@1224144a]" started-at="2025-10-23T21:27:33 IST" name="tearDown" finished-at="2025-10-23T21:27:33 IST" duration-ms="98" status="PASS">
          <reporter-output>
          </reporter-output>
        </test-method> <!-- tearDown -->
      </class> <!-- kerala_Tourism_Automation_Selenide_Java.FormValidation -->
      <class name="kerala_Tourism_Automation_Selenide_Java.ResponsiveUITest">
        <test-method is-config="true" signature="setUp(java.lang.String)[pri:0, instance:kerala_Tourism_Automation_Selenide_Java.ResponsiveUITest@700fb871]" started-at="2025-10-23T21:27:33 IST" name="setUp" finished-at="2025-10-23T21:27:33 IST" duration-ms="0" status="FAIL">
          <params>
            <param index="0">
              <value>
                <![CDATA[firefox]]>
              </value>
            </param>
          </params>
          <exception class="java.lang.Error">
            <message>
              <![CDATA[Unresolved compilation problem: 
The method enableLogs(LogType, Level) in the type AllureSelenide is not applicable for the arguments (boolean)
]]>
            </message>
            <full-stacktrace>
              <![CDATA[java.lang.Error: Unresolved compilation problem: 
The method enableLogs(LogType, Level) in the type AllureSelenide is not applicable for the arguments (boolean)

at kerala_Tourism_Automation_Selenide_Java.Base.setUp(Base.java:36)
at java.base/jdk.internal.reflect.DirectMethodHandleAccessor.invoke(DirectMethodHandleAccessor.java:103)
at java.base/java.lang.reflect.Method.invoke(Method.java:580)
at org.testng.internal.invokers.MethodInvocationHelper.invokeMethod(MethodInvocationHelper.java:141)
at org.testng.internal.invokers.MethodInvocationHelper.invokeMethodConsideringTimeout(MethodInvocationHelper.java:71)
at org.testng.internal.invokers.ConfigInvoker.invokeConfigurationMethod(ConfigInvoker.java:400)
at org.testng.internal.invokers.ConfigInvoker.invokeConfigurations(ConfigInvoker.java:333)
at org.testng.internal.invokers.TestMethodWorker.invokeBeforeClassMethods(TestMethodWorker.java:188)
at org.testng.internal.invokers.TestMethodWorker.run(TestMethodWorker.java:128)
at java.base/java.util.ArrayList.forEach(ArrayList.java:1596)
at org.testng.TestRunner.privateRun(TestRunner.java:739)
at org.testng.TestRunner.run(TestRunner.java:614)
at org.testng.SuiteRunner.runTest(SuiteRunner.java:421)
at org.testng.SuiteRunner$SuiteWorker.run(SuiteRunner.java:463)
at org.testng.internal.thread.ThreadUtil.lambda$execute$0(ThreadUtil.java:64)
at java.base/java.util.concurrent.FutureTask.run(FutureTask.java:317)
at java.base/java.util.concurrent.ThreadPoolExecutor.runWorker(ThreadPoolExecutor.java:1144)
at java.base/java.util.concurrent.ThreadPoolExecutor$Worker.run(ThreadPoolExecutor.java:642)
at java.base/java.lang.Thread.run(Thread.java:1583)
]]>
            </full-stacktrace>
          </exception> <!-- java.lang.Error -->
          <reporter-output>
          </reporter-output>
        </test-method> <!-- setUp -->
        <test-method signature="verifyResponsiveLayouts(int,int,java.lang.String)[pri:0, instance:kerala_Tourism_Automation_Selenide_Java.ResponsiveUITest@700fb871]" started-at="2025-10-23T21:27:33 IST" name="verifyResponsiveLayouts" data-provider="screenResolutions" finished-at="2025-10-23T21:27:33 IST" duration-ms="0" status="SKIP">
          <params>
            <param index="0">
              <value>
                <![CDATA[1920]]>
              </value>
            </param>
            <param index="1">
              <value>
                <![CDATA[1080]]>
              </value>
            </param>
            <param index="2">
              <value>
                <![CDATA[Desktop]]>
              </value>
            </param>
          </params>
          <exception class="java.lang.Error">
            <message>
              <![CDATA[Unresolved compilation problem: 
The method enableLogs(LogType, Level) in the type AllureSelenide is not applicable for the arguments (boolean)
]]>
            </message>
            <full-stacktrace>
              <![CDATA[java.lang.Error: Unresolved compilation problem: 
The method enableLogs(LogType, Level) in the type AllureSelenide is not applicable for the arguments (boolean)

at kerala_Tourism_Automation_Selenide_Java.Base.setUp(Base.java:36)
at java.base/jdk.internal.reflect.DirectMethodHandleAccessor.invoke(DirectMethodHandleAccessor.java:103)
at java.base/java.lang.reflect.Method.invoke(Method.java:580)
at org.testng.internal.invokers.MethodInvocationHelper.invokeMethod(MethodInvocationHelper.java:141)
at org.testng.internal.invokers.MethodInvocationHelper.invokeMethodConsideringTimeout(MethodInvocationHelper.java:71)
at org.testng.internal.invokers.ConfigInvoker.invokeConfigurationMethod(ConfigInvoker.java:400)
at org.testng.internal.invokers.ConfigInvoker.invokeConfigurations(ConfigInvoker.java:333)
at org.testng.internal.invokers.TestMethodWorker.invokeBeforeClassMethods(TestMethodWorker.java:188)
at org.testng.internal.invokers.TestMethodWorker.run(TestMethodWorker.java:128)
at java.base/java.util.ArrayList.forEach(ArrayList.java:1596)
at org.testng.TestRunner.privateRun(TestRunner.java:739)
at org.testng.TestRunner.run(TestRunner.java:614)
at org.testng.SuiteRunner.runTest(SuiteRunner.java:421)
at org.testng.SuiteRunner$SuiteWorker.run(SuiteRunner.java:463)
at org.testng.internal.thread.ThreadUtil.lambda$execute$0(ThreadUtil.java:64)
at java.base/java.util.concurrent.FutureTask.run(FutureTask.java:317)
at java.base/java.util.concurrent.ThreadPoolExecutor.runWorker(ThreadPoolExecutor.java:1144)
at java.base/java.util.concurrent.ThreadPoolExecutor$Worker.run(ThreadPoolExecutor.java:642)
at java.base/java.lang.Thread.run(Thread.java:1583)
]]>
            </full-stacktrace>
          </exception> <!-- java.lang.Error -->
          <reporter-output>
          </reporter-output>
        </test-method> <!-- verifyResponsiveLayouts -->
        <test-method signature="verifyResponsiveLayouts(int,int,java.lang.String)[pri:0, instance:kerala_Tourism_Automation_Selenide_Java.ResponsiveUITest@700fb871]" started-at="2025-10-23T21:27:33 IST" name="verifyResponsiveLayouts" data-provider="screenResolutions" finished-at="2025-10-23T21:27:33 IST" duration-ms="0" status="SKIP">
          <params>
            <param index="0">
              <value>
                <![CDATA[1024]]>
              </value>
            </param>
            <param index="1">
              <value>
                <![CDATA[768]]>
              </value>
            </param>
            <param index="2">
              <value>
                <![CDATA[Tablet]]>
              </value>
            </param>
          </params>
          <exception class="java.lang.Error">
            <message>
              <![CDATA[Unresolved compilation problem: 
The method enableLogs(LogType, Level) in the type AllureSelenide is not applicable for the arguments (boolean)
]]>
            </message>
            <full-stacktrace>
              <![CDATA[java.lang.Error: Unresolved compilation problem: 
The method enableLogs(LogType, Level) in the type AllureSelenide is not applicable for the arguments (boolean)

at kerala_Tourism_Automation_Selenide_Java.Base.setUp(Base.java:36)
at java.base/jdk.internal.reflect.DirectMethodHandleAccessor.invoke(DirectMethodHandleAccessor.java:103)
at java.base/java.lang.reflect.Method.invoke(Method.java:580)
at org.testng.internal.invokers.MethodInvocationHelper.invokeMethod(MethodInvocationHelper.java:141)
at org.testng.internal.invokers.MethodInvocationHelper.invokeMethodConsideringTimeout(MethodInvocationHelper.java:71)
at org.testng.internal.invokers.ConfigInvoker.invokeConfigurationMethod(ConfigInvoker.java:400)
at org.testng.internal.invokers.ConfigInvoker.invokeConfigurations(ConfigInvoker.java:333)
at org.testng.internal.invokers.TestMethodWorker.invokeBeforeClassMethods(TestMethodWorker.java:188)
at org.testng.internal.invokers.TestMethodWorker.run(TestMethodWorker.java:128)
at java.base/java.util.ArrayList.forEach(ArrayList.java:1596)
at org.testng.TestRunner.privateRun(TestRunner.java:739)
at org.testng.TestRunner.run(TestRunner.java:614)
at org.testng.SuiteRunner.runTest(SuiteRunner.java:421)
at org.testng.SuiteRunner$SuiteWorker.run(SuiteRunner.java:463)
at org.testng.internal.thread.ThreadUtil.lambda$execute$0(ThreadUtil.java:64)
at java.base/java.util.concurrent.FutureTask.run(FutureTask.java:317)
at java.base/java.util.concurrent.ThreadPoolExecutor.runWorker(ThreadPoolExecutor.java:1144)
at java.base/java.util.concurrent.ThreadPoolExecutor$Worker.run(ThreadPoolExecutor.java:642)
at java.base/java.lang.Thread.run(Thread.java:1583)
]]>
            </full-stacktrace>
          </exception> <!-- java.lang.Error -->
          <reporter-output>
          </reporter-output>
        </test-method> <!-- verifyResponsiveLayouts -->
        <test-method signature="verifyResponsiveLayouts(int,int,java.lang.String)[pri:0, instance:kerala_Tourism_Automation_Selenide_Java.ResponsiveUITest@700fb871]" started-at="2025-10-23T21:27:33 IST" name="verifyResponsiveLayouts" data-provider="screenResolutions" finished-at="2025-10-23T21:27:33 IST" duration-ms="0" status="SKIP">
          <params>
            <param index="0">
              <value>
                <![CDATA[375]]>
              </value>
            </param>
            <param index="1">
              <value>
                <![CDATA[667]]>
              </value>
            </param>
            <param index="2">
              <value>
                <![CDATA[Mobile iPhone]]>
              </value>
            </param>
          </params>
          <exception class="java.lang.Error">
            <message>
              <![CDATA[Unresolved compilation problem: 
The method enableLogs(LogType, Level) in the type AllureSelenide is not applicable for the arguments (boolean)
]]>
            </message>
            <full-stacktrace>
              <![CDATA[java.lang.Error: Unresolved compilation problem: 
The method enableLogs(LogType, Level) in the type AllureSelenide is not applicable for the arguments (boolean)

at kerala_Tourism_Automation_Selenide_Java.Base.setUp(Base.java:36)
at java.base/jdk.internal.reflect.DirectMethodHandleAccessor.invoke(DirectMethodHandleAccessor.java:103)
at java.base/java.lang.reflect.Method.invoke(Method.java:580)
at org.testng.internal.invokers.MethodInvocationHelper.invokeMethod(MethodInvocationHelper.java:141)
at org.testng.internal.invokers.MethodInvocationHelper.invokeMethodConsideringTimeout(MethodInvocationHelper.java:71)
at org.testng.internal.invokers.ConfigInvoker.invokeConfigurationMethod(ConfigInvoker.java:400)
at org.testng.internal.invokers.ConfigInvoker.invokeConfigurations(ConfigInvoker.java:333)
at org.testng.internal.invokers.TestMethodWorker.invokeBeforeClassMethods(TestMethodWorker.java:188)
at org.testng.internal.invokers.TestMethodWorker.run(TestMethodWorker.java:128)
at java.base/java.util.ArrayList.forEach(ArrayList.java:1596)
at org.testng.TestRunner.privateRun(TestRunner.java:739)
at org.testng.TestRunner.run(TestRunner.java:614)
at org.testng.SuiteRunner.runTest(SuiteRunner.java:421)
at org.testng.SuiteRunner$SuiteWorker.run(SuiteRunner.java:463)
at org.testng.internal.thread.ThreadUtil.lambda$execute$0(ThreadUtil.java:64)
at java.base/java.util.concurrent.FutureTask.run(FutureTask.java:317)
at java.base/java.util.concurrent.ThreadPoolExecutor.runWorker(ThreadPoolExecutor.java:1144)
at java.base/java.util.concurrent.ThreadPoolExecutor$Worker.run(ThreadPoolExecutor.java:642)
at java.base/java.lang.Thread.run(Thread.java:1583)
]]>
            </full-stacktrace>
          </exception> <!-- java.lang.Error -->
          <reporter-output>
          </reporter-output>
        </test-method> <!-- verifyResponsiveLayouts -->
        <test-method signature="verifyResponsiveLayouts(int,int,java.lang.String)[pri:0, instance:kerala_Tourism_Automation_Selenide_Java.ResponsiveUITest@700fb871]" started-at="2025-10-23T21:27:33 IST" name="verifyResponsiveLayouts" data-provider="screenResolutions" finished-at="2025-10-23T21:27:33 IST" duration-ms="0" status="SKIP">
          <params>
            <param index="0">
              <value>
                <![CDATA[360]]>
              </value>
            </param>
            <param index="1">
              <value>
                <![CDATA[800]]>
              </value>
            </param>
            <param index="2">
              <value>
                <![CDATA[Mobile Android]]>
              </value>
            </param>
          </params>
          <exception class="java.lang.Error">
            <message>
              <![CDATA[Unresolved compilation problem: 
The method enableLogs(LogType, Level) in the type AllureSelenide is not applicable for the arguments (boolean)
]]>
            </message>
            <full-stacktrace>
              <![CDATA[java.lang.Error: Unresolved compilation problem: 
The method enableLogs(LogType, Level) in the type AllureSelenide is not applicable for the arguments (boolean)

at kerala_Tourism_Automation_Selenide_Java.Base.setUp(Base.java:36)
at java.base/jdk.internal.reflect.DirectMethodHandleAccessor.invoke(DirectMethodHandleAccessor.java:103)
at java.base/java.lang.reflect.Method.invoke(Method.java:580)
at org.testng.internal.invokers.MethodInvocationHelper.invokeMethod(MethodInvocationHelper.java:141)
at org.testng.internal.invokers.MethodInvocationHelper.invokeMethodConsideringTimeout(MethodInvocationHelper.java:71)
at org.testng.internal.invokers.ConfigInvoker.invokeConfigurationMethod(ConfigInvoker.java:400)
at org.testng.internal.invokers.ConfigInvoker.invokeConfigurations(ConfigInvoker.java:333)
at org.testng.internal.invokers.TestMethodWorker.invokeBeforeClassMethods(TestMethodWorker.java:188)
at org.testng.internal.invokers.TestMethodWorker.run(TestMethodWorker.java:128)
at java.base/java.util.ArrayList.forEach(ArrayList.java:1596)
at org.testng.TestRunner.privateRun(TestRunner.java:739)
at org.testng.TestRunner.run(TestRunner.java:614)
at org.testng.SuiteRunner.runTest(SuiteRunner.java:421)
at org.testng.SuiteRunner$SuiteWorker.run(SuiteRunner.java:463)
at org.testng.internal.thread.ThreadUtil.lambda$execute$0(ThreadUtil.java:64)
at java.base/java.util.concurrent.FutureTask.run(FutureTask.java:317)
at java.base/java.util.concurrent.ThreadPoolExecutor.runWorker(ThreadPoolExecutor.java:1144)
at java.base/java.util.concurrent.ThreadPoolExecutor$Worker.run(ThreadPoolExecutor.java:642)
at java.base/java.lang.Thread.run(Thread.java:1583)
]]>
            </full-stacktrace>
          </exception> <!-- java.lang.Error -->
          <reporter-output>
          </reporter-output>
        </test-method> <!-- verifyResponsiveLayouts -->
        <test-method is-config="true" signature="tearDown()[pri:0, instance:kerala_Tourism_Automation_Selenide_Java.ResponsiveUITest@700fb871]" started-at="2025-10-23T21:27:33 IST" name="tearDown" finished-at="2025-10-23T21:27:33 IST" duration-ms="1" status="PASS">
          <reporter-output>
          </reporter-output>
        </test-method> <!-- tearDown -->
      </class> <!-- kerala_Tourism_Automation_Selenide_Java.ResponsiveUITest -->
      <class name="kerala_Tourism_Automation_Selenide_Java.PerformanceTestUsingPageLoadTime">
        <test-method is-config="true" signature="setUp(java.lang.String)[pri:0, instance:kerala_Tourism_Automation_Selenide_Java.PerformanceTestUsingPageLoadTime@29f7cefd]" started-at="2025-10-23T21:27:33 IST" name="setUp" finished-at="2025-10-23T21:27:33 IST" duration-ms="1" status="FAIL">
          <params>
            <param index="0">
              <value>
                <![CDATA[firefox]]>
              </value>
            </param>
          </params>
          <exception class="java.lang.Error">
            <message>
              <![CDATA[Unresolved compilation problem: 
The method enableLogs(LogType, Level) in the type AllureSelenide is not applicable for the arguments (boolean)
]]>
            </message>
            <full-stacktrace>
              <![CDATA[java.lang.Error: Unresolved compilation problem: 
The method enableLogs(LogType, Level) in the type AllureSelenide is not applicable for the arguments (boolean)

at kerala_Tourism_Automation_Selenide_Java.Base.setUp(Base.java:36)
at java.base/jdk.internal.reflect.DirectMethodHandleAccessor.invoke(DirectMethodHandleAccessor.java:103)
at java.base/java.lang.reflect.Method.invoke(Method.java:580)
at org.testng.internal.invokers.MethodInvocationHelper.invokeMethod(MethodInvocationHelper.java:141)
at org.testng.internal.invokers.MethodInvocationHelper.invokeMethodConsideringTimeout(MethodInvocationHelper.java:71)
at org.testng.internal.invokers.ConfigInvoker.invokeConfigurationMethod(ConfigInvoker.java:400)
at org.testng.internal.invokers.ConfigInvoker.invokeConfigurations(ConfigInvoker.java:333)
at org.testng.internal.invokers.TestMethodWorker.invokeBeforeClassMethods(TestMethodWorker.java:188)
at org.testng.internal.invokers.TestMethodWorker.run(TestMethodWorker.java:128)
at java.base/java.util.ArrayList.forEach(ArrayList.java:1596)
at org.testng.TestRunner.privateRun(TestRunner.java:739)
at org.testng.TestRunner.run(TestRunner.java:614)
at org.testng.SuiteRunner.runTest(SuiteRunner.java:421)
at org.testng.SuiteRunner$SuiteWorker.run(SuiteRunner.java:463)
at org.testng.internal.thread.ThreadUtil.lambda$execute$0(ThreadUtil.java:64)
at java.base/java.util.concurrent.FutureTask.run(FutureTask.java:317)
at java.base/java.util.concurrent.ThreadPoolExecutor.runWorker(ThreadPoolExecutor.java:1144)
at java.base/java.util.concurrent.ThreadPoolExecutor$Worker.run(ThreadPoolExecutor.java:642)
at java.base/java.lang.Thread.run(Thread.java:1583)
]]>
            </full-stacktrace>
          </exception> <!-- java.lang.Error -->
          <reporter-output>
          </reporter-output>
        </test-method> <!-- setUp -->
        <test-method signature="measurePageLoadTime()[pri:0, instance:kerala_Tourism_Automation_Selenide_Java.PerformanceTestUsingPageLoadTime@29f7cefd]" started-at="2025-10-23T21:27:33 IST" name="measurePageLoadTime" description="Measure page load time for multiple pages" finished-at="2025-10-23T21:27:33 IST" duration-ms="0" status="SKIP">
          <exception class="java.lang.Error">
            <message>
              <![CDATA[Unresolved compilation problem: 
The method enableLogs(LogType, Level) in the type AllureSelenide is not applicable for the arguments (boolean)
]]>
            </message>
            <full-stacktrace>
              <![CDATA[java.lang.Error: Unresolved compilation problem: 
The method enableLogs(LogType, Level) in the type AllureSelenide is not applicable for the arguments (boolean)

at kerala_Tourism_Automation_Selenide_Java.Base.setUp(Base.java:36)
at java.base/jdk.internal.reflect.DirectMethodHandleAccessor.invoke(DirectMethodHandleAccessor.java:103)
at java.base/java.lang.reflect.Method.invoke(Method.java:580)
at org.testng.internal.invokers.MethodInvocationHelper.invokeMethod(MethodInvocationHelper.java:141)
at org.testng.internal.invokers.MethodInvocationHelper.invokeMethodConsideringTimeout(MethodInvocationHelper.java:71)
at org.testng.internal.invokers.ConfigInvoker.invokeConfigurationMethod(ConfigInvoker.java:400)
at org.testng.internal.invokers.ConfigInvoker.invokeConfigurations(ConfigInvoker.java:333)
at org.testng.internal.invokers.TestMethodWorker.invokeBeforeClassMethods(TestMethodWorker.java:188)
at org.testng.internal.invokers.TestMethodWorker.run(TestMethodWorker.java:128)
at java.base/java.util.ArrayList.forEach(ArrayList.java:1596)
at org.testng.TestRunner.privateRun(TestRunner.java:739)
at org.testng.TestRunner.run(TestRunner.java:614)
at org.testng.SuiteRunner.runTest(SuiteRunner.java:421)
at org.testng.SuiteRunner$SuiteWorker.run(SuiteRunner.java:463)
at org.testng.internal.thread.ThreadUtil.lambda$execute$0(ThreadUtil.java:64)
at java.base/java.util.concurrent.FutureTask.run(FutureTask.java:317)
at java.base/java.util.concurrent.ThreadPoolExecutor.runWorker(ThreadPoolExecutor.java:1144)
at java.base/java.util.concurrent.ThreadPoolExecutor$Worker.run(ThreadPoolExecutor.java:642)
at java.base/java.lang.Thread.run(Thread.java:1583)
]]>
            </full-stacktrace>
          </exception> <!-- java.lang.Error -->
          <reporter-output>
          </reporter-output>
        </test-method> <!-- measurePageLoadTime -->
        <test-method is-config="true" signature="tearDown()[pri:0, instance:kerala_Tourism_Automation_Selenide_Java.PerformanceTestUsingPageLoadTime@29f7cefd]" started-at="2025-10-23T21:27:33 IST" name="tearDown" finished-at="2025-10-23T21:27:33 IST" duration-ms="0" status="PASS">
          <reporter-output>
          </reporter-output>
        </test-method> <!-- tearDown -->
      </class> <!-- kerala_Tourism_Automation_Selenide_Java.PerformanceTestUsingPageLoadTime -->
    </test> <!-- E2E and FormValidation Tests Firefox Test -->
    <test started-at="2025-10-23T21:27:33 IST" name="E2E and FormValidation Tests Chrome Test" finished-at="2025-10-23T21:27:33 IST" duration-ms="543">
      <class name="kerala_Tourism_Automation_Selenide_Java.E2EUserJourney">
        <test-method is-config="true" signature="setUp(java.lang.String)[pri:0, instance:kerala_Tourism_Automation_Selenide_Java.E2EUserJourney@3576ddc2]" started-at="2025-10-23T21:27:33 IST" name="setUp" finished-at="2025-10-23T21:27:33 IST" duration-ms="0" status="FAIL">
          <params>
            <param index="0">
              <value>
                <![CDATA[chrome]]>
              </value>
            </param>
          </params>
          <exception class="java.lang.Error">
            <message>
              <![CDATA[Unresolved compilation problem: 
The method enableLogs(LogType, Level) in the type AllureSelenide is not applicable for the arguments (boolean)
]]>
            </message>
            <full-stacktrace>
              <![CDATA[java.lang.Error: Unresolved compilation problem: 
The method enableLogs(LogType, Level) in the type AllureSelenide is not applicable for the arguments (boolean)

at kerala_Tourism_Automation_Selenide_Java.Base.setUp(Base.java:36)
at java.base/jdk.internal.reflect.DirectMethodHandleAccessor.invoke(DirectMethodHandleAccessor.java:103)
at java.base/java.lang.reflect.Method.invoke(Method.java:580)
at org.testng.internal.invokers.MethodInvocationHelper.invokeMethod(MethodInvocationHelper.java:141)
at org.testng.internal.invokers.MethodInvocationHelper.invokeMethodConsideringTimeout(MethodInvocationHelper.java:71)
at org.testng.internal.invokers.ConfigInvoker.invokeConfigurationMethod(ConfigInvoker.java:400)
at org.testng.internal.invokers.ConfigInvoker.invokeConfigurations(ConfigInvoker.java:333)
at org.testng.internal.invokers.TestMethodWorker.invokeBeforeClassMethods(TestMethodWorker.java:188)
at org.testng.internal.invokers.TestMethodWorker.run(TestMethodWorker.java:128)
at java.base/java.util.ArrayList.forEach(ArrayList.java:1596)
at org.testng.TestRunner.privateRun(TestRunner.java:739)
at org.testng.TestRunner.run(TestRunner.java:614)
at org.testng.SuiteRunner.runTest(SuiteRunner.java:421)
at org.testng.SuiteRunner$SuiteWorker.run(SuiteRunner.java:463)
at org.testng.internal.thread.ThreadUtil.lambda$execute$0(ThreadUtil.java:64)
at java.base/java.util.concurrent.FutureTask.run(FutureTask.java:317)
at java.base/java.util.concurrent.ThreadPoolExecutor.runWorker(ThreadPoolExecutor.java:1144)
at java.base/java.util.concurrent.ThreadPoolExecutor$Worker.run(ThreadPoolExecutor.java:642)
at java.base/java.lang.Thread.run(Thread.java:1583)
]]>
            </full-stacktrace>
          </exception> <!-- java.lang.Error -->
          <reporter-output>
          </reporter-output>
        </test-method> <!-- setUp -->
        <test-method signature="verifyHomePage()[pri:1, instance:kerala_Tourism_Automation_Selenide_Java.E2EUserJourney@3576ddc2]" started-at="2025-10-23T21:27:33 IST" name="verifyHomePage" finished-at="2025-10-23T21:27:33 IST" duration-ms="0" status="SKIP">
          <exception class="java.lang.Error">
            <message>
              <![CDATA[Unresolved compilation problem: 
The method enableLogs(LogType, Level) in the type AllureSelenide is not applicable for the arguments (boolean)
]]>
            </message>
            <full-stacktrace>
              <![CDATA[java.lang.Error: Unresolved compilation problem: 
The method enableLogs(LogType, Level) in the type AllureSelenide is not applicable for the arguments (boolean)

at kerala_Tourism_Automation_Selenide_Java.Base.setUp(Base.java:36)
at java.base/jdk.internal.reflect.DirectMethodHandleAccessor.invoke(DirectMethodHandleAccessor.java:103)
at java.base/java.lang.reflect.Method.invoke(Method.java:580)
at org.testng.internal.invokers.MethodInvocationHelper.invokeMethod(MethodInvocationHelper.java:141)
at org.testng.internal.invokers.MethodInvocationHelper.invokeMethodConsideringTimeout(MethodInvocationHelper.java:71)
at org.testng.internal.invokers.ConfigInvoker.invokeConfigurationMethod(ConfigInvoker.java:400)
at org.testng.internal.invokers.ConfigInvoker.invokeConfigurations(ConfigInvoker.java:333)
at org.testng.internal.invokers.TestMethodWorker.invokeBeforeClassMethods(TestMethodWorker.java:188)
at org.testng.internal.invokers.TestMethodWorker.run(TestMethodWorker.java:128)
at java.base/java.util.ArrayList.forEach(ArrayList.java:1596)
at org.testng.TestRunner.privateRun(TestRunner.java:739)
at org.testng.TestRunner.run(TestRunner.java:614)
at org.testng.SuiteRunner.runTest(SuiteRunner.java:421)
at org.testng.SuiteRunner$SuiteWorker.run(SuiteRunner.java:463)
at org.testng.internal.thread.ThreadUtil.lambda$execute$0(ThreadUtil.java:64)
at java.base/java.util.concurrent.FutureTask.run(FutureTask.java:317)
at java.base/java.util.concurrent.ThreadPoolExecutor.runWorker(ThreadPoolExecutor.java:1144)
at java.base/java.util.concurrent.ThreadPoolExecutor$Worker.run(ThreadPoolExecutor.java:642)
at java.base/java.lang.Thread.run(Thread.java:1583)
]]>
            </full-stacktrace>
          </exception> <!-- java.lang.Error -->
          <reporter-output>
          </reporter-output>
        </test-method> <!-- verifyHomePage -->
[...]
]]>
            </message>
            <full-stacktrace>
              <![CDATA[java.lang.Error: Unresolved compilation problem: 
The method enableLogs(LogType, Level) in the type AllureSelenide is not applicable for the arguments (boolean)

at kerala_Tourism_Automation_Selenide_Java.Base.setUp(Base.java:36)
at java.base/jdk.internal.reflect.DirectMethodHandleAccessor.invoke(DirectMethodHandleAccessor.java:103)
at java.base/java.lang.reflect.Method.invoke(Method.java:580)
at org.testng.internal.invokers.MethodInvocationHelper.invokeMethod(MethodInvocationHelper.java:141)
at org.testng.internal.invokers.MethodInvocationHelper.invokeMethodConsideringTimeout(MethodInvocationHelper.java:71)
at org.testng.internal.invokers.ConfigInvoker.invokeConfigurationMethod(ConfigInvoker.java:400)
at org.testng.internal.invokers.ConfigInvoker.invokeConfigurations(ConfigInvoker.java:333)
at org.testng.internal.invokers.TestMethodWorker.invokeBeforeClassMethods(TestMethodWorker.java:188)
at org.testng.internal.invokers.TestMethodWorker.run(TestMethodWorker.java:128)
at java.base/java.util.ArrayList.forEach(ArrayList.java:1596)
at org.testng.TestRunner.privateRun(TestRunner.java:739)
at org.testng.TestRunner.run(TestRunner.java:614)
at org.testng.SuiteRunner.runTest(SuiteRunner.java:421)
at org.testng.SuiteRunner$SuiteWorker.run(SuiteRunner.java:463)
at org.testng.internal.thread.ThreadUtil.lambda$execute$0(ThreadUtil.java:64)
at java.base/java.util.concurrent.FutureTask.run(FutureTask.java:317)
at java.base/java.util.concurrent.ThreadPoolExecutor.runWorker(ThreadPoolExecutor.java:1144)
at java.base/java.util.concurrent.ThreadPoolExecutor$Worker.run(ThreadPoolExecutor.java:642)
at java.base/java.lang.Thread.run(Thread.java:1583)
]]>
            </full-stacktrace>
          </exception> <!-- java.lang.Error -->
          <reporter-output>
          </reporter-output>
        </test-method> <!-- setUp -->
        <test-method signature="verifyResponsiveLayouts(int,int,java.lang.String)[pri:0, instance:kerala_Tourism_Automation_Selenide_Java.ResponsiveUITest@4c5ae43b]" started-at="2025-10-23T21:27:33 IST" name="verifyResponsiveLayouts" data-provider="screenResolutions" finished-at="2025-10-23T21:27:33 IST" duration-ms="0" status="SKIP">
          <params>
            <param index="0">
              <value>
                <![CDATA[1920]]>
              </value>
            </param>
            <param index="1">
              <value>
                <![CDATA[1080]]>
              </value>
            </param>
            <param index="2">
              <value>
                <![CDATA[Desktop]]>
              </value>
            </param>
          </params>
          <exception class="java.lang.Error">
            <message>
              <![CDATA[Unresolved compilation problem: 
The method enableLogs(LogType, Level) in the type AllureSelenide is not applicable for the arguments (boolean)
]]>
            </message>
            <full-stacktrace>
              <![CDATA[java.lang.Error: Unresolved compilation problem: 
The method enableLogs(LogType, Level) in the type AllureSelenide is not applicable for the arguments (boolean)

at kerala_Tourism_Automation_Selenide_Java.Base.setUp(Base.java:36)
at java.base/jdk.internal.reflect.DirectMethodHandleAccessor.invoke(DirectMethodHandleAccessor.java:103)
at java.base/java.lang.reflect.Method.invoke(Method.java:580)
at org.testng.internal.invokers.MethodInvocationHelper.invokeMethod(MethodInvocationHelper.java:141)
at org.testng.internal.invokers.MethodInvocationHelper.invokeMethodConsideringTimeout(MethodInvocationHelper.java:71)
at org.testng.internal.invokers.ConfigInvoker.invokeConfigurationMethod(ConfigInvoker.java:400)
at org.testng.internal.invokers.ConfigInvoker.invokeConfigurations(ConfigInvoker.java:333)
at org.testng.internal.invokers.TestMethodWorker.invokeBeforeClassMethods(TestMethodWorker.java:188)
at org.testng.internal.invokers.TestMethodWorker.run(TestMethodWorker.java:128)
at java.base/java.util.ArrayList.forEach(ArrayList.java:1596)
at org.testng.TestRunner.privateRun(TestRunner.java:739)
at org.testng.TestRunner.run(TestRunner.java:614)
at org.testng.SuiteRunner.runTest(SuiteRunner.java:421)
at org.testng.SuiteRunner$SuiteWorker.run(SuiteRunner.java:463)
at org.testng.internal.thread.ThreadUtil.lambda$execute$0(ThreadUtil.java:64)
at java.base/java.util.concurrent.FutureTask.run(FutureTask.java:317)
at java.base/java.util.concurrent.ThreadPoolExecutor.runWorker(ThreadPoolExecutor.java:1144)
at java.base/java.util.concurrent.ThreadPoolExecutor$Worker.run(ThreadPoolExecutor.java:642)
at java.base/java.lang.Thread.run(Thread.java:1583)
]]>
            </full-stacktrace>
          </exception> <!-- java.lang.Error -->
          <reporter-output>
          </reporter-output>
        </test-method> <!-- verifyResponsiveLayouts -->
        <test-method signature="verifyResponsiveLayouts(int,int,java.lang.String)[pri:0, instance:kerala_Tourism_Automation_Selenide_Java.ResponsiveUITest@4c5ae43b]" started-at="2025-10-23T21:27:33 IST" name="verifyResponsiveLayouts" data-provider="screenResolutions" finished-at="2025-10-23T21:27:33 IST" duration-ms="0" status="SKIP">
          <params>
            <param index="0">
              <value>
                <![CDATA[1024]]>
              </value>
            </param>
            <param index="1">
              <value>
                <![CDATA[768]]>
              </value>
            </param>
            <param index="2">
              <value>
                <![CDATA[Tablet]]>
              </value>
            </param>
          </params>
          <exception class="java.lang.Error">
            <message>
              <![CDATA[Unresolved compilation problem: 
The method enableLogs(LogType, Level) in the type AllureSelenide is not applicable for the arguments (boolean)
]]>
            </message>
            <full-stacktrace>
              <![CDATA[java.lang.Error: Unresolved compilation problem: 
The method enableLogs(LogType, Level) in the type AllureSelenide is not applicable for the arguments (boolean)

at kerala_Tourism_Automation_Selenide_Java.Base.setUp(Base.java:36)
at java.base/jdk.internal.reflect.DirectMethodHandleAccessor.invoke(DirectMethodHandleAccessor.java:103)
at java.base/java.lang.reflect.Method.invoke(Method.java:580)
at org.testng.internal.invokers.MethodInvocationHelper.invokeMethod(MethodInvocationHelper.java:141)
at org.testng.internal.invokers.MethodInvocationHelper.invokeMethodConsideringTimeout(MethodInvocationHelper.java:71)
at org.testng.internal.invokers.ConfigInvoker.invokeConfigurationMethod(ConfigInvoker.java:400)
at org.testng.internal.invokers.ConfigInvoker.invokeConfigurations(ConfigInvoker.java:333)
at org.testng.internal.invokers.TestMethodWorker.invokeBeforeClassMethods(TestMethodWorker.java:188)
at org.testng.internal.invokers.TestMethodWorker.run(TestMethodWorker.java:128)
at java.base/java.util.ArrayList.forEach(ArrayList.java:1596)
at org.testng.TestRunner.privateRun(TestRunner.java:739)
at org.testng.TestRunner.run(TestRunner.java:614)
at org.testng.SuiteRunner.runTest(SuiteRunner.java:421)
at org.testng.SuiteRunner$SuiteWorker.run(SuiteRunner.java:463)
at org.testng.internal.thread.ThreadUtil.lambda$execute$0(ThreadUtil.java:64)
at java.base/java.util.concurrent.FutureTask.run(FutureTask.java:317)
at java.base/java.util.concurrent.ThreadPoolExecutor.runWorker(ThreadPoolExecutor.java:1144)
at java.base/java.util.concurrent.ThreadPoolExecutor$Worker.run(ThreadPoolExecutor.java:642)
at java.base/java.lang.Thread.run(Thread.java:1583)
]]>
            </full-stacktrace>
          </exception> <!-- java.lang.Error -->
          <reporter-output>
          </reporter-output>
        </test-method> <!-- verifyResponsiveLayouts -->
        <test-method signature="verifyResponsiveLayouts(int,int,java.lang.String)[pri:0, instance:kerala_Tourism_Automation_Selenide_Java.ResponsiveUITest@4c5ae43b]" started-at="2025-10-23T21:27:33 IST" name="verifyResponsiveLayouts" data-provider="screenResolutions" finished-at="2025-10-23T21:27:33 IST" duration-ms="0" status="SKIP">
          <params>
            <param index="0">
              <value>
                <![CDATA[375]]>
              </value>
            </param>
            <param index="1">
              <value>
                <![CDATA[667]]>
              </value>
            </param>
            <param index="2">
              <value>
                <![CDATA[Mobile iPhone]]>
              </value>
            </param>
          </params>
          <exception class="java.lang.Error">
            <message>
              <![CDATA[Unresolved compilation problem: 
The method enableLogs(LogType, Level) in the type AllureSelenide is not applicable for the arguments (boolean)
]]>
            </message>
            <full-stacktrace>
              <![CDATA[java.lang.Error: Unresolved compilation problem: 
The method enableLogs(LogType, Level) in the type AllureSelenide is not applicable for the arguments (boolean)

at kerala_Tourism_Automation_Selenide_Java.Base.setUp(Base.java:36)
at java.base/jdk.internal.reflect.DirectMethodHandleAccessor.invoke(DirectMethodHandleAccessor.java:103)
at java.base/java.lang.reflect.Method.invoke(Method.java:580)
at org.testng.internal.invokers.MethodInvocationHelper.invokeMethod(MethodInvocationHelper.java:141)
at org.testng.internal.invokers.MethodInvocationHelper.invokeMethodConsideringTimeout(MethodInvocationHelper.java:71)
at org.testng.internal.invokers.ConfigInvoker.invokeConfigurationMethod(ConfigInvoker.java:400)
at org.testng.internal.invokers.ConfigInvoker.invokeConfigurations(ConfigInvoker.java:333)
at org.testng.internal.invokers.TestMethodWorker.invokeBeforeClassMethods(TestMethodWorker.java:188)
at org.testng.internal.invokers.TestMethodWorker.run(TestMethodWorker.java:128)
at java.base/java.util.ArrayList.forEach(ArrayList.java:1596)
at org.testng.TestRunner.privateRun(TestRunner.java:739)
at org.testng.TestRunner.run(TestRunner.java:614)
at org.testng.SuiteRunner.runTest(SuiteRunner.java:421)
at org.testng.SuiteRunner$SuiteWorker.run(SuiteRunner.java:463)
at org.testng.internal.thread.ThreadUtil.lambda$execute$0(ThreadUtil.java:64)
at java.base/java.util.concurrent.FutureTask.run(FutureTask.java:317)
at java.base/java.util.concurrent.ThreadPoolExecutor.runWorker(ThreadPoolExecutor.java:1144)
at java.base/java.util.concurrent.ThreadPoolExecutor$Worker.run(ThreadPoolExecutor.java:642)
at java.base/java.lang.Thread.run(Thread.java:1583)
]]>
            </full-stacktrace>
          </exception> <!-- java.lang.Error -->
          <reporter-output>
          </reporter-output>
        </test-method> <!-- verifyResponsiveLayouts -->
        <test-method signature="verifyResponsiveLayouts(int,int,java.lang.String)[pri:0, instance:kerala_Tourism_Automation_Selenide_Java.ResponsiveUITest@4c5ae43b]" started-at="2025-10-23T21:27:33 IST" name="verifyResponsiveLayouts" data-provider="screenResolutions" finished-at="2025-10-23T21:27:33 IST" duration-ms="0" status="SKIP">
          <params>
            <param index="0">
              <value>
                <![CDATA[360]]>
              </value>
            </param>
            <param index="1">
              <value>
                <![CDATA[800]]>
              </value>
            </param>
            <param index="2">
              <value>
                <![CDATA[Mobile Android]]>
              </value>
            </param>
          </params>
          <exception class="java.lang.Error">
            <message>
              <![CDATA[Unresolved compilation problem: 
The method enableLogs(LogType, Level) in the type AllureSelenide is not applicable for the arguments (boolean)
]]>
            </message>
            <full-stacktrace>
              <![CDATA[java.lang.Error: Unresolved compilation problem: 
The method enableLogs(LogType, Level) in the type AllureSelenide is not applicable for the arguments (boolean)

at kerala_Tourism_Automation_Selenide_Java.Base.setUp(Base.java:36)
at java.base/jdk.internal.reflect.DirectMethodHandleAccessor.invoke(DirectMethodHandleAccessor.java:103)
at java.base/java.lang.reflect.Method.invoke(Method.java:580)
at org.testng.internal.invokers.MethodInvocationHelper.invokeMethod(MethodInvocationHelper.java:141)
at org.testng.internal.invokers.MethodInvocationHelper.invokeMethodConsideringTimeout(MethodInvocationHelper.java:71)
at org.testng.internal.invokers.ConfigInvoker.invokeConfigurationMethod(ConfigInvoker.java:400)
at org.testng.internal.invokers.ConfigInvoker.invokeConfigurations(ConfigInvoker.java:333)
at org.testng.internal.invokers.TestMethodWorker.invokeBeforeClassMethods(TestMethodWorker.java:188)
at org.testng.internal.invokers.TestMethodWorker.run(TestMethodWorker.java:128)
at java.base/java.util.ArrayList.forEach(ArrayList.java:1596)
at org.testng.TestRunner.privateRun(TestRunner.java:739)
at org.testng.TestRunner.run(TestRunner.java:614)
at org.testng.SuiteRunner.runTest(SuiteRunner.java:421)
at org.testng.SuiteRunner$SuiteWorker.run(SuiteRunner.java:463)
at org.testng.internal.thread.ThreadUtil.lambda$execute$0(ThreadUtil.java:64)
at java.base/java.util.concurrent.FutureTask.run(FutureTask.java:317)
at java.base/java.util.concurrent.ThreadPoolExecutor.runWorker(ThreadPoolExecutor.java:1144)
at java.base/java.util.concurrent.ThreadPoolExecutor$Worker.run(ThreadPoolExecutor.java:642)
at java.base/java.lang.Thread.run(Thread.java:1583)
]]>
            </full-stacktrace>
          </exception> <!-- java.lang.Error -->
          <reporter-output>
          </reporter-output>
        </test-method> <!-- verifyResponsiveLayouts -->
        <test-method is-config="true" signature="tearDown()[pri:0, instance:kerala_Tourism_Automation_Selenide_Java.ResponsiveUITest@4c5ae43b]" started-at="2025-10-23T21:27:33 IST" name="tearDown" finished-at="2025-10-23T21:27:33 IST" duration-ms="0" status="PASS">
          <reporter-output>
          </reporter-output>
        </test-method> <!-- tearDown -->
      </class> <!-- kerala_Tourism_Automation_Selenide_Java.ResponsiveUITest -->
      <class name="kerala_Tourism_Automation_Selenide_Java.PerformanceTestUsingPageLoadTime">
        <test-method is-config="true" signature="setUp(java.lang.String)[pri:0, instance:kerala_Tourism_Automation_Selenide_Java.PerformanceTestUsingPageLoadTime@33f676f6]" started-at="2025-10-23T21:27:33 IST" name="setUp" finished-at="2025-10-23T21:27:33 IST" duration-ms="1" status="FAIL">
          <params>
            <param index="0">
              <value>
                <![CDATA[edge]]>
              </value>
            </param>
          </params>
          <exception class="java.lang.Error">
            <message>
              <![CDATA[Unresolved compilation problem: 
The method enableLogs(LogType, Level) in the type AllureSelenide is not applicable for the arguments (boolean)
]]>
            </message>
            <full-stacktrace>
              <![CDATA[java.lang.Error: Unresolved compilation problem: 
The method enableLogs(LogType, Level) in the type AllureSelenide is not applicable for the arguments (boolean)

at kerala_Tourism_Automation_Selenide_Java.Base.setUp(Base.java:36)
at java.base/jdk.internal.reflect.DirectMethodHandleAccessor.invoke(DirectMethodHandleAccessor.java:103)
at java.base/java.lang.reflect.Method.invoke(Method.java:580)
at org.testng.internal.invokers.MethodInvocationHelper.invokeMethod(MethodInvocationHelper.java:141)
at org.testng.internal.invokers.MethodInvocationHelper.invokeMethodConsideringTimeout(MethodInvocationHelper.java:71)
at org.testng.internal.invokers.ConfigInvoker.invokeConfigurationMethod(ConfigInvoker.java:400)
at org.testng.internal.invokers.ConfigInvoker.invokeConfigurations(ConfigInvoker.java:333)
at org.testng.internal.invokers.TestMethodWorker.invokeBeforeClassMethods(TestMethodWorker.java:188)
at org.testng.internal.invokers.TestMethodWorker.run(TestMethodWorker.java:128)
at java.base/java.util.ArrayList.forEach(ArrayList.java:1596)
at org.testng.TestRunner.privateRun(TestRunner.java:739)
at org.testng.TestRunner.run(TestRunner.java:614)
at org.testng.SuiteRunner.runTest(SuiteRunner.java:421)
at org.testng.SuiteRunner$SuiteWorker.run(SuiteRunner.java:463)
at org.testng.internal.thread.ThreadUtil.lambda$execute$0(ThreadUtil.java:64)
at java.base/java.util.concurrent.FutureTask.run(FutureTask.java:317)
at java.base/java.util.concurrent.ThreadPoolExecutor.runWorker(ThreadPoolExecutor.java:1144)
at java.base/java.util.concurrent.ThreadPoolExecutor$Worker.run(ThreadPoolExecutor.java:642)
at java.base/java.lang.Thread.run(Thread.java:1583)
]]>
            </full-stacktrace>
          </exception> <!-- java.lang.Error -->
          <reporter-output>
          </reporter-output>
        </test-method> <!-- setUp -->
        <test-method signature="measurePageLoadTime()[pri:0, instance:kerala_Tourism_Automation_Selenide_Java.PerformanceTestUsingPageLoadTime@33f676f6]" started-at="2025-10-23T21:27:33 IST" name="measurePageLoadTime" description="Measure page load time for multiple pages" finished-at="2025-10-23T21:27:33 IST" duration-ms="1" status="SKIP">
          <exception class="java.lang.Error">
            <message>
              <![CDATA[Unresolved compilation problem: 
The method enableLogs(LogType, Level) in the type AllureSelenide is not applicable for the arguments (boolean)
]]>
            </message>
            <full-stacktrace>
              <![CDATA[java.lang.Error: Unresolved compilation problem: 
The method enableLogs(LogType, Level) in the type AllureSelenide is not applicable for the arguments (boolean)

at kerala_Tourism_Automation_Selenide_Java.Base.setUp(Base.java:36)
at java.base/jdk.internal.reflect.DirectMethodHandleAccessor.invoke(DirectMethodHandleAccessor.java:103)
at java.base/java.lang.reflect.Method.invoke(Method.java:580)
at org.testng.internal.invokers.MethodInvocationHelper.invokeMethod(MethodInvocationHelper.java:141)
at org.testng.internal.invokers.MethodInvocationHelper.invokeMethodConsideringTimeout(MethodInvocationHelper.java:71)
at org.testng.internal.invokers.ConfigInvoker.invokeConfigurationMethod(ConfigInvoker.java:400)
at org.testng.internal.invokers.ConfigInvoker.invokeConfigurations(ConfigInvoker.java:333)
at org.testng.internal.invokers.TestMethodWorker.invokeBeforeClassMethods(TestMethodWorker.java:188)
at org.testng.internal.invokers.TestMethodWorker.run(TestMethodWorker.java:128)
at java.base/java.util.ArrayList.forEach(ArrayList.java:1596)
at org.testng.TestRunner.privateRun(TestRunner.java:739)
at org.testng.TestRunner.run(TestRunner.java:614)
at org.testng.SuiteRunner.runTest(SuiteRunner.java:421)
at org.testng.SuiteRunner$SuiteWorker.run(SuiteRunner.java:463)
at org.testng.internal.thread.ThreadUtil.lambda$execute$0(ThreadUtil.java:64)
at java.base/java.util.concurrent.FutureTask.run(FutureTask.java:317)
at java.base/java.util.concurrent.ThreadPoolExecutor.runWorker(ThreadPoolExecutor.java:1144)
at java.base/java.util.concurrent.ThreadPoolExecutor$Worker.run(ThreadPoolExecutor.java:642)
at java.base/java.lang.Thread.run(Thread.java:1583)
]]>
            </full-stacktrace>
          </exception> <!-- java.lang.Error -->
          <reporter-output>
          </reporter-output>
        </test-method> <!-- measurePageLoadTime -->
        <test-method is-config="true" signature="tearDown()[pri:0, instance:kerala_Tourism_Automation_Selenide_Java.PerformanceTestUsingPageLoadTime@33f676f6]" started-at="2025-10-23T21:27:33 IST" name="tearDown" finished-at="2025-10-23T21:27:33 IST" duration-ms="0" status="PASS">
          <reporter-output>
          </reporter-output>
        </test-method> <!-- tearDown -->
      </class> <!-- kerala_Tourism_Automation_Selenide_Java.PerformanceTestUsingPageLoadTime -->
    </test> <!-- E2E and FormValidation Tests Edge Test -->
  </suite> <!-- KeralaTourismAutomation -->
</testng-results>
