<?xml version="1.0" encoding="UTF-8"?>
<!-- Generated by org.testng.reporters.JUnitReportReporter -->
<testsuite hostname="LAPTOP-O877SD89" failures="0" tests="15" name="kerala_Tourism_Automation_Selenide_Java.E2EUserJourney" time="0.002" errors="3" timestamp="2025-10-23T21:27:34 IST" skipped="12">
  <testcase classname="kerala_Tourism_Automation_Selenide_Java.E2EUserJourney" name="setUp" time="0.000">
    <error message="Unresolved compilation problem: 
	The method enableLogs(LogType, Level) in the type AllureSelenide is not applicable for the arguments (boolean)
" type="java.lang.Error">
      <![CDATA[java.lang.Error: Unresolved compilation problem: 
The method enableLogs(LogType, Level) in the type AllureSelenide is not applicable for the arguments (boolean)

at kerala_Tourism_Automation_Selenide_Java.Base.setUp(Base.java:36)
at java.base/jdk.internal.reflect.DirectMethodHandleAccessor.invoke(DirectMethodHandleAccessor.java:103)
at java.base/java.lang.reflect.Method.invoke(Method.java:580)
at org.testng.internal.invokers.MethodInvocationHelper.invokeMethod(MethodInvocationHelper.java:141)
at org.testng.internal.invokers.MethodInvocationHelper.invokeMethodConsideringTimeout(MethodInvocationHelper.java:71)
at org.testng.internal.invokers.ConfigInvoker.invokeConfigurationMethod(ConfigInvoker.java:400)
at org.testng.internal.invokers.ConfigInvoker.invokeConfigurations(ConfigInvoker.java:333)
at org.testng.internal.invokers.TestMethodWorker.invokeBeforeClassMethods(TestMethodWorker.java:188)
at org.testng.internal.invokers.TestMethodWorker.run(TestMethodWorker.java:128)
at java.base/java.util.ArrayList.forEach(ArrayList.java:1596)
at org.testng.TestRunner.privateRun(TestRunner.java:739)
at org.testng.TestRunner.run(TestRunner.java:614)
at org.testng.SuiteRunner.runTest(SuiteRunner.java:421)
at org.testng.SuiteRunner$SuiteWorker.run(SuiteRunner.java:463)
at org.testng.internal.thread.ThreadUtil.lambda$execute$0(ThreadUtil.java:64)
at java.base/java.util.concurrent.FutureTask.run(FutureTask.java:317)
at java.base/java.util.concurrent.ThreadPoolExecutor.runWorker(ThreadPoolExecutor.java:1144)
at java.base/java.util.concurrent.ThreadPoolExecutor$Worker.run(ThreadPoolExecutor.java:642)
at java.base/java.lang.Thread.run(Thread.java:1583)
]]>
    </error>
  </testcase> <!-- setUp -->
  <testcase classname="kerala_Tourism_Automation_Selenide_Java.E2EUserJourney" name="setUp" time="0.001">
    <error message="Unresolved compilation problem: 
	The method enableLogs(LogType, Level) in the type AllureSelenide is not applicable for the arguments (boolean)
" type="java.lang.Error">
      <![CDATA[java.lang.Error: Unresolved compilation problem: 
The method enableLogs(LogType, Level) in the type AllureSelenide is not applicable for the arguments (boolean)

at kerala_Tourism_Automation_Selenide_Java.Base.setUp(Base.java:36)
at java.base/jdk.internal.reflect.DirectMethodHandleAccessor.invoke(DirectMethodHandleAccessor.java:103)
at java.base/java.lang.reflect.Method.invoke(Method.java:580)
at org.testng.internal.invokers.MethodInvocationHelper.invokeMethod(MethodInvocationHelper.java:141)
at org.testng.internal.invokers.MethodInvocationHelper.invokeMethodConsideringTimeout(MethodInvocationHelper.java:71)
at org.testng.internal.invokers.ConfigInvoker.invokeConfigurationMethod(ConfigInvoker.java:400)
at org.testng.internal.invokers.ConfigInvoker.invokeConfigurations(ConfigInvoker.java:333)
at org.testng.internal.invokers.TestMethodWorker.invokeBeforeClassMethods(TestMethodWorker.java:188)
at org.testng.internal.invokers.TestMethodWorker.run(TestMethodWorker.java:128)
at java.base/java.util.ArrayList.forEach(ArrayList.java:1596)
at org.testng.TestRunner.privateRun(TestRunner.java:739)
at org.testng.TestRunner.run(TestRunner.java:614)
at org.testng.SuiteRunner.runTest(SuiteRunner.java:421)
at org.testng.SuiteRunner$SuiteWorker.run(SuiteRunner.java:463)
at org.testng.internal.thread.ThreadUtil.lambda$execute$0(ThreadUtil.java:64)
at java.base/java.util.concurrent.FutureTask.run(FutureTask.java:317)
at java.base/java.util.concurrent.ThreadPoolExecutor.runWorker(ThreadPoolExecutor.java:1144)
at java.base/java.util.concurrent.ThreadPoolExecutor$Worker.run(ThreadPoolExecutor.java:642)
at java.base/java.lang.Thread.run(Thread.java:1583)
]]>
    </error>
  </testcase> <!-- setUp -->
  <testcase classname="kerala_Tourism_Automation_Selenide_Java.E2EUserJourney" name="setUp" time="0.000">
    <error message="Unresolved compilation problem: 
	The method enableLogs(LogType, Level) in the type AllureSelenide is not applicable for the arguments (boolean)
" type="java.lang.Error">
      <![CDATA[java.lang.Error: Unresolved compilation problem: 
The method enableLogs(LogType, Level) in the type AllureSelenide is not applicable for the arguments (boolean)

at kerala_Tourism_Automation_Selenide_Java.Base.setUp(Base.java:36)
at java.base/jdk.internal.reflect.DirectMethodHandleAccessor.invoke(DirectMethodHandleAccessor.java:103)
at java.base/java.lang.reflect.Method.invoke(Method.java:580)
at org.testng.internal.invokers.MethodInvocationHelper.invokeMethod(MethodInvocationHelper.java:141)
at org.testng.internal.invokers.MethodInvocationHelper.invokeMethodConsideringTimeout(MethodInvocationHelper.java:71)
at org.testng.internal.invokers.ConfigInvoker.invokeConfigurationMethod(ConfigInvoker.java:400)
at org.testng.internal.invokers.ConfigInvoker.invokeConfigurations(ConfigInvoker.java:333)
at org.testng.internal.invokers.TestMethodWorker.invokeBeforeClassMethods(TestMethodWorker.java:188)
at org.testng.internal.invokers.TestMethodWorker.run(TestMethodWorker.java:128)
at java.base/java.util.ArrayList.forEach(ArrayList.java:1596)
at org.testng.TestRunner.privateRun(TestRunner.java:739)
at org.testng.TestRunner.run(TestRunner.java:614)
at org.testng.SuiteRunner.runTest(SuiteRunner.java:421)
at org.testng.SuiteRunner$SuiteWorker.run(SuiteRunner.java:463)
at org.testng.internal.thread.ThreadUtil.lambda$execute$0(ThreadUtil.java:64)
at java.base/java.util.concurrent.FutureTask.run(FutureTask.java:317)
at java.base/java.util.concurrent.ThreadPoolExecutor.runWorker(ThreadPoolExecutor.java:1144)
at java.base/java.util.concurrent.ThreadPoolExecutor$Worker.run(ThreadPoolExecutor.java:642)
at java.base/java.lang.Thread.run(Thread.java:1583)
]]>
    </error>
  </testcase> <!-- setUp -->
  <testcase classname="kerala_Tourism_Automation_Selenide_Java.E2EUserJourney" name="verifyHomePage" time="0.000">
    <skipped/>
  </testcase> <!-- verifyHomePage -->
  <testcase classname="kerala_Tourism_Automation_Selenide_Java.E2EUserJourney" name="verifyHomePage" time="0.000">
    <skipped/>
  </testcase> <!-- verifyHomePage -->
  <testcase classname="kerala_Tourism_Automation_Selenide_Java.E2EUserJourney" name="verifyHomePage" time="0.000">
    <skipped/>
  </testcase> <!-- verifyHomePage -->
  <testcase classname="kerala_Tourism_Automation_Selenide_Java.E2EUserJourney" name="performSignUp" time="0.000">
    <skipped/>
  </testcase> <!-- performSignUp -->
  <testcase classname="kerala_Tourism_Automation_Selenide_Java.E2EUserJourney" name="performSignUp" time="0.000">
    <skipped/>
  </testcase> <!-- performSignUp -->
  <testcase classname="kerala_Tourism_Automation_Selenide_Java.E2EUserJourney" name="performSignUp" time="0.000">
    <skipped/>
  </testcase> <!-- performSignUp -->
  <testcase classname="kerala_Tourism_Automation_Selenide_Java.E2EUserJourney" name="performLogin" time="0.000">
    <skipped/>
  </testcase> <!-- performLogin -->
  <testcase classname="kerala_Tourism_Automation_Selenide_Java.E2EUserJourney" name="performLogin" time="0.000">
    <skipped/>
  </testcase> <!-- performLogin -->
  <testcase classname="kerala_Tourism_Automation_Selenide_Java.E2EUserJourney" name="performLogin" time="0.000">
    <skipped/>
  </testcase> <!-- performLogin -->
  <testcase classname="kerala_Tourism_Automation_Selenide_Java.E2EUserJourney" name="exploreDistricts" time="0.000">
    <skipped/>
  </testcase> <!-- exploreDistricts -->
  <testcase classname="kerala_Tourism_Automation_Selenide_Java.E2EUserJourney" name="exploreDistricts" time="0.000">
    <skipped/>
  </testcase> <!-- exploreDistricts -->
  <testcase classname="kerala_Tourism_Automation_Selenide_Java.E2EUserJourney" name="exploreDistricts" time="0.001">
    <skipped/>
  </testcase> <!-- exploreDistricts -->
</testsuite> <!-- kerala_Tourism_Automation_Selenide_Java.E2EUserJourney -->
